This file contains any messages produced by compilers while
running configure, to aid debugging if configure makes a mistake.

It was created by Polar Core configure 1.0.0, which was
generated by GNU Autoconf 2.69.  Invocation command line was

  $ ./configure --disable-tests --disable-bench --with-unsupported-ssl

## --------- ##
## Platform. ##
## --------- ##

hostname = bld
uname -m = x86_64
uname -r = 4.15.0-135-generic
uname -s = Linux
uname -v = #139-Ubuntu SMP Mon Jan 18 17:38:24 UTC 2021

/usr/bin/uname -p = unknown
/bin/uname -X     = unknown

/bin/arch              = unknown
/usr/bin/arch -k       = unknown
/usr/convex/getsysinfo = unknown
/usr/bin/hostinfo      = unknown
/bin/machine           = unknown
/usr/bin/oslevel       = unknown
/bin/universe          = unknown

PATH: /usr/bin
PATH: /bin


## ----------- ##
## Core tests. ##
## ----------- ##

configure:3052: loading site script /home/administrator/walletbuilders/build_environment/pivx/3.3.0/depends/x86_64-w64-linux/share/config.site
| depends_prefix="`dirname ${ac_site_file}`/.."
| 
| cross_compiling=maybe
| host_alias=x86_64-w64-linux
| ac_tool_prefix=${host_alias}-
| 
| if test -z $with_boost; then
|   with_boost=$depends_prefix
| fi
| if test -z $with_qt_plugindir; then
|   with_qt_plugindir=$depends_prefix/plugins
| fi
| if test -z $with_qt_translationdir; then
|   with_qt_translationdir=$depends_prefix/translations
| fi
| if test -z $with_qt_bindir && test -z ""; then
|   with_qt_bindir=$depends_prefix/native/bin
| fi
| if test -z $with_protoc_bindir && test -z ""; then
|   with_protoc_bindir=$depends_prefix/native/bin
| fi
| 
| 
| if test -z $enable_wallet && test -n ""; then
|   enable_wallet=no
| fi
| 
| if test -z $with_miniupnpc && test -n ""; then
|   with_miniupnpc=no
| fi
| 
| if test -z $with_gui && test -n ""; then
|   with_gui=no
| fi
| 
| if test -z $enable_zmq && test -n ""; then
|   enable_zmq=no
| fi
| 
| if test xlinux = xdarwin; then
|   BREW=no
|   PORT=no
| fi
| 
| if test xlinux = xmingw32; then
|   if test -z $with_qt_incdir; then
|     with_qt_incdir=$depends_prefix/include
|   fi
|   if test -z $with_qt_libdir; then
|     with_qt_libdir=$depends_prefix/lib
|   fi
| fi
| 
| PATH=$depends_prefix/native/bin:$PATH
| PKG_CONFIG="`which pkg-config` --static"
| 
| # These two need to remain exported because pkg-config does not see them
| # otherwise. That means they must be unexported at the end of configure.ac to
| # avoid ruining the cache. Sigh.
| export PKG_CONFIG_PATH=$depends_prefix/share/pkgconfig:$depends_prefix/lib/pkgconfig
| if test -z ""; then
|   export PKGCONFIG_LIBDIR=
| fi
| 
| CPPFLAGS="-I$depends_prefix/include/ $CPPFLAGS"
| LDFLAGS="-L$depends_prefix/lib $LDFLAGS"
| 
| if test -n "gcc -m64" -a -z "${CC}"; then
|   CC="gcc -m64"
| fi
| if test -n "g++ -m64" -a -z "${CXX}"; then
|   CXX="g++ -m64"
| fi
| PYTHONPATH=$depends_prefix/native/lib/python3/dist-packages:$PYTHONPATH
| 
| if test -n "ar"; then
|   AR=ar
|   ac_cv_path_ac_pt_AR=${AR}
| fi
| 
| if test -n "ranlib"; then
|   RANLIB=ranlib
|   ac_cv_path_ac_pt_RANLIB=${RANLIB}
| fi
| 
| if test -n "nm"; then
|   NM=nm
|   ac_cv_path_ac_pt_NM=${NM}
| fi
| 
| if test -n ""; then
|   enable_reduce_exports=no
| fi
| 
| if test -n "-pipe -O2"; then
|   CFLAGS="-pipe -O2 $CFLAGS"
| fi
| if test -n "-pipe -O2"; then
|   CXXFLAGS="-pipe -O2 $CXXFLAGS"
| fi
| if test -n ""; then
|   CPPFLAGS=" $CPPFLAGS"
| fi
| if test -n ""; then
|   LDFLAGS=" $LDFLAGS"
| fi
configure:3196: checking build system type
configure:3210: result: x86_64-pc-linux-gnu
configure:3230: checking host system type
configure:3243: result: x86_64-w64-linux-gnu
configure:3286: checking for a BSD-compatible install
configure:3354: result: /usr/bin/install -c
configure:3365: checking whether build environment is sane
configure:3420: result: yes
configure:3479: checking for x86_64-w64-linux-strip
configure:3509: result: no
configure:3519: checking for strip
configure:3535: found /usr/bin/strip
configure:3546: result: strip
configure:3571: checking for a thread-safe mkdir -p
configure:3610: result: /bin/mkdir -p
configure:3617: checking for gawk
configure:3633: found /usr/bin/gawk
configure:3644: result: gawk
configure:3655: checking whether make sets $(MAKE)
configure:3677: result: yes
configure:3706: checking whether make supports nested variables
configure:3723: result: yes
configure:3842: checking whether to enable maintainer-specific portions of Makefiles
configure:3851: result: yes
configure:3876: checking whether make supports nested variables
configure:3893: result: yes
configure:4022: checking for C++ compiler version
configure:4031: g++ -m64 --version >&5
g++ (Ubuntu 7.5.0-3ubuntu1~18.04) 7.5.0
Copyright (C) 2017 Free Software Foundation, Inc.
This is free software; see the source for copying conditions.  There is NO
warranty; not even for MERCHANTABILITY or FITNESS FOR A PARTICULAR PURPOSE.

configure:4042: $? = 0
configure:4031: g++ -m64 -v >&5
Using built-in specs.
COLLECT_GCC=g++
COLLECT_LTO_WRAPPER=/usr/lib/gcc/x86_64-linux-gnu/7/lto-wrapper
OFFLOAD_TARGET_NAMES=nvptx-none
OFFLOAD_TARGET_DEFAULT=1
Target: x86_64-linux-gnu
Configured with: ../src/configure -v --with-pkgversion='Ubuntu 7.5.0-3ubuntu1~18.04' --with-bugurl=file:///usr/share/doc/gcc-7/README.Bugs --enable-languages=c,ada,c++,go,brig,d,fortran,objc,obj-c++ --prefix=/usr --with-gcc-major-version-only --program-suffix=-7 --program-prefix=x86_64-linux-gnu- --enable-shared --enable-linker-build-id --libexecdir=/usr/lib --without-included-gettext --enable-threads=posix --libdir=/usr/lib --enable-nls --enable-bootstrap --enable-clocale=gnu --enable-libstdcxx-debug --enable-libstdcxx-time=yes --with-default-libstdcxx-abi=new --enable-gnu-unique-object --disable-vtable-verify --enable-libmpx --enable-plugin --enable-default-pie --with-system-zlib --with-target-system-zlib --enable-objc-gc=auto --enable-multiarch --disable-werror --with-arch-32=i686 --with-abi=m64 --with-multilib-list=m32,m64,mx32 --enable-multilib --with-tune=generic --enable-offload-targets=nvptx-none --without-cuda-driver --enable-checking=release --build=x86_64-linux-gnu --host=x86_64-linux-gnu --target=x86_64-linux-gnu
Thread model: posix
gcc version 7.5.0 (Ubuntu 7.5.0-3ubuntu1~18.04) 
configure:4042: $? = 0
configure:4031: g++ -m64 -V >&5
g++: error: unrecognized command line option '-V'
g++: fatal error: no input files
compilation terminated.
configure:4042: $? = 1
configure:4031: g++ -m64 -qversion >&5
g++: error: unrecognized command line option '-qversion'; did you mean '--version'?
g++: fatal error: no input files
compilation terminated.
configure:4042: $? = 1
configure:4062: checking whether the C++ compiler works
configure:4084: g++ -m64 -pipe -O2  -I/home/administrator/walletbuilders/build_environment/pivx/3.3.0/depends/x86_64-w64-linux/share/../include/  -L/home/administrator/walletbuilders/build_environment/pivx/3.3.0/depends/x86_64-w64-linux/share/../lib  conftest.cpp  >&5
configure:4088: $? = 0
configure:4136: result: yes
configure:4139: checking for C++ compiler default output file name
configure:4141: result: a.out
configure:4147: checking for suffix of executables
configure:4154: g++ -m64 -o conftest -pipe -O2  -I/home/administrator/walletbuilders/build_environment/pivx/3.3.0/depends/x86_64-w64-linux/share/../include/  -L/home/administrator/walletbuilders/build_environment/pivx/3.3.0/depends/x86_64-w64-linux/share/../lib  conftest.cpp  >&5
configure:4158: $? = 0
configure:4180: result: 
configure:4202: checking whether we are cross compiling
configure:4210: g++ -m64 -o conftest -pipe -O2  -I/home/administrator/walletbuilders/build_environment/pivx/3.3.0/depends/x86_64-w64-linux/share/../include/  -L/home/administrator/walletbuilders/build_environment/pivx/3.3.0/depends/x86_64-w64-linux/share/../lib  conftest.cpp  >&5
configure:4214: $? = 0
configure:4221: ./conftest
configure:4225: $? = 0
configure:4240: result: no
configure:4245: checking for suffix of object files
configure:4267: g++ -m64 -c -pipe -O2  -I/home/administrator/walletbuilders/build_environment/pivx/3.3.0/depends/x86_64-w64-linux/share/../include/  conftest.cpp >&5
configure:4271: $? = 0
configure:4292: result: o
configure:4296: checking whether we are using the GNU C++ compiler
configure:4315: g++ -m64 -c -pipe -O2  -I/home/administrator/walletbuilders/build_environment/pivx/3.3.0/depends/x86_64-w64-linux/share/../include/  conftest.cpp >&5
configure:4315: $? = 0
configure:4324: result: yes
configure:4333: checking whether g++ -m64 accepts -g
configure:4353: g++ -m64 -c -g -I/home/administrator/walletbuilders/build_environment/pivx/3.3.0/depends/x86_64-w64-linux/share/../include/  conftest.cpp >&5
configure:4353: $? = 0
configure:4394: result: yes
configure:4428: checking for style of include used by make
configure:4456: result: GNU
configure:4482: checking dependency style of g++ -m64
configure:4593: result: gcc3
configure:4631: checking whether g++ -m64 supports C++11 features with -std=c++11
configure:4927: g++ -m64 -std=c++11 -c -pipe -O2  -I/home/administrator/walletbuilders/build_environment/pivx/3.3.0/depends/x86_64-w64-linux/share/../include/  conftest.cpp >&5
configure:4927: $? = 0
configure:4936: result: yes
configure:4980: checking whether std::atomic can be used without link library
configure:4998: g++ -m64 -std=c++11 -o conftest -pipe -O2  -I/home/administrator/walletbuilders/build_environment/pivx/3.3.0/depends/x86_64-w64-linux/share/../include/  -L/home/administrator/walletbuilders/build_environment/pivx/3.3.0/depends/x86_64-w64-linux/share/../lib  conftest.cpp  >&5
configure:4998: $? = 0
configure:5000: result: yes
configure:5069: checking for x86_64-w64-linux-g++
configure:5096: result: g++ -m64 -std=c++11
configure:5165: checking for Objective C++ compiler version
configure:5174: g++ -m64 -std=c++11 --version >&5
g++ (Ubuntu 7.5.0-3ubuntu1~18.04) 7.5.0
Copyright (C) 2017 Free Software Foundation, Inc.
This is free software; see the source for copying conditions.  There is NO
warranty; not even for MERCHANTABILITY or FITNESS FOR A PARTICULAR PURPOSE.

configure:5185: $? = 0
configure:5174: g++ -m64 -std=c++11 -v >&5
Using built-in specs.
COLLECT_GCC=g++
COLLECT_LTO_WRAPPER=/usr/lib/gcc/x86_64-linux-gnu/7/lto-wrapper
OFFLOAD_TARGET_NAMES=nvptx-none
OFFLOAD_TARGET_DEFAULT=1
Target: x86_64-linux-gnu
Configured with: ../src/configure -v --with-pkgversion='Ubuntu 7.5.0-3ubuntu1~18.04' --with-bugurl=file:///usr/share/doc/gcc-7/README.Bugs --enable-languages=c,ada,c++,go,brig,d,fortran,objc,obj-c++ --prefix=/usr --with-gcc-major-version-only --program-suffix=-7 --program-prefix=x86_64-linux-gnu- --enable-shared --enable-linker-build-id --libexecdir=/usr/lib --without-included-gettext --enable-threads=posix --libdir=/usr/lib --enable-nls --enable-bootstrap --enable-clocale=gnu --enable-libstdcxx-debug --enable-libstdcxx-time=yes --with-default-libstdcxx-abi=new --enable-gnu-unique-object --disable-vtable-verify --enable-libmpx --enable-plugin --enable-default-pie --with-system-zlib --with-target-system-zlib --enable-objc-gc=auto --enable-multiarch --disable-werror --with-arch-32=i686 --with-abi=m64 --with-multilib-list=m32,m64,mx32 --enable-multilib --with-tune=generic --enable-offload-targets=nvptx-none --without-cuda-driver --enable-checking=release --build=x86_64-linux-gnu --host=x86_64-linux-gnu --target=x86_64-linux-gnu
Thread model: posix
gcc version 7.5.0 (Ubuntu 7.5.0-3ubuntu1~18.04) 
configure:5185: $? = 0
configure:5174: g++ -m64 -std=c++11 -V >&5
g++: error: unrecognized command line option '-V'
g++: fatal error: no input files
compilation terminated.
configure:5185: $? = 1
configure:5174: g++ -m64 -std=c++11 -qversion >&5
g++: error: unrecognized command line option '-qversion'; did you mean '--version'?
g++: fatal error: no input files
compilation terminated.
configure:5185: $? = 1
configure:5189: checking whether we are using the GNU Objective C++ compiler
configure:5208: g++ -m64 -std=c++11 -c  -I/home/administrator/walletbuilders/build_environment/pivx/3.3.0/depends/x86_64-w64-linux/share/../include/  conftest.mm >&5
g++: error trying to exec 'cc1objplus': execvp: No such file or directory
configure:5208: $? = 1
configure: failed program was:
| /* confdefs.h */
| #define PACKAGE_NAME "Polar Core"
| #define PACKAGE_TARNAME "polar"
| #define PACKAGE_VERSION "1.0.0"
| #define PACKAGE_STRING "Polar Core 1.0.0"
| #define PACKAGE_BUGREPORT "www.polar.org"
| #define PACKAGE_URL ""
| #define HAVE_CXX11 1
| /* end confdefs.h.  */
| 
| int
| main ()
| {
| #ifndef __GNUC__
|        choke me
| #endif
| 
|   ;
|   return 0;
| }
configure:5217: result: no
configure:5226: checking whether g++ -m64 -std=c++11 accepts -g
configure:5246: g++ -m64 -std=c++11 -c -g -I/home/administrator/walletbuilders/build_environment/pivx/3.3.0/depends/x86_64-w64-linux/share/../include/  conftest.mm >&5
g++: error trying to exec 'cc1objplus': execvp: No such file or directory
configure:5246: $? = 1
configure: failed program was:
| /* confdefs.h */
| #define PACKAGE_NAME "Polar Core"
| #define PACKAGE_TARNAME "polar"
| #define PACKAGE_VERSION "1.0.0"
| #define PACKAGE_STRING "Polar Core 1.0.0"
| #define PACKAGE_BUGREPORT "www.polar.org"
| #define PACKAGE_URL ""
| #define HAVE_CXX11 1
| /* end confdefs.h.  */
| 
| int
| main ()
| {
| 
|   ;
|   return 0;
| }
configure:5261: g++ -m64 -std=c++11 -c  -I/home/administrator/walletbuilders/build_environment/pivx/3.3.0/depends/x86_64-w64-linux/share/../include/  conftest.mm >&5
g++: error trying to exec 'cc1objplus': execvp: No such file or directory
configure:5261: $? = 1
configure: failed program was:
| /* confdefs.h */
| #define PACKAGE_NAME "Polar Core"
| #define PACKAGE_TARNAME "polar"
| #define PACKAGE_VERSION "1.0.0"
| #define PACKAGE_STRING "Polar Core 1.0.0"
| #define PACKAGE_BUGREPORT "www.polar.org"
| #define PACKAGE_URL ""
| #define HAVE_CXX11 1
| /* end confdefs.h.  */
| 
| int
| main ()
| {
| 
|   ;
|   return 0;
| }
configure:5277: g++ -m64 -std=c++11 -c -g -I/home/administrator/walletbuilders/build_environment/pivx/3.3.0/depends/x86_64-w64-linux/share/../include/  conftest.mm >&5
g++: error trying to exec 'cc1objplus': execvp: No such file or directory
configure:5277: $? = 1
configure: failed program was:
| /* confdefs.h */
| #define PACKAGE_NAME "Polar Core"
| #define PACKAGE_TARNAME "polar"
| #define PACKAGE_VERSION "1.0.0"
| #define PACKAGE_STRING "Polar Core 1.0.0"
| #define PACKAGE_BUGREPORT "www.polar.org"
| #define PACKAGE_URL ""
| #define HAVE_CXX11 1
| /* end confdefs.h.  */
| 
| int
| main ()
| {
| 
|   ;
|   return 0;
| }
configure:5287: result: no
configure:5312: checking dependency style of g++ -m64 -std=c++11
configure:5421: result: gcc3
configure:5484: checking how to print strings
configure:5511: result: printf
configure:5540: checking for x86_64-w64-linux-gcc
configure:5567: result: gcc -m64
configure:5836: checking for C compiler version
configure:5845: gcc -m64 --version >&5
gcc (Ubuntu 7.5.0-3ubuntu1~18.04) 7.5.0
Copyright (C) 2017 Free Software Foundation, Inc.
This is free software; see the source for copying conditions.  There is NO
warranty; not even for MERCHANTABILITY or FITNESS FOR A PARTICULAR PURPOSE.

configure:5856: $? = 0
configure:5845: gcc -m64 -v >&5
Using built-in specs.
COLLECT_GCC=gcc
COLLECT_LTO_WRAPPER=/usr/lib/gcc/x86_64-linux-gnu/7/lto-wrapper
OFFLOAD_TARGET_NAMES=nvptx-none
OFFLOAD_TARGET_DEFAULT=1
Target: x86_64-linux-gnu
Configured with: ../src/configure -v --with-pkgversion='Ubuntu 7.5.0-3ubuntu1~18.04' --with-bugurl=file:///usr/share/doc/gcc-7/README.Bugs --enable-languages=c,ada,c++,go,brig,d,fortran,objc,obj-c++ --prefix=/usr --with-gcc-major-version-only --program-suffix=-7 --program-prefix=x86_64-linux-gnu- --enable-shared --enable-linker-build-id --libexecdir=/usr/lib --without-included-gettext --enable-threads=posix --libdir=/usr/lib --enable-nls --enable-bootstrap --enable-clocale=gnu --enable-libstdcxx-debug --enable-libstdcxx-time=yes --with-default-libstdcxx-abi=new --enable-gnu-unique-object --disable-vtable-verify --enable-libmpx --enable-plugin --enable-default-pie --with-system-zlib --with-target-system-zlib --enable-objc-gc=auto --enable-multiarch --disable-werror --with-arch-32=i686 --with-abi=m64 --with-multilib-list=m32,m64,mx32 --enable-multilib --with-tune=generic --enable-offload-targets=nvptx-none --without-cuda-driver --enable-checking=release --build=x86_64-linux-gnu --host=x86_64-linux-gnu --target=x86_64-linux-gnu
Thread model: posix
gcc version 7.5.0 (Ubuntu 7.5.0-3ubuntu1~18.04) 
configure:5856: $? = 0
configure:5845: gcc -m64 -V >&5
gcc: error: unrecognized command line option '-V'
gcc: fatal error: no input files
compilation terminated.
configure:5856: $? = 1
configure:5845: gcc -m64 -qversion >&5
gcc: error: unrecognized command line option '-qversion'; did you mean '--version'?
gcc: fatal error: no input files
compilation terminated.
configure:5856: $? = 1
configure:5860: checking whether we are using the GNU C compiler
configure:5879: gcc -m64 -c -pipe -O2  -I/home/administrator/walletbuilders/build_environment/pivx/3.3.0/depends/x86_64-w64-linux/share/../include/  conftest.c >&5
configure:5879: $? = 0
configure:5888: result: yes
configure:5897: checking whether gcc -m64 accepts -g
configure:5917: gcc -m64 -c -g -I/home/administrator/walletbuilders/build_environment/pivx/3.3.0/depends/x86_64-w64-linux/share/../include/  conftest.c >&5
configure:5917: $? = 0
configure:5958: result: yes
configure:5975: checking for gcc -m64 option to accept ISO C89
configure:6038: gcc -m64  -c -pipe -O2  -I/home/administrator/walletbuilders/build_environment/pivx/3.3.0/depends/x86_64-w64-linux/share/../include/  conftest.c >&5
configure:6038: $? = 0
configure:6051: result: none needed
configure:6076: checking whether gcc -m64 understands -c and -o together
configure:6098: gcc -m64 -c conftest.c -o conftest2.o
configure:6101: $? = 0
configure:6098: gcc -m64 -c conftest.c -o conftest2.o
configure:6101: $? = 0
configure:6113: result: yes
configure:6132: checking dependency style of gcc -m64
configure:6243: result: gcc3
configure:6258: checking for a sed that does not truncate output
configure:6322: result: /bin/sed
configure:6340: checking for grep that handles long lines and -e
configure:6398: result: /bin/grep
configure:6403: checking for egrep
configure:6465: result: /bin/grep -E
configure:6470: checking for fgrep
configure:6532: result: /bin/grep -F
configure:6567: checking for ld used by gcc -m64
configure:6634: result: /usr/bin/ld
configure:6641: checking if the linker (/usr/bin/ld) is GNU ld
configure:6656: result: yes
configure:6668: checking for BSD- or MS-compatible name lister (nm)
configure:6722: result: nm
configure:6852: checking the name lister (nm) interface
configure:6859: gcc -m64 -c -pipe -O2  -I/home/administrator/walletbuilders/build_environment/pivx/3.3.0/depends/x86_64-w64-linux/share/../include/  conftest.c >&5
configure:6862: nm "conftest.o"
configure:6865: output
0000000000000000 B some_variable
configure:6872: result: BSD nm
configure:6875: checking whether ln -s works
configure:6879: result: yes
configure:6887: checking the maximum length of command line arguments
configure:7018: result: 1572864
configure:7066: checking how to convert x86_64-pc-linux-gnu file names to x86_64-w64-linux-gnu format
configure:7106: result: func_convert_file_noop
configure:7113: checking how to convert x86_64-pc-linux-gnu file names to toolchain format
configure:7133: result: func_convert_file_noop
configure:7140: checking for /usr/bin/ld option to reload object files
configure:7147: result: -r
configure:7181: checking for x86_64-w64-linux-objdump
configure:7211: result: no
configure:7221: checking for objdump
configure:7237: found /usr/bin/objdump
configure:7248: result: objdump
configure:7280: checking how to recognize dependent libraries
configure:7480: result: pass_all
configure:7525: checking for x86_64-w64-linux-dlltool
configure:7555: result: no
configure:7565: checking for dlltool
configure:7595: result: no
configure:7625: checking how to associate runtime and link libraries
configure:7652: result: printf %s\n
configure:7669: checking for x86_64-w64-linux-ar
configure:7696: result: ar
configure:7777: checking for archiver @FILE support
configure:7794: gcc -m64 -c -pipe -O2  -I/home/administrator/walletbuilders/build_environment/pivx/3.3.0/depends/x86_64-w64-linux/share/../include/  conftest.c >&5
configure:7794: $? = 0
configure:7797: ar cru libconftest.a @conftest.lst >&5
ar: `u' modifier ignored since `D' is the default (see `U')
configure:7800: $? = 0
configure:7805: ar cru libconftest.a @conftest.lst >&5
ar: `u' modifier ignored since `D' is the default (see `U')
ar: conftest.o: No such file or directory
configure:7808: $? = 1
configure:7820: result: @
configure:7838: checking for x86_64-w64-linux-strip
configure:7865: result: strip
configure:7937: checking for x86_64-w64-linux-ranlib
configure:7964: result: ranlib
configure:8106: checking command to parse nm output from gcc -m64 object
configure:8259: gcc -m64 -c -pipe -O2  -I/home/administrator/walletbuilders/build_environment/pivx/3.3.0/depends/x86_64-w64-linux/share/../include/  conftest.c >&5
configure:8262: $? = 0
configure:8266: nm conftest.o \| sed -n -e 's/^.*[ ]\([ABCDGIRSTW][ABCDGIRSTW]*\)[ ][ ]*\([_A-Za-z][_A-Za-z0-9]*\)$/\1 \2 \2/p' | sed '/ __gnu_lto/d' \> conftest.nm
configure:8269: $? = 0
configure:8335: gcc -m64 -o conftest -pipe -O2  -I/home/administrator/walletbuilders/build_environment/pivx/3.3.0/depends/x86_64-w64-linux/share/../include/  -L/home/administrator/walletbuilders/build_environment/pivx/3.3.0/depends/x86_64-w64-linux/share/../lib  conftest.c conftstm.o >&5
configure:8338: $? = 0
configure:8376: result: ok
configure:8423: checking for sysroot
configure:8453: result: no
configure:8460: checking for a working dd
configure:8498: result: /bin/dd
configure:8502: checking how to truncate binary pipes
configure:8517: result: /bin/dd bs=4096 count=1
configure:8653: gcc -m64 -c -pipe -O2  -I/home/administrator/walletbuilders/build_environment/pivx/3.3.0/depends/x86_64-w64-linux/share/../include/  conftest.c >&5
configure:8656: $? = 0
configure:8806: checking for x86_64-w64-linux-mt
configure:8836: result: no
configure:8846: checking for mt
configure:8862: found /bin/mt
configure:8873: result: mt
configure:8896: checking if mt is a manifest tool
configure:8902: mt '-?'
configure:8910: result: no
configure:9587: checking how to run the C preprocessor
configure:9618: gcc -m64 -E -I/home/administrator/walletbuilders/build_environment/pivx/3.3.0/depends/x86_64-w64-linux/share/../include/  conftest.c
configure:9618: $? = 0
configure:9632: gcc -m64 -E -I/home/administrator/walletbuilders/build_environment/pivx/3.3.0/depends/x86_64-w64-linux/share/../include/  conftest.c
conftest.c:10:10: fatal error: ac_nonexistent.h: No such file or directory
 #include <ac_nonexistent.h>
          ^~~~~~~~~~~~~~~~~~
compilation terminated.
configure:9632: $? = 1
configure: failed program was:
| /* confdefs.h */
| #define PACKAGE_NAME "Polar Core"
| #define PACKAGE_TARNAME "polar"
| #define PACKAGE_VERSION "1.0.0"
| #define PACKAGE_STRING "Polar Core 1.0.0"
| #define PACKAGE_BUGREPORT "www.polar.org"
| #define PACKAGE_URL ""
| #define HAVE_CXX11 1
| /* end confdefs.h.  */
| #include <ac_nonexistent.h>
configure:9657: result: gcc -m64 -E
configure:9677: gcc -m64 -E -I/home/administrator/walletbuilders/build_environment/pivx/3.3.0/depends/x86_64-w64-linux/share/../include/  conftest.c
configure:9677: $? = 0
configure:9691: gcc -m64 -E -I/home/administrator/walletbuilders/build_environment/pivx/3.3.0/depends/x86_64-w64-linux/share/../include/  conftest.c
conftest.c:10:10: fatal error: ac_nonexistent.h: No such file or directory
 #include <ac_nonexistent.h>
          ^~~~~~~~~~~~~~~~~~
compilation terminated.
configure:9691: $? = 1
configure: failed program was:
| /* confdefs.h */
| #define PACKAGE_NAME "Polar Core"
| #define PACKAGE_TARNAME "polar"
| #define PACKAGE_VERSION "1.0.0"
| #define PACKAGE_STRING "Polar Core 1.0.0"
| #define PACKAGE_BUGREPORT "www.polar.org"
| #define PACKAGE_URL ""
| #define HAVE_CXX11 1
| /* end confdefs.h.  */
| #include <ac_nonexistent.h>
configure:9720: checking for ANSI C header files
configure:9740: gcc -m64 -c -pipe -O2  -I/home/administrator/walletbuilders/build_environment/pivx/3.3.0/depends/x86_64-w64-linux/share/../include/  conftest.c >&5
configure:9740: $? = 0
configure:9813: gcc -m64 -o conftest -pipe -O2  -I/home/administrator/walletbuilders/build_environment/pivx/3.3.0/depends/x86_64-w64-linux/share/../include/  -L/home/administrator/walletbuilders/build_environment/pivx/3.3.0/depends/x86_64-w64-linux/share/../lib  conftest.c  >&5
configure:9813: $? = 0
configure:9813: ./conftest
configure:9813: $? = 0
configure:9824: result: yes
configure:9837: checking for sys/types.h
configure:9837: gcc -m64 -c -pipe -O2  -I/home/administrator/walletbuilders/build_environment/pivx/3.3.0/depends/x86_64-w64-linux/share/../include/  conftest.c >&5
configure:9837: $? = 0
configure:9837: result: yes
configure:9837: checking for sys/stat.h
configure:9837: gcc -m64 -c -pipe -O2  -I/home/administrator/walletbuilders/build_environment/pivx/3.3.0/depends/x86_64-w64-linux/share/../include/  conftest.c >&5
configure:9837: $? = 0
configure:9837: result: yes
configure:9837: checking for stdlib.h
configure:9837: gcc -m64 -c -pipe -O2  -I/home/administrator/walletbuilders/build_environment/pivx/3.3.0/depends/x86_64-w64-linux/share/../include/  conftest.c >&5
configure:9837: $? = 0
configure:9837: result: yes
configure:9837: checking for string.h
configure:9837: gcc -m64 -c -pipe -O2  -I/home/administrator/walletbuilders/build_environment/pivx/3.3.0/depends/x86_64-w64-linux/share/../include/  conftest.c >&5
configure:9837: $? = 0
configure:9837: result: yes
configure:9837: checking for memory.h
configure:9837: gcc -m64 -c -pipe -O2  -I/home/administrator/walletbuilders/build_environment/pivx/3.3.0/depends/x86_64-w64-linux/share/../include/  conftest.c >&5
configure:9837: $? = 0
configure:9837: result: yes
configure:9837: checking for strings.h
configure:9837: gcc -m64 -c -pipe -O2  -I/home/administrator/walletbuilders/build_environment/pivx/3.3.0/depends/x86_64-w64-linux/share/../include/  conftest.c >&5
configure:9837: $? = 0
configure:9837: result: yes
configure:9837: checking for inttypes.h
configure:9837: gcc -m64 -c -pipe -O2  -I/home/administrator/walletbuilders/build_environment/pivx/3.3.0/depends/x86_64-w64-linux/share/../include/  conftest.c >&5
configure:9837: $? = 0
configure:9837: result: yes
configure:9837: checking for stdint.h
configure:9837: gcc -m64 -c -pipe -O2  -I/home/administrator/walletbuilders/build_environment/pivx/3.3.0/depends/x86_64-w64-linux/share/../include/  conftest.c >&5
configure:9837: $? = 0
configure:9837: result: yes
configure:9837: checking for unistd.h
configure:9837: gcc -m64 -c -pipe -O2  -I/home/administrator/walletbuilders/build_environment/pivx/3.3.0/depends/x86_64-w64-linux/share/../include/  conftest.c >&5
configure:9837: $? = 0
configure:9837: result: yes
configure:9851: checking for dlfcn.h
configure:9851: gcc -m64 -c -pipe -O2  -I/home/administrator/walletbuilders/build_environment/pivx/3.3.0/depends/x86_64-w64-linux/share/../include/  conftest.c >&5
configure:9851: $? = 0
configure:9851: result: yes
configure:10116: checking for objdir
configure:10131: result: .libs
configure:10395: checking if gcc -m64 supports -fno-rtti -fno-exceptions
configure:10413: gcc -m64 -c -pipe -O2  -I/home/administrator/walletbuilders/build_environment/pivx/3.3.0/depends/x86_64-w64-linux/share/../include/  -fno-rtti -fno-exceptions conftest.c >&5
cc1: warning: command line option '-fno-rtti' is valid for C++/ObjC++ but not for C
configure:10417: $? = 0
configure:10430: result: no
configure:10788: checking for gcc -m64 option to produce PIC
configure:10795: result: -fPIC -DPIC
configure:10803: checking if gcc -m64 PIC flag -fPIC -DPIC works
configure:10821: gcc -m64 -c -pipe -O2  -I/home/administrator/walletbuilders/build_environment/pivx/3.3.0/depends/x86_64-w64-linux/share/../include/  -fPIC -DPIC -DPIC conftest.c >&5
configure:10825: $? = 0
configure:10838: result: yes
configure:10867: checking if gcc -m64 static flag -static works
configure:10895: result: yes
configure:10910: checking if gcc -m64 supports -c -o file.o
configure:10931: gcc -m64 -c -pipe -O2  -I/home/administrator/walletbuilders/build_environment/pivx/3.3.0/depends/x86_64-w64-linux/share/../include/  -o out/conftest2.o conftest.c >&5
configure:10935: $? = 0
configure:10957: result: yes
configure:10965: checking if gcc -m64 supports -c -o file.o
configure:11012: result: yes
configure:11045: checking whether the gcc -m64 linker (/usr/bin/ld -m elf_x86_64) supports shared libraries
configure:12308: result: yes
configure:12345: checking whether -lc should be explicitly linked in
configure:12353: gcc -m64 -c -pipe -O2  -I/home/administrator/walletbuilders/build_environment/pivx/3.3.0/depends/x86_64-w64-linux/share/../include/  conftest.c >&5
configure:12356: $? = 0
configure:12371: gcc -m64 -shared  -fPIC -DPIC conftest.o  -v -Wl,-soname -Wl,conftest -o conftest 2\>\&1 \| /bin/grep  -lc  \>/dev/null 2\>\&1
configure:12374: $? = 0
configure:12388: result: no
configure:12548: checking dynamic linker characteristics
configure:13129: gcc -m64 -o conftest -pipe -O2  -I/home/administrator/walletbuilders/build_environment/pivx/3.3.0/depends/x86_64-w64-linux/share/../include/  -L/home/administrator/walletbuilders/build_environment/pivx/3.3.0/depends/x86_64-w64-linux/share/../lib  -Wl,-rpath -Wl,/foo conftest.c  >&5
configure:13129: $? = 0
configure:13378: result: GNU/Linux ld.so
configure:13500: checking how to hardcode library paths into programs
configure:13525: result: immediate
configure:14073: checking whether stripping libraries is possible
configure:14078: result: yes
configure:14113: checking if libtool supports shared libraries
configure:14115: result: yes
configure:14118: checking whether to build shared libraries
configure:14143: result: yes
configure:14146: checking whether to build static libraries
configure:14150: result: yes
configure:14173: checking how to run the C++ preprocessor
configure:14200: g++ -m64 -std=c++11 -E -I/home/administrator/walletbuilders/build_environment/pivx/3.3.0/depends/x86_64-w64-linux/share/../include/  conftest.cpp
configure:14200: $? = 0
configure:14214: g++ -m64 -std=c++11 -E -I/home/administrator/walletbuilders/build_environment/pivx/3.3.0/depends/x86_64-w64-linux/share/../include/  conftest.cpp
conftest.cpp:22:10: fatal error: ac_nonexistent.h: No such file or directory
 #include <ac_nonexistent.h>
          ^~~~~~~~~~~~~~~~~~
compilation terminated.
configure:14214: $? = 1
configure: failed program was:
| /* confdefs.h */
| #define PACKAGE_NAME "Polar Core"
| #define PACKAGE_TARNAME "polar"
| #define PACKAGE_VERSION "1.0.0"
| #define PACKAGE_STRING "Polar Core 1.0.0"
| #define PACKAGE_BUGREPORT "www.polar.org"
| #define PACKAGE_URL ""
| #define HAVE_CXX11 1
| #define STDC_HEADERS 1
| #define HAVE_SYS_TYPES_H 1
| #define HAVE_SYS_STAT_H 1
| #define HAVE_STDLIB_H 1
| #define HAVE_STRING_H 1
| #define HAVE_MEMORY_H 1
| #define HAVE_STRINGS_H 1
| #define HAVE_INTTYPES_H 1
| #define HAVE_STDINT_H 1
| #define HAVE_UNISTD_H 1
| #define HAVE_DLFCN_H 1
| #define LT_OBJDIR ".libs/"
| /* end confdefs.h.  */
| #include <ac_nonexistent.h>
configure:14239: result: g++ -m64 -std=c++11 -E
configure:14259: g++ -m64 -std=c++11 -E -I/home/administrator/walletbuilders/build_environment/pivx/3.3.0/depends/x86_64-w64-linux/share/../include/  conftest.cpp
configure:14259: $? = 0
configure:14273: g++ -m64 -std=c++11 -E -I/home/administrator/walletbuilders/build_environment/pivx/3.3.0/depends/x86_64-w64-linux/share/../include/  conftest.cpp
conftest.cpp:22:10: fatal error: ac_nonexistent.h: No such file or directory
 #include <ac_nonexistent.h>
          ^~~~~~~~~~~~~~~~~~
compilation terminated.
configure:14273: $? = 1
configure: failed program was:
| /* confdefs.h */
| #define PACKAGE_NAME "Polar Core"
| #define PACKAGE_TARNAME "polar"
| #define PACKAGE_VERSION "1.0.0"
| #define PACKAGE_STRING "Polar Core 1.0.0"
| #define PACKAGE_BUGREPORT "www.polar.org"
| #define PACKAGE_URL ""
| #define HAVE_CXX11 1
| #define STDC_HEADERS 1
| #define HAVE_SYS_TYPES_H 1
| #define HAVE_SYS_STAT_H 1
| #define HAVE_STDLIB_H 1
| #define HAVE_STRING_H 1
| #define HAVE_MEMORY_H 1
| #define HAVE_STRINGS_H 1
| #define HAVE_INTTYPES_H 1
| #define HAVE_STDINT_H 1
| #define HAVE_UNISTD_H 1
| #define HAVE_DLFCN_H 1
| #define LT_OBJDIR ".libs/"
| /* end confdefs.h.  */
| #include <ac_nonexistent.h>
configure:14435: checking for ld used by g++ -m64 -std=c++11
configure:14502: result: /usr/bin/ld -m elf_x86_64
configure:14509: checking if the linker (/usr/bin/ld -m elf_x86_64) is GNU ld
configure:14524: result: yes
configure:14579: checking whether the g++ -m64 -std=c++11 linker (/usr/bin/ld -m elf_x86_64) supports shared libraries
configure:15652: result: yes
configure:15688: g++ -m64 -std=c++11 -c -pipe -O2  -I/home/administrator/walletbuilders/build_environment/pivx/3.3.0/depends/x86_64-w64-linux/share/../include/  conftest.cpp >&5
configure:15691: $? = 0
configure:16172: checking for g++ -m64 -std=c++11 option to produce PIC
configure:16179: result: -fPIC -DPIC
configure:16187: checking if g++ -m64 -std=c++11 PIC flag -fPIC -DPIC works
configure:16205: g++ -m64 -std=c++11 -c -pipe -O2  -I/home/administrator/walletbuilders/build_environment/pivx/3.3.0/depends/x86_64-w64-linux/share/../include/  -fPIC -DPIC -DPIC conftest.cpp >&5
configure:16209: $? = 0
configure:16222: result: yes
configure:16245: checking if g++ -m64 -std=c++11 static flag -static works
configure:16273: result: yes
configure:16285: checking if g++ -m64 -std=c++11 supports -c -o file.o
configure:16306: g++ -m64 -std=c++11 -c -pipe -O2  -I/home/administrator/walletbuilders/build_environment/pivx/3.3.0/depends/x86_64-w64-linux/share/../include/  -o out/conftest2.o conftest.cpp >&5
configure:16310: $? = 0
configure:16332: result: yes
configure:16337: checking if g++ -m64 -std=c++11 supports -c -o file.o
configure:16384: result: yes
configure:16414: checking whether the g++ -m64 -std=c++11 linker (/usr/bin/ld -m elf_x86_64) supports shared libraries
configure:16457: result: yes
configure:16598: checking dynamic linker characteristics
configure:17355: result: GNU/Linux ld.so
configure:17420: checking how to hardcode library paths into programs
configure:17445: result: immediate
configure:17510: checking for x86_64-w64-linux-ar
configure:17543: result: no
configure:17553: checking for ar
configure:17583: result: ar
configure:17608: checking for x86_64-w64-linux-ranlib
configure:17641: result: no
configure:17651: checking for ranlib
configure:17681: result: ranlib
configure:17706: checking for x86_64-w64-linux-strip
configure:17739: result: no
configure:17749: checking for strip
configure:17767: found /usr/bin/strip
configure:17779: result: /usr/bin/strip
configure:17804: checking for x86_64-w64-linux-gcov
configure:17837: result: no
configure:17847: checking for gcov
configure:17865: found /usr/bin/gcov
configure:17877: result: /usr/bin/gcov
configure:17901: checking for lcov
configure:17934: result: no
configure:17943: checking for python3.5
configure:17976: result: no
configure:17943: checking for python3.6
configure:17961: found /usr/bin/python3.6
configure:17973: result: /usr/bin/python3.6
configure:17986: checking for genhtml
configure:18019: result: no
configure:18026: checking for git
configure:18044: found /usr/bin/git
configure:18056: result: /usr/bin/git
configure:18066: checking for ccache
configure:18099: result: no
configure:18106: checking for xgettext
configure:18139: result: no
configure:18146: checking for hexdump
configure:18164: found /usr/bin/hexdump
configure:18176: result: /usr/bin/hexdump
configure:18187: checking for x86_64-w64-linux-readelf
configure:18220: result: no
configure:18230: checking for readelf
configure:18248: found /usr/bin/readelf
configure:18260: result: /usr/bin/readelf
configure:18285: checking for x86_64-w64-linux-c++filt
configure:18318: result: no
configure:18328: checking for c++filt
configure:18346: found /usr/bin/c++filt
configure:18358: result: /usr/bin/c++filt
configure:18383: checking for x86_64-w64-linux-objcopy
configure:18416: result: no
configure:18426: checking for objcopy
configure:18444: found /usr/bin/objcopy
configure:18456: result: /usr/bin/objcopy
configure:18480: checking for doxygen
configure:18498: found /usr/bin/doxygen
configure:18510: result: /usr/bin/doxygen
configure:18752: checking whether C++ compiler accepts -Werror
configure:18771: g++ -m64 -std=c++11 -c -pipe -O2   -Werror -I/home/administrator/walletbuilders/build_environment/pivx/3.3.0/depends/x86_64-w64-linux/share/../include/  conftest.cpp >&5
configure:18771: $? = 0
configure:18779: result: yes
configure:19717: checking whether C++ compiler accepts -msse4.2
configure:19736: g++ -m64 -std=c++11 -c -pipe -O2  -Werror -msse4.2 -I/home/administrator/walletbuilders/build_environment/pivx/3.3.0/depends/x86_64-w64-linux/share/../include/  conftest.cpp >&5
configure:19736: $? = 0
configure:19745: result: yes
configure:19754: checking whether C++ compiler accepts -msse4.1
configure:19773: g++ -m64 -std=c++11 -c -pipe -O2  -Werror -msse4.1 -I/home/administrator/walletbuilders/build_environment/pivx/3.3.0/depends/x86_64-w64-linux/share/../include/  conftest.cpp >&5
configure:19773: $? = 0
configure:19782: result: yes
configure:19791: checking whether C++ compiler accepts -mavx -mavx2
configure:19810: g++ -m64 -std=c++11 -c -pipe -O2  -Werror -mavx -mavx2 -I/home/administrator/walletbuilders/build_environment/pivx/3.3.0/depends/x86_64-w64-linux/share/../include/  conftest.cpp >&5
configure:19810: $? = 0
configure:19819: result: yes
configure:19828: checking whether C++ compiler accepts -msse4 -msha
configure:19847: g++ -m64 -std=c++11 -c -pipe -O2  -Werror -msse4 -msha -I/home/administrator/walletbuilders/build_environment/pivx/3.3.0/depends/x86_64-w64-linux/share/../include/  conftest.cpp >&5
configure:19847: $? = 0
configure:19856: result: yes
configure:19867: checking for assembler crc32 support
configure:19893: g++ -m64 -std=c++11 -c -pipe -O2  -msse4.2 -I/home/administrator/walletbuilders/build_environment/pivx/3.3.0/depends/x86_64-w64-linux/share/../include/  conftest.cpp >&5
configure:19893: $? = 0
configure:19894: result: yes
configure:19906: checking for SSE4.1 intrinsics
configure:19925: g++ -m64 -std=c++11 -c -pipe -O2  -msse4.1 -I/home/administrator/walletbuilders/build_environment/pivx/3.3.0/depends/x86_64-w64-linux/share/../include/  conftest.cpp >&5
configure:19925: $? = 0
configure:19926: result: yes
configure:19940: checking for AVX2 intrinsics
configure:19959: g++ -m64 -std=c++11 -c -pipe -O2  -mavx -mavx2 -I/home/administrator/walletbuilders/build_environment/pivx/3.3.0/depends/x86_64-w64-linux/share/../include/  conftest.cpp >&5
configure:19959: $? = 0
configure:19960: result: yes
configure:19974: checking for SHA-NI intrinsics
configure:19995: g++ -m64 -std=c++11 -c -pipe -O2  -msse4 -msha -I/home/administrator/walletbuilders/build_environment/pivx/3.3.0/depends/x86_64-w64-linux/share/../include/  conftest.cpp >&5
configure:19995: $? = 0
configure:19996: result: yes
configure:21658: checking for x86_64-w64-linux-pkg-config
configure:21688: result: /usr/bin/pkg-config --static
configure:21756: checking pkg-config is at least version 0.9.0
configure:21759: result: yes
configure:21874: checking whether byte ordering is bigendian
configure:21889: g++ -m64 -std=c++11 -c -pipe -O2  -I/home/administrator/walletbuilders/build_environment/pivx/3.3.0/depends/x86_64-w64-linux/share/../include/  -DHAVE_BUILD_INFO -D__STDC_FORMAT_MACROS conftest.cpp >&5
conftest.cpp:27:9: error: expected unqualified-id before 'not' token
         not a universal capable compiler
         ^~~
configure:21889: $? = 1
configure: failed program was:
| /* confdefs.h */
| #define PACKAGE_NAME "Polar Core"
| #define PACKAGE_TARNAME "polar"
| #define PACKAGE_VERSION "1.0.0"
| #define PACKAGE_STRING "Polar Core 1.0.0"
| #define PACKAGE_BUGREPORT "www.polar.org"
| #define PACKAGE_URL ""
| #define HAVE_CXX11 1
| #define STDC_HEADERS 1
| #define HAVE_SYS_TYPES_H 1
| #define HAVE_SYS_STAT_H 1
| #define HAVE_STDLIB_H 1
| #define HAVE_STRING_H 1
| #define HAVE_MEMORY_H 1
| #define HAVE_STRINGS_H 1
| #define HAVE_INTTYPES_H 1
| #define HAVE_STDINT_H 1
| #define HAVE_UNISTD_H 1
| #define HAVE_DLFCN_H 1
| #define LT_OBJDIR ".libs/"
| #define USE_ASM 1
| #define ENABLE_SSE41 1
| #define ENABLE_AVX2 1
| #define ENABLE_SHANI 1
| /* end confdefs.h.  */
| #ifndef __APPLE_CC__
| 	       not a universal capable compiler
| 	     #endif
| 	     typedef int dummy;
| 
configure:21934: g++ -m64 -std=c++11 -c -pipe -O2  -I/home/administrator/walletbuilders/build_environment/pivx/3.3.0/depends/x86_64-w64-linux/share/../include/  -DHAVE_BUILD_INFO -D__STDC_FORMAT_MACROS conftest.cpp >&5
configure:21934: $? = 0
configure:21952: g++ -m64 -std=c++11 -c -pipe -O2  -I/home/administrator/walletbuilders/build_environment/pivx/3.3.0/depends/x86_64-w64-linux/share/../include/  -DHAVE_BUILD_INFO -D__STDC_FORMAT_MACROS conftest.cpp >&5
conftest.cpp: In function 'int main()':
conftest.cpp:33:8: error: 'big' was not declared in this scope
    not big endian
        ^~~
configure:21952: $? = 1
configure: failed program was:
| /* confdefs.h */
| #define PACKAGE_NAME "Polar Core"
| #define PACKAGE_TARNAME "polar"
| #define PACKAGE_VERSION "1.0.0"
| #define PACKAGE_STRING "Polar Core 1.0.0"
| #define PACKAGE_BUGREPORT "www.polar.org"
| #define PACKAGE_URL ""
| #define HAVE_CXX11 1
| #define STDC_HEADERS 1
| #define HAVE_SYS_TYPES_H 1
| #define HAVE_SYS_STAT_H 1
| #define HAVE_STDLIB_H 1
| #define HAVE_STRING_H 1
| #define HAVE_MEMORY_H 1
| #define HAVE_STRINGS_H 1
| #define HAVE_INTTYPES_H 1
| #define HAVE_STDINT_H 1
| #define HAVE_UNISTD_H 1
| #define HAVE_DLFCN_H 1
| #define LT_OBJDIR ".libs/"
| #define USE_ASM 1
| #define ENABLE_SSE41 1
| #define ENABLE_AVX2 1
| #define ENABLE_SHANI 1
| /* end confdefs.h.  */
| #include <sys/types.h>
| 		#include <sys/param.h>
| 
| int
| main ()
| {
| #if BYTE_ORDER != BIG_ENDIAN
| 		 not big endian
| 		#endif
| 
|   ;
|   return 0;
| }
configure:22080: result: no
configure:22282: checking whether gcc -m64 is Clang
configure:22307: result: no
configure:22430: checking whether pthreads work with -pthread
configure:22524: gcc -m64 -o conftest -pipe -O2  -pthread -I/home/administrator/walletbuilders/build_environment/pivx/3.3.0/depends/x86_64-w64-linux/share/../include/  -DHAVE_BUILD_INFO -D__STDC_FORMAT_MACROS -L/home/administrator/walletbuilders/build_environment/pivx/3.3.0/depends/x86_64-w64-linux/share/../lib  conftest.c   >&5
configure:22524: $? = 0
configure:22533: result: yes
configure:22552: checking for joinable pthread attribute
configure:22570: gcc -m64 -o conftest -pipe -O2  -pthread -I/home/administrator/walletbuilders/build_environment/pivx/3.3.0/depends/x86_64-w64-linux/share/../include/  -DHAVE_BUILD_INFO -D__STDC_FORMAT_MACROS -L/home/administrator/walletbuilders/build_environment/pivx/3.3.0/depends/x86_64-w64-linux/share/../lib  conftest.c   >&5
configure:22570: $? = 0
configure:22578: result: PTHREAD_CREATE_JOINABLE
configure:22592: checking whether more special flags are required for pthreads
configure:22605: result: no
configure:22613: checking for PTHREAD_PRIO_INHERIT
configure:22629: gcc -m64 -o conftest -pipe -O2  -pthread -I/home/administrator/walletbuilders/build_environment/pivx/3.3.0/depends/x86_64-w64-linux/share/../include/  -DHAVE_BUILD_INFO -D__STDC_FORMAT_MACROS -L/home/administrator/walletbuilders/build_environment/pivx/3.3.0/depends/x86_64-w64-linux/share/../lib  conftest.c   >&5
configure:22629: $? = 0
configure:22638: result: yes
configure:22751: checking for special C compiler options needed for large files
configure:22796: result: no
configure:22802: checking for _FILE_OFFSET_BITS value needed for large files
configure:22827: g++ -m64 -std=c++11 -c -pipe -O2  -I/home/administrator/walletbuilders/build_environment/pivx/3.3.0/depends/x86_64-w64-linux/share/../include/  -DHAVE_BUILD_INFO -D__STDC_FORMAT_MACROS conftest.cpp >&5
configure:22827: $? = 0
configure:22859: result: no
configure:22945: checking whether strerror_r is declared
configure:22945: g++ -m64 -std=c++11 -c -pipe -O2  -I/home/administrator/walletbuilders/build_environment/pivx/3.3.0/depends/x86_64-w64-linux/share/../include/  -DHAVE_BUILD_INFO -D__STDC_FORMAT_MACROS conftest.cpp >&5
configure:22945: $? = 0
configure:22945: result: yes
configure:22958: checking for strerror_r
configure:22958: g++ -m64 -std=c++11 -o conftest -pipe -O2  -I/home/administrator/walletbuilders/build_environment/pivx/3.3.0/depends/x86_64-w64-linux/share/../include/  -DHAVE_BUILD_INFO -D__STDC_FORMAT_MACROS -L/home/administrator/walletbuilders/build_environment/pivx/3.3.0/depends/x86_64-w64-linux/share/../lib  conftest.cpp  >&5
configure:22958: $? = 0
configure:22958: result: yes
configure:22967: checking whether strerror_r returns char *
configure:22991: g++ -m64 -std=c++11 -c -pipe -O2  -I/home/administrator/walletbuilders/build_environment/pivx/3.3.0/depends/x86_64-w64-linux/share/../include/  -DHAVE_BUILD_INFO -D__STDC_FORMAT_MACROS conftest.cpp >&5
configure:22991: $? = 0
configure:23029: result: yes
configure:23050: checking whether the linker accepts -Wl,--large-address-aware
configure:23069: g++ -m64 -std=c++11 -o conftest -pipe -O2  -I/home/administrator/walletbuilders/build_environment/pivx/3.3.0/depends/x86_64-w64-linux/share/../include/  -DHAVE_BUILD_INFO -D__STDC_FORMAT_MACROS -L/home/administrator/walletbuilders/build_environment/pivx/3.3.0/depends/x86_64-w64-linux/share/../lib   -Wl,--large-address-aware conftest.cpp  >&5
/usr/bin/ld: unrecognized option '--large-address-aware'
/usr/bin/ld: use the --help option for usage information
collect2: error: ld returned 1 exit status
configure:23069: $? = 1
configure: failed program was:
| /* confdefs.h */
| #define PACKAGE_NAME "Polar Core"
| #define PACKAGE_TARNAME "polar"
| #define PACKAGE_VERSION "1.0.0"
| #define PACKAGE_STRING "Polar Core 1.0.0"
| #define PACKAGE_BUGREPORT "www.polar.org"
| #define PACKAGE_URL ""
| #define HAVE_CXX11 1
| #define STDC_HEADERS 1
| #define HAVE_SYS_TYPES_H 1
| #define HAVE_SYS_STAT_H 1
| #define HAVE_STDLIB_H 1
| #define HAVE_STRING_H 1
| #define HAVE_MEMORY_H 1
| #define HAVE_STRINGS_H 1
| #define HAVE_INTTYPES_H 1
| #define HAVE_STDINT_H 1
| #define HAVE_UNISTD_H 1
| #define HAVE_DLFCN_H 1
| #define LT_OBJDIR ".libs/"
| #define USE_ASM 1
| #define ENABLE_SSE41 1
| #define ENABLE_AVX2 1
| #define ENABLE_SHANI 1
| #define HAVE_PTHREAD_PRIO_INHERIT 1
| #define HAVE_PTHREAD 1
| #define HAVE_DECL_STRERROR_R 1
| #define HAVE_STRERROR_R 1
| #define STRERROR_R_CHAR_P 1
| /* end confdefs.h.  */
| 
| int
| main ()
| {
| 
|   ;
|   return 0;
| }
configure:23078: result: no
configure:23090: checking for __attribute__((visibility))
configure:23114: g++ -m64 -std=c++11 -o conftest -pipe -O2  -I/home/administrator/walletbuilders/build_environment/pivx/3.3.0/depends/x86_64-w64-linux/share/../include/  -DHAVE_BUILD_INFO -D__STDC_FORMAT_MACROS -L/home/administrator/walletbuilders/build_environment/pivx/3.3.0/depends/x86_64-w64-linux/share/../lib  conftest.cpp  >&5
configure:23114: $? = 0
configure:23127: result: yes
configure:23143: checking for __attribute__((dllexport))
configure:23164: g++ -m64 -std=c++11 -o conftest -pipe -O2  -I/home/administrator/walletbuilders/build_environment/pivx/3.3.0/depends/x86_64-w64-linux/share/../include/  -DHAVE_BUILD_INFO -D__STDC_FORMAT_MACROS -L/home/administrator/walletbuilders/build_environment/pivx/3.3.0/depends/x86_64-w64-linux/share/../lib  conftest.cpp  >&5
conftest.cpp:34:62: warning: 'dllexport' attribute directive ignored [-Wattributes]
                     __attribute__((dllexport)) int foo( void ) { return 0; }
                                                              ^
configure:23164: $? = 0
configure:23177: result: no
configure:23193: checking for __attribute__((dllimport))
configure:23214: g++ -m64 -std=c++11 -o conftest -pipe -O2  -I/home/administrator/walletbuilders/build_environment/pivx/3.3.0/depends/x86_64-w64-linux/share/../include/  -DHAVE_BUILD_INFO -D__STDC_FORMAT_MACROS -L/home/administrator/walletbuilders/build_environment/pivx/3.3.0/depends/x86_64-w64-linux/share/../lib  conftest.cpp  >&5
conftest.cpp:34:62: warning: 'dllimport' attribute directive ignored [-Wattributes]
                     int foo( void ) __attribute__((dllimport));
                                                              ^
configure:23214: $? = 0
configure:23227: result: no
configure:23399: checking for library containing clock_gettime
configure:23430: g++ -m64 -std=c++11 -o conftest -pipe -O2  -I/home/administrator/walletbuilders/build_environment/pivx/3.3.0/depends/x86_64-w64-linux/share/../include/  -DHAVE_BUILD_INFO -D__STDC_FORMAT_MACROS -L/home/administrator/walletbuilders/build_environment/pivx/3.3.0/depends/x86_64-w64-linux/share/../lib  conftest.cpp  >&5
configure:23430: $? = 0
configure:23447: result: none required
configure:23579: checking whether C++ compiler accepts -fPIC
configure:23598: g++ -m64 -std=c++11 -c -pipe -O2   -fPIC -I/home/administrator/walletbuilders/build_environment/pivx/3.3.0/depends/x86_64-w64-linux/share/../include/  -DHAVE_BUILD_INFO -D__STDC_FORMAT_MACROS conftest.cpp >&5
configure:23598: $? = 0
configure:23606: result: yes
configure:23618: checking whether C++ compiler accepts -Wstack-protector
configure:23637: g++ -m64 -std=c++11 -c -pipe -O2   -Wstack-protector -I/home/administrator/walletbuilders/build_environment/pivx/3.3.0/depends/x86_64-w64-linux/share/../include/  -DHAVE_BUILD_INFO -D__STDC_FORMAT_MACROS conftest.cpp >&5
configure:23637: $? = 0
configure:23645: result: yes
configure:23653: checking whether C++ compiler accepts -fstack-protector-all
configure:23672: g++ -m64 -std=c++11 -c -pipe -O2   -fstack-protector-all -I/home/administrator/walletbuilders/build_environment/pivx/3.3.0/depends/x86_64-w64-linux/share/../include/  -DHAVE_BUILD_INFO -D__STDC_FORMAT_MACROS conftest.cpp >&5
configure:23672: $? = 0
configure:23680: result: yes
configure:23689: checking whether C++ preprocessor accepts -D_FORTIFY_SOURCE=2
configure:23708: g++ -m64 -std=c++11 -E -I/home/administrator/walletbuilders/build_environment/pivx/3.3.0/depends/x86_64-w64-linux/share/../include/  -DHAVE_BUILD_INFO -D__STDC_FORMAT_MACROS  -D_FORTIFY_SOURCE=2 conftest.cpp
configure:23708: $? = 0
configure:23716: result: yes
configure:23720: checking whether C++ preprocessor accepts -U_FORTIFY_SOURCE
configure:23739: g++ -m64 -std=c++11 -E -I/home/administrator/walletbuilders/build_environment/pivx/3.3.0/depends/x86_64-w64-linux/share/../include/  -DHAVE_BUILD_INFO -D__STDC_FORMAT_MACROS  -U_FORTIFY_SOURCE conftest.cpp
configure:23739: $? = 0
configure:23747: result: yes
configure:23764: checking whether the linker accepts -Wl,--dynamicbase
configure:23783: g++ -m64 -std=c++11 -o conftest -pipe -O2  -I/home/administrator/walletbuilders/build_environment/pivx/3.3.0/depends/x86_64-w64-linux/share/../include/  -DHAVE_BUILD_INFO -D__STDC_FORMAT_MACROS -L/home/administrator/walletbuilders/build_environment/pivx/3.3.0/depends/x86_64-w64-linux/share/../lib   -Wl,--dynamicbase conftest.cpp  >&5
/usr/bin/ld: unrecognized option '--dynamicbase'
/usr/bin/ld: use the --help option for usage information
collect2: error: ld returned 1 exit status
configure:23783: $? = 1
configure: failed program was:
| /* confdefs.h */
| #define PACKAGE_NAME "Polar Core"
| #define PACKAGE_TARNAME "polar"
| #define PACKAGE_VERSION "1.0.0"
| #define PACKAGE_STRING "Polar Core 1.0.0"
| #define PACKAGE_BUGREPORT "www.polar.org"
| #define PACKAGE_URL ""
| #define HAVE_CXX11 1
| #define STDC_HEADERS 1
| #define HAVE_SYS_TYPES_H 1
| #define HAVE_SYS_STAT_H 1
| #define HAVE_STDLIB_H 1
| #define HAVE_STRING_H 1
| #define HAVE_MEMORY_H 1
| #define HAVE_STRINGS_H 1
| #define HAVE_INTTYPES_H 1
| #define HAVE_STDINT_H 1
| #define HAVE_UNISTD_H 1
| #define HAVE_DLFCN_H 1
| #define LT_OBJDIR ".libs/"
| #define USE_ASM 1
| #define ENABLE_SSE41 1
| #define ENABLE_AVX2 1
| #define ENABLE_SHANI 1
| #define HAVE_PTHREAD_PRIO_INHERIT 1
| #define HAVE_PTHREAD 1
| #define HAVE_DECL_STRERROR_R 1
| #define HAVE_STRERROR_R 1
| #define STRERROR_R_CHAR_P 1
| #define HAVE_FUNC_ATTRIBUTE_VISIBILITY 1
| /* end confdefs.h.  */
| 
| int
| main ()
| {
| 
|   ;
|   return 0;
| }
configure:23792: result: no
configure:23800: checking whether the linker accepts -Wl,--nxcompat
configure:23819: g++ -m64 -std=c++11 -o conftest -pipe -O2  -I/home/administrator/walletbuilders/build_environment/pivx/3.3.0/depends/x86_64-w64-linux/share/../include/  -DHAVE_BUILD_INFO -D__STDC_FORMAT_MACROS -L/home/administrator/walletbuilders/build_environment/pivx/3.3.0/depends/x86_64-w64-linux/share/../lib   -Wl,--nxcompat conftest.cpp  >&5
/usr/bin/ld: unrecognized option '--nxcompat'
/usr/bin/ld: use the --help option for usage information
collect2: error: ld returned 1 exit status
configure:23819: $? = 1
configure: failed program was:
| /* confdefs.h */
| #define PACKAGE_NAME "Polar Core"
| #define PACKAGE_TARNAME "polar"
| #define PACKAGE_VERSION "1.0.0"
| #define PACKAGE_STRING "Polar Core 1.0.0"
| #define PACKAGE_BUGREPORT "www.polar.org"
| #define PACKAGE_URL ""
| #define HAVE_CXX11 1
| #define STDC_HEADERS 1
| #define HAVE_SYS_TYPES_H 1
| #define HAVE_SYS_STAT_H 1
| #define HAVE_STDLIB_H 1
| #define HAVE_STRING_H 1
| #define HAVE_MEMORY_H 1
| #define HAVE_STRINGS_H 1
| #define HAVE_INTTYPES_H 1
| #define HAVE_STDINT_H 1
| #define HAVE_UNISTD_H 1
| #define HAVE_DLFCN_H 1
| #define LT_OBJDIR ".libs/"
| #define USE_ASM 1
| #define ENABLE_SSE41 1
| #define ENABLE_AVX2 1
| #define ENABLE_SHANI 1
| #define HAVE_PTHREAD_PRIO_INHERIT 1
| #define HAVE_PTHREAD 1
| #define HAVE_DECL_STRERROR_R 1
| #define HAVE_STRERROR_R 1
| #define STRERROR_R_CHAR_P 1
| #define HAVE_FUNC_ATTRIBUTE_VISIBILITY 1
| /* end confdefs.h.  */
| 
| int
| main ()
| {
| 
|   ;
|   return 0;
| }
configure:23828: result: no
configure:23836: checking whether the linker accepts -Wl,--high-entropy-va
configure:23855: g++ -m64 -std=c++11 -o conftest -pipe -O2  -I/home/administrator/walletbuilders/build_environment/pivx/3.3.0/depends/x86_64-w64-linux/share/../include/  -DHAVE_BUILD_INFO -D__STDC_FORMAT_MACROS -L/home/administrator/walletbuilders/build_environment/pivx/3.3.0/depends/x86_64-w64-linux/share/../lib   -Wl,--high-entropy-va conftest.cpp  >&5
/usr/bin/ld: unrecognized option '--high-entropy-va'
/usr/bin/ld: use the --help option for usage information
collect2: error: ld returned 1 exit status
configure:23855: $? = 1
configure: failed program was:
| /* confdefs.h */
| #define PACKAGE_NAME "Polar Core"
| #define PACKAGE_TARNAME "polar"
| #define PACKAGE_VERSION "1.0.0"
| #define PACKAGE_STRING "Polar Core 1.0.0"
| #define PACKAGE_BUGREPORT "www.polar.org"
| #define PACKAGE_URL ""
| #define HAVE_CXX11 1
| #define STDC_HEADERS 1
| #define HAVE_SYS_TYPES_H 1
| #define HAVE_SYS_STAT_H 1
| #define HAVE_STDLIB_H 1
| #define HAVE_STRING_H 1
| #define HAVE_MEMORY_H 1
| #define HAVE_STRINGS_H 1
| #define HAVE_INTTYPES_H 1
| #define HAVE_STDINT_H 1
| #define HAVE_UNISTD_H 1
| #define HAVE_DLFCN_H 1
| #define LT_OBJDIR ".libs/"
| #define USE_ASM 1
| #define ENABLE_SSE41 1
| #define ENABLE_AVX2 1
| #define ENABLE_SHANI 1
| #define HAVE_PTHREAD_PRIO_INHERIT 1
| #define HAVE_PTHREAD 1
| #define HAVE_DECL_STRERROR_R 1
| #define HAVE_STRERROR_R 1
| #define STRERROR_R_CHAR_P 1
| #define HAVE_FUNC_ATTRIBUTE_VISIBILITY 1
| /* end confdefs.h.  */
| 
| int
| main ()
| {
| 
|   ;
|   return 0;
| }
configure:23864: result: no
configure:23872: checking whether the linker accepts -Wl,-z,relro
configure:23891: g++ -m64 -std=c++11 -o conftest -pipe -O2  -I/home/administrator/walletbuilders/build_environment/pivx/3.3.0/depends/x86_64-w64-linux/share/../include/  -DHAVE_BUILD_INFO -D__STDC_FORMAT_MACROS -L/home/administrator/walletbuilders/build_environment/pivx/3.3.0/depends/x86_64-w64-linux/share/../lib   -Wl,-z,relro conftest.cpp  >&5
configure:23891: $? = 0
configure:23900: result: yes
configure:23908: checking whether the linker accepts -Wl,-z,now
configure:23927: g++ -m64 -std=c++11 -o conftest -pipe -O2  -I/home/administrator/walletbuilders/build_environment/pivx/3.3.0/depends/x86_64-w64-linux/share/../include/  -DHAVE_BUILD_INFO -D__STDC_FORMAT_MACROS -L/home/administrator/walletbuilders/build_environment/pivx/3.3.0/depends/x86_64-w64-linux/share/../lib   -Wl,-z,now conftest.cpp  >&5
configure:23927: $? = 0
configure:23936: result: yes
configure:23945: checking whether the linker accepts -fPIE -pie
configure:23964: g++ -m64 -std=c++11 -o conftest -pipe -O2  -I/home/administrator/walletbuilders/build_environment/pivx/3.3.0/depends/x86_64-w64-linux/share/../include/  -DHAVE_BUILD_INFO -D__STDC_FORMAT_MACROS -L/home/administrator/walletbuilders/build_environment/pivx/3.3.0/depends/x86_64-w64-linux/share/../lib  -Werror -fPIE -pie conftest.cpp  >&5
configure:23964: $? = 0
configure:23974: result: yes
configure:24072: checking endian.h usability
configure:24072: g++ -m64 -std=c++11 -c -pipe -O2  -I/home/administrator/walletbuilders/build_environment/pivx/3.3.0/depends/x86_64-w64-linux/share/../include/  -DHAVE_BUILD_INFO -D__STDC_FORMAT_MACROS conftest.cpp >&5
configure:24072: $? = 0
configure:24072: result: yes
configure:24072: checking endian.h presence
configure:24072: g++ -m64 -std=c++11 -E -I/home/administrator/walletbuilders/build_environment/pivx/3.3.0/depends/x86_64-w64-linux/share/../include/  -DHAVE_BUILD_INFO -D__STDC_FORMAT_MACROS conftest.cpp
configure:24072: $? = 0
configure:24072: result: yes
configure:24072: checking for endian.h
configure:24072: result: yes
configure:24072: checking sys/endian.h usability
configure:24072: g++ -m64 -std=c++11 -c -pipe -O2  -I/home/administrator/walletbuilders/build_environment/pivx/3.3.0/depends/x86_64-w64-linux/share/../include/  -DHAVE_BUILD_INFO -D__STDC_FORMAT_MACROS conftest.cpp >&5
conftest.cpp:66:10: fatal error: sys/endian.h: No such file or directory
 #include <sys/endian.h>
          ^~~~~~~~~~~~~~
compilation terminated.
configure:24072: $? = 1
configure: failed program was:
| /* confdefs.h */
| #define PACKAGE_NAME "Polar Core"
| #define PACKAGE_TARNAME "polar"
| #define PACKAGE_VERSION "1.0.0"
| #define PACKAGE_STRING "Polar Core 1.0.0"
| #define PACKAGE_BUGREPORT "www.polar.org"
| #define PACKAGE_URL ""
| #define HAVE_CXX11 1
| #define STDC_HEADERS 1
| #define HAVE_SYS_TYPES_H 1
| #define HAVE_SYS_STAT_H 1
| #define HAVE_STDLIB_H 1
| #define HAVE_STRING_H 1
| #define HAVE_MEMORY_H 1
| #define HAVE_STRINGS_H 1
| #define HAVE_INTTYPES_H 1
| #define HAVE_STDINT_H 1
| #define HAVE_UNISTD_H 1
| #define HAVE_DLFCN_H 1
| #define LT_OBJDIR ".libs/"
| #define USE_ASM 1
| #define ENABLE_SSE41 1
| #define ENABLE_AVX2 1
| #define ENABLE_SHANI 1
| #define HAVE_PTHREAD_PRIO_INHERIT 1
| #define HAVE_PTHREAD 1
| #define HAVE_DECL_STRERROR_R 1
| #define HAVE_STRERROR_R 1
| #define STRERROR_R_CHAR_P 1
| #define HAVE_FUNC_ATTRIBUTE_VISIBILITY 1
| #define HAVE_ENDIAN_H 1
| /* end confdefs.h.  */
| #include <stdio.h>
| #ifdef HAVE_SYS_TYPES_H
| # include <sys/types.h>
| #endif
| #ifdef HAVE_SYS_STAT_H
| # include <sys/stat.h>
| #endif
| #ifdef STDC_HEADERS
| # include <stdlib.h>
| # include <stddef.h>
| #else
| # ifdef HAVE_STDLIB_H
| #  include <stdlib.h>
| # endif
| #endif
| #ifdef HAVE_STRING_H
| # if !defined STDC_HEADERS && defined HAVE_MEMORY_H
| #  include <memory.h>
| # endif
| # include <string.h>
| #endif
| #ifdef HAVE_STRINGS_H
| # include <strings.h>
| #endif
| #ifdef HAVE_INTTYPES_H
| # include <inttypes.h>
| #endif
| #ifdef HAVE_STDINT_H
| # include <stdint.h>
| #endif
| #ifdef HAVE_UNISTD_H
| # include <unistd.h>
| #endif
| #include <sys/endian.h>
configure:24072: result: no
configure:24072: checking sys/endian.h presence
configure:24072: g++ -m64 -std=c++11 -E -I/home/administrator/walletbuilders/build_environment/pivx/3.3.0/depends/x86_64-w64-linux/share/../include/  -DHAVE_BUILD_INFO -D__STDC_FORMAT_MACROS conftest.cpp
conftest.cpp:33:10: fatal error: sys/endian.h: No such file or directory
 #include <sys/endian.h>
          ^~~~~~~~~~~~~~
compilation terminated.
configure:24072: $? = 1
configure: failed program was:
| /* confdefs.h */
| #define PACKAGE_NAME "Polar Core"
| #define PACKAGE_TARNAME "polar"
| #define PACKAGE_VERSION "1.0.0"
| #define PACKAGE_STRING "Polar Core 1.0.0"
| #define PACKAGE_BUGREPORT "www.polar.org"
| #define PACKAGE_URL ""
| #define HAVE_CXX11 1
| #define STDC_HEADERS 1
| #define HAVE_SYS_TYPES_H 1
| #define HAVE_SYS_STAT_H 1
| #define HAVE_STDLIB_H 1
| #define HAVE_STRING_H 1
| #define HAVE_MEMORY_H 1
| #define HAVE_STRINGS_H 1
| #define HAVE_INTTYPES_H 1
| #define HAVE_STDINT_H 1
| #define HAVE_UNISTD_H 1
| #define HAVE_DLFCN_H 1
| #define LT_OBJDIR ".libs/"
| #define USE_ASM 1
| #define ENABLE_SSE41 1
| #define ENABLE_AVX2 1
| #define ENABLE_SHANI 1
| #define HAVE_PTHREAD_PRIO_INHERIT 1
| #define HAVE_PTHREAD 1
| #define HAVE_DECL_STRERROR_R 1
| #define HAVE_STRERROR_R 1
| #define STRERROR_R_CHAR_P 1
| #define HAVE_FUNC_ATTRIBUTE_VISIBILITY 1
| #define HAVE_ENDIAN_H 1
| /* end confdefs.h.  */
| #include <sys/endian.h>
configure:24072: result: no
configure:24072: checking for sys/endian.h
configure:24072: result: no
configure:24072: checking byteswap.h usability
configure:24072: g++ -m64 -std=c++11 -c -pipe -O2  -I/home/administrator/walletbuilders/build_environment/pivx/3.3.0/depends/x86_64-w64-linux/share/../include/  -DHAVE_BUILD_INFO -D__STDC_FORMAT_MACROS conftest.cpp >&5
configure:24072: $? = 0
configure:24072: result: yes
configure:24072: checking byteswap.h presence
configure:24072: g++ -m64 -std=c++11 -E -I/home/administrator/walletbuilders/build_environment/pivx/3.3.0/depends/x86_64-w64-linux/share/../include/  -DHAVE_BUILD_INFO -D__STDC_FORMAT_MACROS conftest.cpp
configure:24072: $? = 0
configure:24072: result: yes
configure:24072: checking for byteswap.h
configure:24072: result: yes
configure:24072: checking stdio.h usability
configure:24072: g++ -m64 -std=c++11 -c -pipe -O2  -I/home/administrator/walletbuilders/build_environment/pivx/3.3.0/depends/x86_64-w64-linux/share/../include/  -DHAVE_BUILD_INFO -D__STDC_FORMAT_MACROS conftest.cpp >&5
configure:24072: $? = 0
configure:24072: result: yes
configure:24072: checking stdio.h presence
configure:24072: g++ -m64 -std=c++11 -E -I/home/administrator/walletbuilders/build_environment/pivx/3.3.0/depends/x86_64-w64-linux/share/../include/  -DHAVE_BUILD_INFO -D__STDC_FORMAT_MACROS conftest.cpp
configure:24072: $? = 0
configure:24072: result: yes
configure:24072: checking for stdio.h
configure:24072: result: yes
configure:24072: checking for stdlib.h
configure:24072: result: yes
configure:24072: checking for unistd.h
configure:24072: result: yes
configure:24072: checking for strings.h
configure:24072: result: yes
configure:24072: checking for sys/types.h
configure:24072: result: yes
configure:24072: checking for sys/stat.h
configure:24072: result: yes
configure:24072: checking sys/select.h usability
configure:24072: g++ -m64 -std=c++11 -c -pipe -O2  -I/home/administrator/walletbuilders/build_environment/pivx/3.3.0/depends/x86_64-w64-linux/share/../include/  -DHAVE_BUILD_INFO -D__STDC_FORMAT_MACROS conftest.cpp >&5
configure:24072: $? = 0
configure:24072: result: yes
configure:24072: checking sys/select.h presence
configure:24072: g++ -m64 -std=c++11 -E -I/home/administrator/walletbuilders/build_environment/pivx/3.3.0/depends/x86_64-w64-linux/share/../include/  -DHAVE_BUILD_INFO -D__STDC_FORMAT_MACROS conftest.cpp
configure:24072: $? = 0
configure:24072: result: yes
configure:24072: checking for sys/select.h
configure:24072: result: yes
configure:24072: checking sys/prctl.h usability
configure:24072: g++ -m64 -std=c++11 -c -pipe -O2  -I/home/administrator/walletbuilders/build_environment/pivx/3.3.0/depends/x86_64-w64-linux/share/../include/  -DHAVE_BUILD_INFO -D__STDC_FORMAT_MACROS conftest.cpp >&5
configure:24072: $? = 0
configure:24072: result: yes
configure:24072: checking sys/prctl.h presence
configure:24072: g++ -m64 -std=c++11 -E -I/home/administrator/walletbuilders/build_environment/pivx/3.3.0/depends/x86_64-w64-linux/share/../include/  -DHAVE_BUILD_INFO -D__STDC_FORMAT_MACROS conftest.cpp
configure:24072: $? = 0
configure:24072: result: yes
configure:24072: checking for sys/prctl.h
configure:24072: result: yes
configure:24083: checking whether strnlen is declared
configure:24083: g++ -m64 -std=c++11 -c -pipe -O2  -I/home/administrator/walletbuilders/build_environment/pivx/3.3.0/depends/x86_64-w64-linux/share/../include/  -DHAVE_BUILD_INFO -D__STDC_FORMAT_MACROS conftest.cpp >&5
configure:24083: $? = 0
configure:24083: result: yes
configure:24096: checking whether daemon is declared
configure:24096: g++ -m64 -std=c++11 -c -pipe -O2  -I/home/administrator/walletbuilders/build_environment/pivx/3.3.0/depends/x86_64-w64-linux/share/../include/  -DHAVE_BUILD_INFO -D__STDC_FORMAT_MACROS conftest.cpp >&5
configure:24096: $? = 0
configure:24096: result: yes
configure:24108: checking whether le16toh is declared
configure:24108: g++ -m64 -std=c++11 -c -pipe -O2  -I/home/administrator/walletbuilders/build_environment/pivx/3.3.0/depends/x86_64-w64-linux/share/../include/  -DHAVE_BUILD_INFO -D__STDC_FORMAT_MACROS conftest.cpp >&5
configure:24108: $? = 0
configure:24108: result: yes
configure:24123: checking whether le32toh is declared
configure:24123: g++ -m64 -std=c++11 -c -pipe -O2  -I/home/administrator/walletbuilders/build_environment/pivx/3.3.0/depends/x86_64-w64-linux/share/../include/  -DHAVE_BUILD_INFO -D__STDC_FORMAT_MACROS conftest.cpp >&5
configure:24123: $? = 0
configure:24123: result: yes
configure:24138: checking whether le64toh is declared
configure:24138: g++ -m64 -std=c++11 -c -pipe -O2  -I/home/administrator/walletbuilders/build_environment/pivx/3.3.0/depends/x86_64-w64-linux/share/../include/  -DHAVE_BUILD_INFO -D__STDC_FORMAT_MACROS conftest.cpp >&5
configure:24138: $? = 0
configure:24138: result: yes
configure:24153: checking whether htole16 is declared
configure:24153: g++ -m64 -std=c++11 -c -pipe -O2  -I/home/administrator/walletbuilders/build_environment/pivx/3.3.0/depends/x86_64-w64-linux/share/../include/  -DHAVE_BUILD_INFO -D__STDC_FORMAT_MACROS conftest.cpp >&5
configure:24153: $? = 0
configure:24153: result: yes
configure:24168: checking whether htole32 is declared
configure:24168: g++ -m64 -std=c++11 -c -pipe -O2  -I/home/administrator/walletbuilders/build_environment/pivx/3.3.0/depends/x86_64-w64-linux/share/../include/  -DHAVE_BUILD_INFO -D__STDC_FORMAT_MACROS conftest.cpp >&5
configure:24168: $? = 0
configure:24168: result: yes
configure:24183: checking whether htole64 is declared
configure:24183: g++ -m64 -std=c++11 -c -pipe -O2  -I/home/administrator/walletbuilders/build_environment/pivx/3.3.0/depends/x86_64-w64-linux/share/../include/  -DHAVE_BUILD_INFO -D__STDC_FORMAT_MACROS conftest.cpp >&5
configure:24183: $? = 0
configure:24183: result: yes
configure:24198: checking whether be16toh is declared
configure:24198: g++ -m64 -std=c++11 -c -pipe -O2  -I/home/administrator/walletbuilders/build_environment/pivx/3.3.0/depends/x86_64-w64-linux/share/../include/  -DHAVE_BUILD_INFO -D__STDC_FORMAT_MACROS conftest.cpp >&5
configure:24198: $? = 0
configure:24198: result: yes
configure:24213: checking whether be32toh is declared
configure:24213: g++ -m64 -std=c++11 -c -pipe -O2  -I/home/administrator/walletbuilders/build_environment/pivx/3.3.0/depends/x86_64-w64-linux/share/../include/  -DHAVE_BUILD_INFO -D__STDC_FORMAT_MACROS conftest.cpp >&5
configure:24213: $? = 0
configure:24213: result: yes
configure:24228: checking whether be64toh is declared
configure:24228: g++ -m64 -std=c++11 -c -pipe -O2  -I/home/administrator/walletbuilders/build_environment/pivx/3.3.0/depends/x86_64-w64-linux/share/../include/  -DHAVE_BUILD_INFO -D__STDC_FORMAT_MACROS conftest.cpp >&5
configure:24228: $? = 0
configure:24228: result: yes
configure:24243: checking whether htobe16 is declared
configure:24243: g++ -m64 -std=c++11 -c -pipe -O2  -I/home/administrator/walletbuilders/build_environment/pivx/3.3.0/depends/x86_64-w64-linux/share/../include/  -DHAVE_BUILD_INFO -D__STDC_FORMAT_MACROS conftest.cpp >&5
configure:24243: $? = 0
configure:24243: result: yes
configure:24258: checking whether htobe32 is declared
configure:24258: g++ -m64 -std=c++11 -c -pipe -O2  -I/home/administrator/walletbuilders/build_environment/pivx/3.3.0/depends/x86_64-w64-linux/share/../include/  -DHAVE_BUILD_INFO -D__STDC_FORMAT_MACROS conftest.cpp >&5
configure:24258: $? = 0
configure:24258: result: yes
configure:24273: checking whether htobe64 is declared
configure:24273: g++ -m64 -std=c++11 -c -pipe -O2  -I/home/administrator/walletbuilders/build_environment/pivx/3.3.0/depends/x86_64-w64-linux/share/../include/  -DHAVE_BUILD_INFO -D__STDC_FORMAT_MACROS conftest.cpp >&5
configure:24273: $? = 0
configure:24273: result: yes
configure:24290: checking whether bswap_16 is declared
configure:24290: g++ -m64 -std=c++11 -c -pipe -O2  -I/home/administrator/walletbuilders/build_environment/pivx/3.3.0/depends/x86_64-w64-linux/share/../include/  -DHAVE_BUILD_INFO -D__STDC_FORMAT_MACROS conftest.cpp >&5
configure:24290: $? = 0
configure:24290: result: yes
configure:24303: checking whether bswap_32 is declared
configure:24303: g++ -m64 -std=c++11 -c -pipe -O2  -I/home/administrator/walletbuilders/build_environment/pivx/3.3.0/depends/x86_64-w64-linux/share/../include/  -DHAVE_BUILD_INFO -D__STDC_FORMAT_MACROS conftest.cpp >&5
configure:24303: $? = 0
configure:24303: result: yes
configure:24316: checking whether bswap_64 is declared
configure:24316: g++ -m64 -std=c++11 -c -pipe -O2  -I/home/administrator/walletbuilders/build_environment/pivx/3.3.0/depends/x86_64-w64-linux/share/../include/  -DHAVE_BUILD_INFO -D__STDC_FORMAT_MACROS conftest.cpp >&5
configure:24316: $? = 0
configure:24316: result: yes
configure:24331: checking whether __builtin_clz is declared
configure:24331: g++ -m64 -std=c++11 -c -pipe -O2  -I/home/administrator/walletbuilders/build_environment/pivx/3.3.0/depends/x86_64-w64-linux/share/../include/  -DHAVE_BUILD_INFO -D__STDC_FORMAT_MACROS conftest.cpp >&5
configure:24331: $? = 0
configure:24331: result: yes
configure:24341: checking whether __builtin_clzl is declared
configure:24341: g++ -m64 -std=c++11 -c -pipe -O2  -I/home/administrator/walletbuilders/build_environment/pivx/3.3.0/depends/x86_64-w64-linux/share/../include/  -DHAVE_BUILD_INFO -D__STDC_FORMAT_MACROS conftest.cpp >&5
configure:24341: $? = 0
configure:24341: result: yes
configure:24351: checking whether __builtin_clzll is declared
configure:24351: g++ -m64 -std=c++11 -c -pipe -O2  -I/home/administrator/walletbuilders/build_environment/pivx/3.3.0/depends/x86_64-w64-linux/share/../include/  -DHAVE_BUILD_INFO -D__STDC_FORMAT_MACROS conftest.cpp >&5
configure:24351: $? = 0
configure:24351: result: yes
configure:24363: checking for getmemoryinfo
configure:24376: g++ -m64 -std=c++11 -c -pipe -O2  -I/home/administrator/walletbuilders/build_environment/pivx/3.3.0/depends/x86_64-w64-linux/share/../include/  -DHAVE_BUILD_INFO -D__STDC_FORMAT_MACROS conftest.cpp >&5
configure:24376: $? = 0
configure:24377: result: yes
configure:24388: checking for mallopt M_ARENA_MAX
configure:24401: g++ -m64 -std=c++11 -c -pipe -O2  -I/home/administrator/walletbuilders/build_environment/pivx/3.3.0/depends/x86_64-w64-linux/share/../include/  -DHAVE_BUILD_INFO -D__STDC_FORMAT_MACROS conftest.cpp >&5
configure:24401: $? = 0
configure:24402: result: yes
configure:24413: checking for visibility attribute
configure:24422: g++ -m64 -std=c++11 -o conftest -pipe -O2  -I/home/administrator/walletbuilders/build_environment/pivx/3.3.0/depends/x86_64-w64-linux/share/../include/  -DHAVE_BUILD_INFO -D__STDC_FORMAT_MACROS -L/home/administrator/walletbuilders/build_environment/pivx/3.3.0/depends/x86_64-w64-linux/share/../lib  conftest.cpp  >&5
configure:24422: $? = 0
configure:24427: result: yes
configure:24445: checking for thread_local support
configure:24459: g++ -m64 -std=c++11 -o conftest -pipe -O2  -I/home/administrator/walletbuilders/build_environment/pivx/3.3.0/depends/x86_64-w64-linux/share/../include/  -DHAVE_BUILD_INFO -D__STDC_FORMAT_MACROS -L/home/administrator/walletbuilders/build_environment/pivx/3.3.0/depends/x86_64-w64-linux/share/../lib  -pthread conftest.cpp  >&5
configure:24459: $? = 0
configure:24464: result: yes
configure:24538: checking for Berkeley DB C++ headers
configure:24568: g++ -m64 -std=c++11 -c -pipe -O2  -I/home/administrator/walletbuilders/build_environment/pivx/3.3.0/depends/x86_64-w64-linux/share/../include/  -DHAVE_BUILD_INFO -D__STDC_FORMAT_MACROS conftest.cpp >&5
conftest.cpp:67:18: fatal error: bdb4.8/db_cxx.h: No such file or directory
         #include <bdb4.8/db_cxx.h>
                  ^~~~~~~~~~~~~~~~~
compilation terminated.
configure:24568: $? = 1
configure: failed program was:
| /* confdefs.h */
| #define PACKAGE_NAME "Polar Core"
| #define PACKAGE_TARNAME "polar"
| #define PACKAGE_VERSION "1.0.0"
| #define PACKAGE_STRING "Polar Core 1.0.0"
| #define PACKAGE_BUGREPORT "www.polar.org"
| #define PACKAGE_URL ""
| #define HAVE_CXX11 1
| #define STDC_HEADERS 1
| #define HAVE_SYS_TYPES_H 1
| #define HAVE_SYS_STAT_H 1
| #define HAVE_STDLIB_H 1
| #define HAVE_STRING_H 1
| #define HAVE_MEMORY_H 1
| #define HAVE_STRINGS_H 1
| #define HAVE_INTTYPES_H 1
| #define HAVE_STDINT_H 1
| #define HAVE_UNISTD_H 1
| #define HAVE_DLFCN_H 1
| #define LT_OBJDIR ".libs/"
| #define USE_ASM 1
| #define ENABLE_SSE41 1
| #define ENABLE_AVX2 1
| #define ENABLE_SHANI 1
| #define HAVE_PTHREAD_PRIO_INHERIT 1
| #define HAVE_PTHREAD 1
| #define HAVE_DECL_STRERROR_R 1
| #define HAVE_STRERROR_R 1
| #define STRERROR_R_CHAR_P 1
| #define HAVE_FUNC_ATTRIBUTE_VISIBILITY 1
| #define HAVE_ENDIAN_H 1
| #define HAVE_BYTESWAP_H 1
| #define HAVE_STDIO_H 1
| #define HAVE_STDLIB_H 1
| #define HAVE_UNISTD_H 1
| #define HAVE_STRINGS_H 1
| #define HAVE_SYS_TYPES_H 1
| #define HAVE_SYS_STAT_H 1
| #define HAVE_SYS_SELECT_H 1
| #define HAVE_SYS_PRCTL_H 1
| #define HAVE_DECL_STRNLEN 1
| #define HAVE_DECL_DAEMON 1
| #define HAVE_DECL_LE16TOH 1
| #define HAVE_DECL_LE32TOH 1
| #define HAVE_DECL_LE64TOH 1
| #define HAVE_DECL_HTOLE16 1
| #define HAVE_DECL_HTOLE32 1
| #define HAVE_DECL_HTOLE64 1
| #define HAVE_DECL_BE16TOH 1
| #define HAVE_DECL_BE32TOH 1
| #define HAVE_DECL_BE64TOH 1
| #define HAVE_DECL_HTOBE16 1
| #define HAVE_DECL_HTOBE32 1
| #define HAVE_DECL_HTOBE64 1
| #define HAVE_DECL_BSWAP_16 1
| #define HAVE_DECL_BSWAP_32 1
| #define HAVE_DECL_BSWAP_64 1
| #define HAVE_DECL___BUILTIN_CLZ 1
| #define HAVE_DECL___BUILTIN_CLZL 1
| #define HAVE_DECL___BUILTIN_CLZLL 1
| #define HAVE_MALLOC_INFO 1
| #define HAVE_MALLOPT_ARENA_MAX 1
| #define HAVE_VISIBILITY_ATTRIBUTE 1
| #define HAVE_THREAD_LOCAL 1
| /* end confdefs.h.  */
| 
|         #include <bdb4.8/db_cxx.h>
| 
| int
| main ()
| {
| 
|         #if !((DB_VERSION_MAJOR == 4 && DB_VERSION_MINOR >= 8) || DB_VERSION_MAJOR > 4)
|           #error "failed to find bdb 4.8+"
|         #endif
| 
|   ;
|   return 0;
| }
configure:24568: g++ -m64 -std=c++11 -c -pipe -O2  -I/home/administrator/walletbuilders/build_environment/pivx/3.3.0/depends/x86_64-w64-linux/share/../include/  -DHAVE_BUILD_INFO -D__STDC_FORMAT_MACROS conftest.cpp >&5
conftest.cpp:67:18: fatal error: libdb4.8/db_cxx.h: No such file or directory
         #include <libdb4.8/db_cxx.h>
                  ^~~~~~~~~~~~~~~~~~~
compilation terminated.
configure:24568: $? = 1
configure: failed program was:
| /* confdefs.h */
| #define PACKAGE_NAME "Polar Core"
| #define PACKAGE_TARNAME "polar"
| #define PACKAGE_VERSION "1.0.0"
| #define PACKAGE_STRING "Polar Core 1.0.0"
| #define PACKAGE_BUGREPORT "www.polar.org"
| #define PACKAGE_URL ""
| #define HAVE_CXX11 1
| #define STDC_HEADERS 1
| #define HAVE_SYS_TYPES_H 1
| #define HAVE_SYS_STAT_H 1
| #define HAVE_STDLIB_H 1
| #define HAVE_STRING_H 1
| #define HAVE_MEMORY_H 1
| #define HAVE_STRINGS_H 1
| #define HAVE_INTTYPES_H 1
| #define HAVE_STDINT_H 1
| #define HAVE_UNISTD_H 1
| #define HAVE_DLFCN_H 1
| #define LT_OBJDIR ".libs/"
| #define USE_ASM 1
| #define ENABLE_SSE41 1
| #define ENABLE_AVX2 1
| #define ENABLE_SHANI 1
| #define HAVE_PTHREAD_PRIO_INHERIT 1
| #define HAVE_PTHREAD 1
| #define HAVE_DECL_STRERROR_R 1
| #define HAVE_STRERROR_R 1
| #define STRERROR_R_CHAR_P 1
| #define HAVE_FUNC_ATTRIBUTE_VISIBILITY 1
| #define HAVE_ENDIAN_H 1
| #define HAVE_BYTESWAP_H 1
| #define HAVE_STDIO_H 1
| #define HAVE_STDLIB_H 1
| #define HAVE_UNISTD_H 1
| #define HAVE_STRINGS_H 1
| #define HAVE_SYS_TYPES_H 1
| #define HAVE_SYS_STAT_H 1
| #define HAVE_SYS_SELECT_H 1
| #define HAVE_SYS_PRCTL_H 1
| #define HAVE_DECL_STRNLEN 1
| #define HAVE_DECL_DAEMON 1
| #define HAVE_DECL_LE16TOH 1
| #define HAVE_DECL_LE32TOH 1
| #define HAVE_DECL_LE64TOH 1
| #define HAVE_DECL_HTOLE16 1
| #define HAVE_DECL_HTOLE32 1
| #define HAVE_DECL_HTOLE64 1
| #define HAVE_DECL_BE16TOH 1
| #define HAVE_DECL_BE32TOH 1
| #define HAVE_DECL_BE64TOH 1
| #define HAVE_DECL_HTOBE16 1
| #define HAVE_DECL_HTOBE32 1
| #define HAVE_DECL_HTOBE64 1
| #define HAVE_DECL_BSWAP_16 1
| #define HAVE_DECL_BSWAP_32 1
| #define HAVE_DECL_BSWAP_64 1
| #define HAVE_DECL___BUILTIN_CLZ 1
| #define HAVE_DECL___BUILTIN_CLZL 1
| #define HAVE_DECL___BUILTIN_CLZLL 1
| #define HAVE_MALLOC_INFO 1
| #define HAVE_MALLOPT_ARENA_MAX 1
| #define HAVE_VISIBILITY_ATTRIBUTE 1
| #define HAVE_THREAD_LOCAL 1
| /* end confdefs.h.  */
| 
|         #include <libdb4.8/db_cxx.h>
| 
| int
| main ()
| {
| 
|         #if !((DB_VERSION_MAJOR == 4 && DB_VERSION_MINOR >= 8) || DB_VERSION_MAJOR > 4)
|           #error "failed to find bdb 4.8+"
|         #endif
| 
|   ;
|   return 0;
| }
configure:24568: g++ -m64 -std=c++11 -c -pipe -O2  -I/home/administrator/walletbuilders/build_environment/pivx/3.3.0/depends/x86_64-w64-linux/share/../include/  -DHAVE_BUILD_INFO -D__STDC_FORMAT_MACROS conftest.cpp >&5
conftest.cpp:67:18: fatal error: db4.8/db_cxx.h: No such file or directory
         #include <db4.8/db_cxx.h>
                  ^~~~~~~~~~~~~~~~
compilation terminated.
configure:24568: $? = 1
configure: failed program was:
| /* confdefs.h */
| #define PACKAGE_NAME "Polar Core"
| #define PACKAGE_TARNAME "polar"
| #define PACKAGE_VERSION "1.0.0"
| #define PACKAGE_STRING "Polar Core 1.0.0"
| #define PACKAGE_BUGREPORT "www.polar.org"
| #define PACKAGE_URL ""
| #define HAVE_CXX11 1
| #define STDC_HEADERS 1
| #define HAVE_SYS_TYPES_H 1
| #define HAVE_SYS_STAT_H 1
| #define HAVE_STDLIB_H 1
| #define HAVE_STRING_H 1
| #define HAVE_MEMORY_H 1
| #define HAVE_STRINGS_H 1
| #define HAVE_INTTYPES_H 1
| #define HAVE_STDINT_H 1
| #define HAVE_UNISTD_H 1
| #define HAVE_DLFCN_H 1
| #define LT_OBJDIR ".libs/"
| #define USE_ASM 1
| #define ENABLE_SSE41 1
| #define ENABLE_AVX2 1
| #define ENABLE_SHANI 1
| #define HAVE_PTHREAD_PRIO_INHERIT 1
| #define HAVE_PTHREAD 1
| #define HAVE_DECL_STRERROR_R 1
| #define HAVE_STRERROR_R 1
| #define STRERROR_R_CHAR_P 1
| #define HAVE_FUNC_ATTRIBUTE_VISIBILITY 1
| #define HAVE_ENDIAN_H 1
| #define HAVE_BYTESWAP_H 1
| #define HAVE_STDIO_H 1
| #define HAVE_STDLIB_H 1
| #define HAVE_UNISTD_H 1
| #define HAVE_STRINGS_H 1
| #define HAVE_SYS_TYPES_H 1
| #define HAVE_SYS_STAT_H 1
| #define HAVE_SYS_SELECT_H 1
| #define HAVE_SYS_PRCTL_H 1
| #define HAVE_DECL_STRNLEN 1
| #define HAVE_DECL_DAEMON 1
| #define HAVE_DECL_LE16TOH 1
| #define HAVE_DECL_LE32TOH 1
| #define HAVE_DECL_LE64TOH 1
| #define HAVE_DECL_HTOLE16 1
| #define HAVE_DECL_HTOLE32 1
| #define HAVE_DECL_HTOLE64 1
| #define HAVE_DECL_BE16TOH 1
| #define HAVE_DECL_BE32TOH 1
| #define HAVE_DECL_BE64TOH 1
| #define HAVE_DECL_HTOBE16 1
| #define HAVE_DECL_HTOBE32 1
| #define HAVE_DECL_HTOBE64 1
| #define HAVE_DECL_BSWAP_16 1
| #define HAVE_DECL_BSWAP_32 1
| #define HAVE_DECL_BSWAP_64 1
| #define HAVE_DECL___BUILTIN_CLZ 1
| #define HAVE_DECL___BUILTIN_CLZL 1
| #define HAVE_DECL___BUILTIN_CLZLL 1
| #define HAVE_MALLOC_INFO 1
| #define HAVE_MALLOPT_ARENA_MAX 1
| #define HAVE_VISIBILITY_ATTRIBUTE 1
| #define HAVE_THREAD_LOCAL 1
| /* end confdefs.h.  */
| 
|         #include <db4.8/db_cxx.h>
| 
| int
| main ()
| {
| 
|         #if !((DB_VERSION_MAJOR == 4 && DB_VERSION_MINOR >= 8) || DB_VERSION_MAJOR > 4)
|           #error "failed to find bdb 4.8+"
|         #endif
| 
|   ;
|   return 0;
| }
configure:24568: g++ -m64 -std=c++11 -c -pipe -O2  -I/home/administrator/walletbuilders/build_environment/pivx/3.3.0/depends/x86_64-w64-linux/share/../include/  -DHAVE_BUILD_INFO -D__STDC_FORMAT_MACROS conftest.cpp >&5
conftest.cpp:67:18: fatal error: bdb48/db_cxx.h: No such file or directory
         #include <bdb48/db_cxx.h>
                  ^~~~~~~~~~~~~~~~
compilation terminated.
configure:24568: $? = 1
configure: failed program was:
| /* confdefs.h */
| #define PACKAGE_NAME "Polar Core"
| #define PACKAGE_TARNAME "polar"
| #define PACKAGE_VERSION "1.0.0"
| #define PACKAGE_STRING "Polar Core 1.0.0"
| #define PACKAGE_BUGREPORT "www.polar.org"
| #define PACKAGE_URL ""
| #define HAVE_CXX11 1
| #define STDC_HEADERS 1
| #define HAVE_SYS_TYPES_H 1
| #define HAVE_SYS_STAT_H 1
| #define HAVE_STDLIB_H 1
| #define HAVE_STRING_H 1
| #define HAVE_MEMORY_H 1
| #define HAVE_STRINGS_H 1
| #define HAVE_INTTYPES_H 1
| #define HAVE_STDINT_H 1
| #define HAVE_UNISTD_H 1
| #define HAVE_DLFCN_H 1
| #define LT_OBJDIR ".libs/"
| #define USE_ASM 1
| #define ENABLE_SSE41 1
| #define ENABLE_AVX2 1
| #define ENABLE_SHANI 1
| #define HAVE_PTHREAD_PRIO_INHERIT 1
| #define HAVE_PTHREAD 1
| #define HAVE_DECL_STRERROR_R 1
| #define HAVE_STRERROR_R 1
| #define STRERROR_R_CHAR_P 1
| #define HAVE_FUNC_ATTRIBUTE_VISIBILITY 1
| #define HAVE_ENDIAN_H 1
| #define HAVE_BYTESWAP_H 1
| #define HAVE_STDIO_H 1
| #define HAVE_STDLIB_H 1
| #define HAVE_UNISTD_H 1
| #define HAVE_STRINGS_H 1
| #define HAVE_SYS_TYPES_H 1
| #define HAVE_SYS_STAT_H 1
| #define HAVE_SYS_SELECT_H 1
| #define HAVE_SYS_PRCTL_H 1
| #define HAVE_DECL_STRNLEN 1
| #define HAVE_DECL_DAEMON 1
| #define HAVE_DECL_LE16TOH 1
| #define HAVE_DECL_LE32TOH 1
| #define HAVE_DECL_LE64TOH 1
| #define HAVE_DECL_HTOLE16 1
| #define HAVE_DECL_HTOLE32 1
| #define HAVE_DECL_HTOLE64 1
| #define HAVE_DECL_BE16TOH 1
| #define HAVE_DECL_BE32TOH 1
| #define HAVE_DECL_BE64TOH 1
| #define HAVE_DECL_HTOBE16 1
| #define HAVE_DECL_HTOBE32 1
| #define HAVE_DECL_HTOBE64 1
| #define HAVE_DECL_BSWAP_16 1
| #define HAVE_DECL_BSWAP_32 1
| #define HAVE_DECL_BSWAP_64 1
| #define HAVE_DECL___BUILTIN_CLZ 1
| #define HAVE_DECL___BUILTIN_CLZL 1
| #define HAVE_DECL___BUILTIN_CLZLL 1
| #define HAVE_MALLOC_INFO 1
| #define HAVE_MALLOPT_ARENA_MAX 1
| #define HAVE_VISIBILITY_ATTRIBUTE 1
| #define HAVE_THREAD_LOCAL 1
| /* end confdefs.h.  */
| 
|         #include <bdb48/db_cxx.h>
| 
| int
| main ()
| {
| 
|         #if !((DB_VERSION_MAJOR == 4 && DB_VERSION_MINOR >= 8) || DB_VERSION_MAJOR > 4)
|           #error "failed to find bdb 4.8+"
|         #endif
| 
|   ;
|   return 0;
| }
configure:24568: g++ -m64 -std=c++11 -c -pipe -O2  -I/home/administrator/walletbuilders/build_environment/pivx/3.3.0/depends/x86_64-w64-linux/share/../include/  -DHAVE_BUILD_INFO -D__STDC_FORMAT_MACROS conftest.cpp >&5
conftest.cpp:67:18: fatal error: libdb48/db_cxx.h: No such file or directory
         #include <libdb48/db_cxx.h>
                  ^~~~~~~~~~~~~~~~~~
compilation terminated.
configure:24568: $? = 1
configure: failed program was:
| /* confdefs.h */
| #define PACKAGE_NAME "Polar Core"
| #define PACKAGE_TARNAME "polar"
| #define PACKAGE_VERSION "1.0.0"
| #define PACKAGE_STRING "Polar Core 1.0.0"
| #define PACKAGE_BUGREPORT "www.polar.org"
| #define PACKAGE_URL ""
| #define HAVE_CXX11 1
| #define STDC_HEADERS 1
| #define HAVE_SYS_TYPES_H 1
| #define HAVE_SYS_STAT_H 1
| #define HAVE_STDLIB_H 1
| #define HAVE_STRING_H 1
| #define HAVE_MEMORY_H 1
| #define HAVE_STRINGS_H 1
| #define HAVE_INTTYPES_H 1
| #define HAVE_STDINT_H 1
| #define HAVE_UNISTD_H 1
| #define HAVE_DLFCN_H 1
| #define LT_OBJDIR ".libs/"
| #define USE_ASM 1
| #define ENABLE_SSE41 1
| #define ENABLE_AVX2 1
| #define ENABLE_SHANI 1
| #define HAVE_PTHREAD_PRIO_INHERIT 1
| #define HAVE_PTHREAD 1
| #define HAVE_DECL_STRERROR_R 1
| #define HAVE_STRERROR_R 1
| #define STRERROR_R_CHAR_P 1
| #define HAVE_FUNC_ATTRIBUTE_VISIBILITY 1
| #define HAVE_ENDIAN_H 1
| #define HAVE_BYTESWAP_H 1
| #define HAVE_STDIO_H 1
| #define HAVE_STDLIB_H 1
| #define HAVE_UNISTD_H 1
| #define HAVE_STRINGS_H 1
| #define HAVE_SYS_TYPES_H 1
| #define HAVE_SYS_STAT_H 1
| #define HAVE_SYS_SELECT_H 1
| #define HAVE_SYS_PRCTL_H 1
| #define HAVE_DECL_STRNLEN 1
| #define HAVE_DECL_DAEMON 1
| #define HAVE_DECL_LE16TOH 1
| #define HAVE_DECL_LE32TOH 1
| #define HAVE_DECL_LE64TOH 1
| #define HAVE_DECL_HTOLE16 1
| #define HAVE_DECL_HTOLE32 1
| #define HAVE_DECL_HTOLE64 1
| #define HAVE_DECL_BE16TOH 1
| #define HAVE_DECL_BE32TOH 1
| #define HAVE_DECL_BE64TOH 1
| #define HAVE_DECL_HTOBE16 1
| #define HAVE_DECL_HTOBE32 1
| #define HAVE_DECL_HTOBE64 1
| #define HAVE_DECL_BSWAP_16 1
| #define HAVE_DECL_BSWAP_32 1
| #define HAVE_DECL_BSWAP_64 1
| #define HAVE_DECL___BUILTIN_CLZ 1
| #define HAVE_DECL___BUILTIN_CLZL 1
| #define HAVE_DECL___BUILTIN_CLZLL 1
| #define HAVE_MALLOC_INFO 1
| #define HAVE_MALLOPT_ARENA_MAX 1
| #define HAVE_VISIBILITY_ATTRIBUTE 1
| #define HAVE_THREAD_LOCAL 1
| /* end confdefs.h.  */
| 
|         #include <libdb48/db_cxx.h>
| 
| int
| main ()
| {
| 
|         #if !((DB_VERSION_MAJOR == 4 && DB_VERSION_MINOR >= 8) || DB_VERSION_MAJOR > 4)
|           #error "failed to find bdb 4.8+"
|         #endif
| 
|   ;
|   return 0;
| }
configure:24568: g++ -m64 -std=c++11 -c -pipe -O2  -I/home/administrator/walletbuilders/build_environment/pivx/3.3.0/depends/x86_64-w64-linux/share/../include/  -DHAVE_BUILD_INFO -D__STDC_FORMAT_MACROS conftest.cpp >&5
conftest.cpp:67:18: fatal error: db48/db_cxx.h: No such file or directory
         #include <db48/db_cxx.h>
                  ^~~~~~~~~~~~~~~
compilation terminated.
configure:24568: $? = 1
configure: failed program was:
| /* confdefs.h */
| #define PACKAGE_NAME "Polar Core"
| #define PACKAGE_TARNAME "polar"
| #define PACKAGE_VERSION "1.0.0"
| #define PACKAGE_STRING "Polar Core 1.0.0"
| #define PACKAGE_BUGREPORT "www.polar.org"
| #define PACKAGE_URL ""
| #define HAVE_CXX11 1
| #define STDC_HEADERS 1
| #define HAVE_SYS_TYPES_H 1
| #define HAVE_SYS_STAT_H 1
| #define HAVE_STDLIB_H 1
| #define HAVE_STRING_H 1
| #define HAVE_MEMORY_H 1
| #define HAVE_STRINGS_H 1
| #define HAVE_INTTYPES_H 1
| #define HAVE_STDINT_H 1
| #define HAVE_UNISTD_H 1
| #define HAVE_DLFCN_H 1
| #define LT_OBJDIR ".libs/"
| #define USE_ASM 1
| #define ENABLE_SSE41 1
| #define ENABLE_AVX2 1
| #define ENABLE_SHANI 1
| #define HAVE_PTHREAD_PRIO_INHERIT 1
| #define HAVE_PTHREAD 1
| #define HAVE_DECL_STRERROR_R 1
| #define HAVE_STRERROR_R 1
| #define STRERROR_R_CHAR_P 1
| #define HAVE_FUNC_ATTRIBUTE_VISIBILITY 1
| #define HAVE_ENDIAN_H 1
| #define HAVE_BYTESWAP_H 1
| #define HAVE_STDIO_H 1
| #define HAVE_STDLIB_H 1
| #define HAVE_UNISTD_H 1
| #define HAVE_STRINGS_H 1
| #define HAVE_SYS_TYPES_H 1
| #define HAVE_SYS_STAT_H 1
| #define HAVE_SYS_SELECT_H 1
| #define HAVE_SYS_PRCTL_H 1
| #define HAVE_DECL_STRNLEN 1
| #define HAVE_DECL_DAEMON 1
| #define HAVE_DECL_LE16TOH 1
| #define HAVE_DECL_LE32TOH 1
| #define HAVE_DECL_LE64TOH 1
| #define HAVE_DECL_HTOLE16 1
| #define HAVE_DECL_HTOLE32 1
| #define HAVE_DECL_HTOLE64 1
| #define HAVE_DECL_BE16TOH 1
| #define HAVE_DECL_BE32TOH 1
| #define HAVE_DECL_BE64TOH 1
| #define HAVE_DECL_HTOBE16 1
| #define HAVE_DECL_HTOBE32 1
| #define HAVE_DECL_HTOBE64 1
| #define HAVE_DECL_BSWAP_16 1
| #define HAVE_DECL_BSWAP_32 1
| #define HAVE_DECL_BSWAP_64 1
| #define HAVE_DECL___BUILTIN_CLZ 1
| #define HAVE_DECL___BUILTIN_CLZL 1
| #define HAVE_DECL___BUILTIN_CLZLL 1
| #define HAVE_MALLOC_INFO 1
| #define HAVE_MALLOPT_ARENA_MAX 1
| #define HAVE_VISIBILITY_ATTRIBUTE 1
| #define HAVE_THREAD_LOCAL 1
| /* end confdefs.h.  */
| 
|         #include <db48/db_cxx.h>
| 
| int
| main ()
| {
| 
|         #if !((DB_VERSION_MAJOR == 4 && DB_VERSION_MINOR >= 8) || DB_VERSION_MAJOR > 4)
|           #error "failed to find bdb 4.8+"
|         #endif
| 
|   ;
|   return 0;
| }
configure:24568: g++ -m64 -std=c++11 -c -pipe -O2  -I/home/administrator/walletbuilders/build_environment/pivx/3.3.0/depends/x86_64-w64-linux/share/../include/  -DHAVE_BUILD_INFO -D__STDC_FORMAT_MACROS conftest.cpp >&5
conftest.cpp:67:18: fatal error: bdb4/db_cxx.h: No such file or directory
         #include <bdb4/db_cxx.h>
                  ^~~~~~~~~~~~~~~
compilation terminated.
configure:24568: $? = 1
configure: failed program was:
| /* confdefs.h */
| #define PACKAGE_NAME "Polar Core"
| #define PACKAGE_TARNAME "polar"
| #define PACKAGE_VERSION "1.0.0"
| #define PACKAGE_STRING "Polar Core 1.0.0"
| #define PACKAGE_BUGREPORT "www.polar.org"
| #define PACKAGE_URL ""
| #define HAVE_CXX11 1
| #define STDC_HEADERS 1
| #define HAVE_SYS_TYPES_H 1
| #define HAVE_SYS_STAT_H 1
| #define HAVE_STDLIB_H 1
| #define HAVE_STRING_H 1
| #define HAVE_MEMORY_H 1
| #define HAVE_STRINGS_H 1
| #define HAVE_INTTYPES_H 1
| #define HAVE_STDINT_H 1
| #define HAVE_UNISTD_H 1
| #define HAVE_DLFCN_H 1
| #define LT_OBJDIR ".libs/"
| #define USE_ASM 1
| #define ENABLE_SSE41 1
| #define ENABLE_AVX2 1
| #define ENABLE_SHANI 1
| #define HAVE_PTHREAD_PRIO_INHERIT 1
| #define HAVE_PTHREAD 1
| #define HAVE_DECL_STRERROR_R 1
| #define HAVE_STRERROR_R 1
| #define STRERROR_R_CHAR_P 1
| #define HAVE_FUNC_ATTRIBUTE_VISIBILITY 1
| #define HAVE_ENDIAN_H 1
| #define HAVE_BYTESWAP_H 1
| #define HAVE_STDIO_H 1
| #define HAVE_STDLIB_H 1
| #define HAVE_UNISTD_H 1
| #define HAVE_STRINGS_H 1
| #define HAVE_SYS_TYPES_H 1
| #define HAVE_SYS_STAT_H 1
| #define HAVE_SYS_SELECT_H 1
| #define HAVE_SYS_PRCTL_H 1
| #define HAVE_DECL_STRNLEN 1
| #define HAVE_DECL_DAEMON 1
| #define HAVE_DECL_LE16TOH 1
| #define HAVE_DECL_LE32TOH 1
| #define HAVE_DECL_LE64TOH 1
| #define HAVE_DECL_HTOLE16 1
| #define HAVE_DECL_HTOLE32 1
| #define HAVE_DECL_HTOLE64 1
| #define HAVE_DECL_BE16TOH 1
| #define HAVE_DECL_BE32TOH 1
| #define HAVE_DECL_BE64TOH 1
| #define HAVE_DECL_HTOBE16 1
| #define HAVE_DECL_HTOBE32 1
| #define HAVE_DECL_HTOBE64 1
| #define HAVE_DECL_BSWAP_16 1
| #define HAVE_DECL_BSWAP_32 1
| #define HAVE_DECL_BSWAP_64 1
| #define HAVE_DECL___BUILTIN_CLZ 1
| #define HAVE_DECL___BUILTIN_CLZL 1
| #define HAVE_DECL___BUILTIN_CLZLL 1
| #define HAVE_MALLOC_INFO 1
| #define HAVE_MALLOPT_ARENA_MAX 1
| #define HAVE_VISIBILITY_ATTRIBUTE 1
| #define HAVE_THREAD_LOCAL 1
| /* end confdefs.h.  */
| 
|         #include <bdb4/db_cxx.h>
| 
| int
| main ()
| {
| 
|         #if !((DB_VERSION_MAJOR == 4 && DB_VERSION_MINOR >= 8) || DB_VERSION_MAJOR > 4)
|           #error "failed to find bdb 4.8+"
|         #endif
| 
|   ;
|   return 0;
| }
configure:24568: g++ -m64 -std=c++11 -c -pipe -O2  -I/home/administrator/walletbuilders/build_environment/pivx/3.3.0/depends/x86_64-w64-linux/share/../include/  -DHAVE_BUILD_INFO -D__STDC_FORMAT_MACROS conftest.cpp >&5
conftest.cpp:67:18: fatal error: libdb4/db_cxx.h: No such file or directory
         #include <libdb4/db_cxx.h>
                  ^~~~~~~~~~~~~~~~~
compilation terminated.
configure:24568: $? = 1
configure: failed program was:
| /* confdefs.h */
| #define PACKAGE_NAME "Polar Core"
| #define PACKAGE_TARNAME "polar"
| #define PACKAGE_VERSION "1.0.0"
| #define PACKAGE_STRING "Polar Core 1.0.0"
| #define PACKAGE_BUGREPORT "www.polar.org"
| #define PACKAGE_URL ""
| #define HAVE_CXX11 1
| #define STDC_HEADERS 1
| #define HAVE_SYS_TYPES_H 1
| #define HAVE_SYS_STAT_H 1
| #define HAVE_STDLIB_H 1
| #define HAVE_STRING_H 1
| #define HAVE_MEMORY_H 1
| #define HAVE_STRINGS_H 1
| #define HAVE_INTTYPES_H 1
| #define HAVE_STDINT_H 1
| #define HAVE_UNISTD_H 1
| #define HAVE_DLFCN_H 1
| #define LT_OBJDIR ".libs/"
| #define USE_ASM 1
| #define ENABLE_SSE41 1
| #define ENABLE_AVX2 1
| #define ENABLE_SHANI 1
| #define HAVE_PTHREAD_PRIO_INHERIT 1
| #define HAVE_PTHREAD 1
| #define HAVE_DECL_STRERROR_R 1
| #define HAVE_STRERROR_R 1
| #define STRERROR_R_CHAR_P 1
| #define HAVE_FUNC_ATTRIBUTE_VISIBILITY 1
| #define HAVE_ENDIAN_H 1
| #define HAVE_BYTESWAP_H 1
| #define HAVE_STDIO_H 1
| #define HAVE_STDLIB_H 1
| #define HAVE_UNISTD_H 1
| #define HAVE_STRINGS_H 1
| #define HAVE_SYS_TYPES_H 1
| #define HAVE_SYS_STAT_H 1
| #define HAVE_SYS_SELECT_H 1
| #define HAVE_SYS_PRCTL_H 1
| #define HAVE_DECL_STRNLEN 1
| #define HAVE_DECL_DAEMON 1
| #define HAVE_DECL_LE16TOH 1
| #define HAVE_DECL_LE32TOH 1
| #define HAVE_DECL_LE64TOH 1
| #define HAVE_DECL_HTOLE16 1
| #define HAVE_DECL_HTOLE32 1
| #define HAVE_DECL_HTOLE64 1
| #define HAVE_DECL_BE16TOH 1
| #define HAVE_DECL_BE32TOH 1
| #define HAVE_DECL_BE64TOH 1
| #define HAVE_DECL_HTOBE16 1
| #define HAVE_DECL_HTOBE32 1
| #define HAVE_DECL_HTOBE64 1
| #define HAVE_DECL_BSWAP_16 1
| #define HAVE_DECL_BSWAP_32 1
| #define HAVE_DECL_BSWAP_64 1
| #define HAVE_DECL___BUILTIN_CLZ 1
| #define HAVE_DECL___BUILTIN_CLZL 1
| #define HAVE_DECL___BUILTIN_CLZLL 1
| #define HAVE_MALLOC_INFO 1
| #define HAVE_MALLOPT_ARENA_MAX 1
| #define HAVE_VISIBILITY_ATTRIBUTE 1
| #define HAVE_THREAD_LOCAL 1
| /* end confdefs.h.  */
| 
|         #include <libdb4/db_cxx.h>
| 
| int
| main ()
| {
| 
|         #if !((DB_VERSION_MAJOR == 4 && DB_VERSION_MINOR >= 8) || DB_VERSION_MAJOR > 4)
|           #error "failed to find bdb 4.8+"
|         #endif
| 
|   ;
|   return 0;
| }
configure:24568: g++ -m64 -std=c++11 -c -pipe -O2  -I/home/administrator/walletbuilders/build_environment/pivx/3.3.0/depends/x86_64-w64-linux/share/../include/  -DHAVE_BUILD_INFO -D__STDC_FORMAT_MACROS conftest.cpp >&5
conftest.cpp:67:18: fatal error: db4/db_cxx.h: No such file or directory
         #include <db4/db_cxx.h>
                  ^~~~~~~~~~~~~~
compilation terminated.
configure:24568: $? = 1
configure: failed program was:
| /* confdefs.h */
| #define PACKAGE_NAME "Polar Core"
| #define PACKAGE_TARNAME "polar"
| #define PACKAGE_VERSION "1.0.0"
| #define PACKAGE_STRING "Polar Core 1.0.0"
| #define PACKAGE_BUGREPORT "www.polar.org"
| #define PACKAGE_URL ""
| #define HAVE_CXX11 1
| #define STDC_HEADERS 1
| #define HAVE_SYS_TYPES_H 1
| #define HAVE_SYS_STAT_H 1
| #define HAVE_STDLIB_H 1
| #define HAVE_STRING_H 1
| #define HAVE_MEMORY_H 1
| #define HAVE_STRINGS_H 1
| #define HAVE_INTTYPES_H 1
| #define HAVE_STDINT_H 1
| #define HAVE_UNISTD_H 1
| #define HAVE_DLFCN_H 1
| #define LT_OBJDIR ".libs/"
| #define USE_ASM 1
| #define ENABLE_SSE41 1
| #define ENABLE_AVX2 1
| #define ENABLE_SHANI 1
| #define HAVE_PTHREAD_PRIO_INHERIT 1
| #define HAVE_PTHREAD 1
| #define HAVE_DECL_STRERROR_R 1
| #define HAVE_STRERROR_R 1
| #define STRERROR_R_CHAR_P 1
| #define HAVE_FUNC_ATTRIBUTE_VISIBILITY 1
| #define HAVE_ENDIAN_H 1
| #define HAVE_BYTESWAP_H 1
| #define HAVE_STDIO_H 1
| #define HAVE_STDLIB_H 1
| #define HAVE_UNISTD_H 1
| #define HAVE_STRINGS_H 1
| #define HAVE_SYS_TYPES_H 1
| #define HAVE_SYS_STAT_H 1
| #define HAVE_SYS_SELECT_H 1
| #define HAVE_SYS_PRCTL_H 1
| #define HAVE_DECL_STRNLEN 1
| #define HAVE_DECL_DAEMON 1
| #define HAVE_DECL_LE16TOH 1
| #define HAVE_DECL_LE32TOH 1
| #define HAVE_DECL_LE64TOH 1
| #define HAVE_DECL_HTOLE16 1
| #define HAVE_DECL_HTOLE32 1
| #define HAVE_DECL_HTOLE64 1
| #define HAVE_DECL_BE16TOH 1
| #define HAVE_DECL_BE32TOH 1
| #define HAVE_DECL_BE64TOH 1
| #define HAVE_DECL_HTOBE16 1
| #define HAVE_DECL_HTOBE32 1
| #define HAVE_DECL_HTOBE64 1
| #define HAVE_DECL_BSWAP_16 1
| #define HAVE_DECL_BSWAP_32 1
| #define HAVE_DECL_BSWAP_64 1
| #define HAVE_DECL___BUILTIN_CLZ 1
| #define HAVE_DECL___BUILTIN_CLZL 1
| #define HAVE_DECL___BUILTIN_CLZLL 1
| #define HAVE_MALLOC_INFO 1
| #define HAVE_MALLOPT_ARENA_MAX 1
| #define HAVE_VISIBILITY_ATTRIBUTE 1
| #define HAVE_THREAD_LOCAL 1
| /* end confdefs.h.  */
| 
|         #include <db4/db_cxx.h>
| 
| int
| main ()
| {
| 
|         #if !((DB_VERSION_MAJOR == 4 && DB_VERSION_MINOR >= 8) || DB_VERSION_MAJOR > 4)
|           #error "failed to find bdb 4.8+"
|         #endif
| 
|   ;
|   return 0;
| }
configure:24568: g++ -m64 -std=c++11 -c -pipe -O2  -I/home/administrator/walletbuilders/build_environment/pivx/3.3.0/depends/x86_64-w64-linux/share/../include/  -DHAVE_BUILD_INFO -D__STDC_FORMAT_MACROS conftest.cpp >&5
conftest.cpp:67:18: fatal error: bdb5/db_cxx.h: No such file or directory
         #include <bdb5/db_cxx.h>
                  ^~~~~~~~~~~~~~~
compilation terminated.
configure:24568: $? = 1
configure: failed program was:
| /* confdefs.h */
| #define PACKAGE_NAME "Polar Core"
| #define PACKAGE_TARNAME "polar"
| #define PACKAGE_VERSION "1.0.0"
| #define PACKAGE_STRING "Polar Core 1.0.0"
| #define PACKAGE_BUGREPORT "www.polar.org"
| #define PACKAGE_URL ""
| #define HAVE_CXX11 1
| #define STDC_HEADERS 1
| #define HAVE_SYS_TYPES_H 1
| #define HAVE_SYS_STAT_H 1
| #define HAVE_STDLIB_H 1
| #define HAVE_STRING_H 1
| #define HAVE_MEMORY_H 1
| #define HAVE_STRINGS_H 1
| #define HAVE_INTTYPES_H 1
| #define HAVE_STDINT_H 1
| #define HAVE_UNISTD_H 1
| #define HAVE_DLFCN_H 1
| #define LT_OBJDIR ".libs/"
| #define USE_ASM 1
| #define ENABLE_SSE41 1
| #define ENABLE_AVX2 1
| #define ENABLE_SHANI 1
| #define HAVE_PTHREAD_PRIO_INHERIT 1
| #define HAVE_PTHREAD 1
| #define HAVE_DECL_STRERROR_R 1
| #define HAVE_STRERROR_R 1
| #define STRERROR_R_CHAR_P 1
| #define HAVE_FUNC_ATTRIBUTE_VISIBILITY 1
| #define HAVE_ENDIAN_H 1
| #define HAVE_BYTESWAP_H 1
| #define HAVE_STDIO_H 1
| #define HAVE_STDLIB_H 1
| #define HAVE_UNISTD_H 1
| #define HAVE_STRINGS_H 1
| #define HAVE_SYS_TYPES_H 1
| #define HAVE_SYS_STAT_H 1
| #define HAVE_SYS_SELECT_H 1
| #define HAVE_SYS_PRCTL_H 1
| #define HAVE_DECL_STRNLEN 1
| #define HAVE_DECL_DAEMON 1
| #define HAVE_DECL_LE16TOH 1
| #define HAVE_DECL_LE32TOH 1
| #define HAVE_DECL_LE64TOH 1
| #define HAVE_DECL_HTOLE16 1
| #define HAVE_DECL_HTOLE32 1
| #define HAVE_DECL_HTOLE64 1
| #define HAVE_DECL_BE16TOH 1
| #define HAVE_DECL_BE32TOH 1
| #define HAVE_DECL_BE64TOH 1
| #define HAVE_DECL_HTOBE16 1
| #define HAVE_DECL_HTOBE32 1
| #define HAVE_DECL_HTOBE64 1
| #define HAVE_DECL_BSWAP_16 1
| #define HAVE_DECL_BSWAP_32 1
| #define HAVE_DECL_BSWAP_64 1
| #define HAVE_DECL___BUILTIN_CLZ 1
| #define HAVE_DECL___BUILTIN_CLZL 1
| #define HAVE_DECL___BUILTIN_CLZLL 1
| #define HAVE_MALLOC_INFO 1
| #define HAVE_MALLOPT_ARENA_MAX 1
| #define HAVE_VISIBILITY_ATTRIBUTE 1
| #define HAVE_THREAD_LOCAL 1
| /* end confdefs.h.  */
| 
|         #include <bdb5/db_cxx.h>
| 
| int
| main ()
| {
| 
|         #if !((DB_VERSION_MAJOR == 4 && DB_VERSION_MINOR >= 8) || DB_VERSION_MAJOR > 4)
|           #error "failed to find bdb 4.8+"
|         #endif
| 
|   ;
|   return 0;
| }
configure:24568: g++ -m64 -std=c++11 -c -pipe -O2  -I/home/administrator/walletbuilders/build_environment/pivx/3.3.0/depends/x86_64-w64-linux/share/../include/  -DHAVE_BUILD_INFO -D__STDC_FORMAT_MACROS conftest.cpp >&5
conftest.cpp:67:18: fatal error: libdb5/db_cxx.h: No such file or directory
         #include <libdb5/db_cxx.h>
                  ^~~~~~~~~~~~~~~~~
compilation terminated.
configure:24568: $? = 1
configure: failed program was:
| /* confdefs.h */
| #define PACKAGE_NAME "Polar Core"
| #define PACKAGE_TARNAME "polar"
| #define PACKAGE_VERSION "1.0.0"
| #define PACKAGE_STRING "Polar Core 1.0.0"
| #define PACKAGE_BUGREPORT "www.polar.org"
| #define PACKAGE_URL ""
| #define HAVE_CXX11 1
| #define STDC_HEADERS 1
| #define HAVE_SYS_TYPES_H 1
| #define HAVE_SYS_STAT_H 1
| #define HAVE_STDLIB_H 1
| #define HAVE_STRING_H 1
| #define HAVE_MEMORY_H 1
| #define HAVE_STRINGS_H 1
| #define HAVE_INTTYPES_H 1
| #define HAVE_STDINT_H 1
| #define HAVE_UNISTD_H 1
| #define HAVE_DLFCN_H 1
| #define LT_OBJDIR ".libs/"
| #define USE_ASM 1
| #define ENABLE_SSE41 1
| #define ENABLE_AVX2 1
| #define ENABLE_SHANI 1
| #define HAVE_PTHREAD_PRIO_INHERIT 1
| #define HAVE_PTHREAD 1
| #define HAVE_DECL_STRERROR_R 1
| #define HAVE_STRERROR_R 1
| #define STRERROR_R_CHAR_P 1
| #define HAVE_FUNC_ATTRIBUTE_VISIBILITY 1
| #define HAVE_ENDIAN_H 1
| #define HAVE_BYTESWAP_H 1
| #define HAVE_STDIO_H 1
| #define HAVE_STDLIB_H 1
| #define HAVE_UNISTD_H 1
| #define HAVE_STRINGS_H 1
| #define HAVE_SYS_TYPES_H 1
| #define HAVE_SYS_STAT_H 1
| #define HAVE_SYS_SELECT_H 1
| #define HAVE_SYS_PRCTL_H 1
| #define HAVE_DECL_STRNLEN 1
| #define HAVE_DECL_DAEMON 1
| #define HAVE_DECL_LE16TOH 1
| #define HAVE_DECL_LE32TOH 1
| #define HAVE_DECL_LE64TOH 1
| #define HAVE_DECL_HTOLE16 1
| #define HAVE_DECL_HTOLE32 1
| #define HAVE_DECL_HTOLE64 1
| #define HAVE_DECL_BE16TOH 1
| #define HAVE_DECL_BE32TOH 1
| #define HAVE_DECL_BE64TOH 1
| #define HAVE_DECL_HTOBE16 1
| #define HAVE_DECL_HTOBE32 1
| #define HAVE_DECL_HTOBE64 1
| #define HAVE_DECL_BSWAP_16 1
| #define HAVE_DECL_BSWAP_32 1
| #define HAVE_DECL_BSWAP_64 1
| #define HAVE_DECL___BUILTIN_CLZ 1
| #define HAVE_DECL___BUILTIN_CLZL 1
| #define HAVE_DECL___BUILTIN_CLZLL 1
| #define HAVE_MALLOC_INFO 1
| #define HAVE_MALLOPT_ARENA_MAX 1
| #define HAVE_VISIBILITY_ATTRIBUTE 1
| #define HAVE_THREAD_LOCAL 1
| /* end confdefs.h.  */
| 
|         #include <libdb5/db_cxx.h>
| 
| int
| main ()
| {
| 
|         #if !((DB_VERSION_MAJOR == 4 && DB_VERSION_MINOR >= 8) || DB_VERSION_MAJOR > 4)
|           #error "failed to find bdb 4.8+"
|         #endif
| 
|   ;
|   return 0;
| }
configure:24568: g++ -m64 -std=c++11 -c -pipe -O2  -I/home/administrator/walletbuilders/build_environment/pivx/3.3.0/depends/x86_64-w64-linux/share/../include/  -DHAVE_BUILD_INFO -D__STDC_FORMAT_MACROS conftest.cpp >&5
conftest.cpp:67:18: fatal error: db5/db_cxx.h: No such file or directory
         #include <db5/db_cxx.h>
                  ^~~~~~~~~~~~~~
compilation terminated.
configure:24568: $? = 1
configure: failed program was:
| /* confdefs.h */
| #define PACKAGE_NAME "Polar Core"
| #define PACKAGE_TARNAME "polar"
| #define PACKAGE_VERSION "1.0.0"
| #define PACKAGE_STRING "Polar Core 1.0.0"
| #define PACKAGE_BUGREPORT "www.polar.org"
| #define PACKAGE_URL ""
| #define HAVE_CXX11 1
| #define STDC_HEADERS 1
| #define HAVE_SYS_TYPES_H 1
| #define HAVE_SYS_STAT_H 1
| #define HAVE_STDLIB_H 1
| #define HAVE_STRING_H 1
| #define HAVE_MEMORY_H 1
| #define HAVE_STRINGS_H 1
| #define HAVE_INTTYPES_H 1
| #define HAVE_STDINT_H 1
| #define HAVE_UNISTD_H 1
| #define HAVE_DLFCN_H 1
| #define LT_OBJDIR ".libs/"
| #define USE_ASM 1
| #define ENABLE_SSE41 1
| #define ENABLE_AVX2 1
| #define ENABLE_SHANI 1
| #define HAVE_PTHREAD_PRIO_INHERIT 1
| #define HAVE_PTHREAD 1
| #define HAVE_DECL_STRERROR_R 1
| #define HAVE_STRERROR_R 1
| #define STRERROR_R_CHAR_P 1
| #define HAVE_FUNC_ATTRIBUTE_VISIBILITY 1
| #define HAVE_ENDIAN_H 1
| #define HAVE_BYTESWAP_H 1
| #define HAVE_STDIO_H 1
| #define HAVE_STDLIB_H 1
| #define HAVE_UNISTD_H 1
| #define HAVE_STRINGS_H 1
| #define HAVE_SYS_TYPES_H 1
| #define HAVE_SYS_STAT_H 1
| #define HAVE_SYS_SELECT_H 1
| #define HAVE_SYS_PRCTL_H 1
| #define HAVE_DECL_STRNLEN 1
| #define HAVE_DECL_DAEMON 1
| #define HAVE_DECL_LE16TOH 1
| #define HAVE_DECL_LE32TOH 1
| #define HAVE_DECL_LE64TOH 1
| #define HAVE_DECL_HTOLE16 1
| #define HAVE_DECL_HTOLE32 1
| #define HAVE_DECL_HTOLE64 1
| #define HAVE_DECL_BE16TOH 1
| #define HAVE_DECL_BE32TOH 1
| #define HAVE_DECL_BE64TOH 1
| #define HAVE_DECL_HTOBE16 1
| #define HAVE_DECL_HTOBE32 1
| #define HAVE_DECL_HTOBE64 1
| #define HAVE_DECL_BSWAP_16 1
| #define HAVE_DECL_BSWAP_32 1
| #define HAVE_DECL_BSWAP_64 1
| #define HAVE_DECL___BUILTIN_CLZ 1
| #define HAVE_DECL___BUILTIN_CLZL 1
| #define HAVE_DECL___BUILTIN_CLZLL 1
| #define HAVE_MALLOC_INFO 1
| #define HAVE_MALLOPT_ARENA_MAX 1
| #define HAVE_VISIBILITY_ATTRIBUTE 1
| #define HAVE_THREAD_LOCAL 1
| /* end confdefs.h.  */
| 
|         #include <db5/db_cxx.h>
| 
| int
| main ()
| {
| 
|         #if !((DB_VERSION_MAJOR == 4 && DB_VERSION_MINOR >= 8) || DB_VERSION_MAJOR > 4)
|           #error "failed to find bdb 4.8+"
|         #endif
| 
|   ;
|   return 0;
| }
configure:24568: g++ -m64 -std=c++11 -c -pipe -O2  -I/home/administrator/walletbuilders/build_environment/pivx/3.3.0/depends/x86_64-w64-linux/share/../include/  -DHAVE_BUILD_INFO -D__STDC_FORMAT_MACROS conftest.cpp >&5
conftest.cpp:67:18: fatal error: bdb5.3/db_cxx.h: No such file or directory
         #include <bdb5.3/db_cxx.h>
                  ^~~~~~~~~~~~~~~~~
compilation terminated.
configure:24568: $? = 1
configure: failed program was:
| /* confdefs.h */
| #define PACKAGE_NAME "Polar Core"
| #define PACKAGE_TARNAME "polar"
| #define PACKAGE_VERSION "1.0.0"
| #define PACKAGE_STRING "Polar Core 1.0.0"
| #define PACKAGE_BUGREPORT "www.polar.org"
| #define PACKAGE_URL ""
| #define HAVE_CXX11 1
| #define STDC_HEADERS 1
| #define HAVE_SYS_TYPES_H 1
| #define HAVE_SYS_STAT_H 1
| #define HAVE_STDLIB_H 1
| #define HAVE_STRING_H 1
| #define HAVE_MEMORY_H 1
| #define HAVE_STRINGS_H 1
| #define HAVE_INTTYPES_H 1
| #define HAVE_STDINT_H 1
| #define HAVE_UNISTD_H 1
| #define HAVE_DLFCN_H 1
| #define LT_OBJDIR ".libs/"
| #define USE_ASM 1
| #define ENABLE_SSE41 1
| #define ENABLE_AVX2 1
| #define ENABLE_SHANI 1
| #define HAVE_PTHREAD_PRIO_INHERIT 1
| #define HAVE_PTHREAD 1
| #define HAVE_DECL_STRERROR_R 1
| #define HAVE_STRERROR_R 1
| #define STRERROR_R_CHAR_P 1
| #define HAVE_FUNC_ATTRIBUTE_VISIBILITY 1
| #define HAVE_ENDIAN_H 1
| #define HAVE_BYTESWAP_H 1
| #define HAVE_STDIO_H 1
| #define HAVE_STDLIB_H 1
| #define HAVE_UNISTD_H 1
| #define HAVE_STRINGS_H 1
| #define HAVE_SYS_TYPES_H 1
| #define HAVE_SYS_STAT_H 1
| #define HAVE_SYS_SELECT_H 1
| #define HAVE_SYS_PRCTL_H 1
| #define HAVE_DECL_STRNLEN 1
| #define HAVE_DECL_DAEMON 1
| #define HAVE_DECL_LE16TOH 1
| #define HAVE_DECL_LE32TOH 1
| #define HAVE_DECL_LE64TOH 1
| #define HAVE_DECL_HTOLE16 1
| #define HAVE_DECL_HTOLE32 1
| #define HAVE_DECL_HTOLE64 1
| #define HAVE_DECL_BE16TOH 1
| #define HAVE_DECL_BE32TOH 1
| #define HAVE_DECL_BE64TOH 1
| #define HAVE_DECL_HTOBE16 1
| #define HAVE_DECL_HTOBE32 1
| #define HAVE_DECL_HTOBE64 1
| #define HAVE_DECL_BSWAP_16 1
| #define HAVE_DECL_BSWAP_32 1
| #define HAVE_DECL_BSWAP_64 1
| #define HAVE_DECL___BUILTIN_CLZ 1
| #define HAVE_DECL___BUILTIN_CLZL 1
| #define HAVE_DECL___BUILTIN_CLZLL 1
| #define HAVE_MALLOC_INFO 1
| #define HAVE_MALLOPT_ARENA_MAX 1
| #define HAVE_VISIBILITY_ATTRIBUTE 1
| #define HAVE_THREAD_LOCAL 1
| /* end confdefs.h.  */
| 
|         #include <bdb5.3/db_cxx.h>
| 
| int
| main ()
| {
| 
|         #if !((DB_VERSION_MAJOR == 4 && DB_VERSION_MINOR >= 8) || DB_VERSION_MAJOR > 4)
|           #error "failed to find bdb 4.8+"
|         #endif
| 
|   ;
|   return 0;
| }
configure:24568: g++ -m64 -std=c++11 -c -pipe -O2  -I/home/administrator/walletbuilders/build_environment/pivx/3.3.0/depends/x86_64-w64-linux/share/../include/  -DHAVE_BUILD_INFO -D__STDC_FORMAT_MACROS conftest.cpp >&5
conftest.cpp:67:18: fatal error: libdb5.3/db_cxx.h: No such file or directory
         #include <libdb5.3/db_cxx.h>
                  ^~~~~~~~~~~~~~~~~~~
compilation terminated.
configure:24568: $? = 1
configure: failed program was:
| /* confdefs.h */
| #define PACKAGE_NAME "Polar Core"
| #define PACKAGE_TARNAME "polar"
| #define PACKAGE_VERSION "1.0.0"
| #define PACKAGE_STRING "Polar Core 1.0.0"
| #define PACKAGE_BUGREPORT "www.polar.org"
| #define PACKAGE_URL ""
| #define HAVE_CXX11 1
| #define STDC_HEADERS 1
| #define HAVE_SYS_TYPES_H 1
| #define HAVE_SYS_STAT_H 1
| #define HAVE_STDLIB_H 1
| #define HAVE_STRING_H 1
| #define HAVE_MEMORY_H 1
| #define HAVE_STRINGS_H 1
| #define HAVE_INTTYPES_H 1
| #define HAVE_STDINT_H 1
| #define HAVE_UNISTD_H 1
| #define HAVE_DLFCN_H 1
| #define LT_OBJDIR ".libs/"
| #define USE_ASM 1
| #define ENABLE_SSE41 1
| #define ENABLE_AVX2 1
| #define ENABLE_SHANI 1
| #define HAVE_PTHREAD_PRIO_INHERIT 1
| #define HAVE_PTHREAD 1
| #define HAVE_DECL_STRERROR_R 1
| #define HAVE_STRERROR_R 1
| #define STRERROR_R_CHAR_P 1
| #define HAVE_FUNC_ATTRIBUTE_VISIBILITY 1
| #define HAVE_ENDIAN_H 1
| #define HAVE_BYTESWAP_H 1
| #define HAVE_STDIO_H 1
| #define HAVE_STDLIB_H 1
| #define HAVE_UNISTD_H 1
| #define HAVE_STRINGS_H 1
| #define HAVE_SYS_TYPES_H 1
| #define HAVE_SYS_STAT_H 1
| #define HAVE_SYS_SELECT_H 1
| #define HAVE_SYS_PRCTL_H 1
| #define HAVE_DECL_STRNLEN 1
| #define HAVE_DECL_DAEMON 1
| #define HAVE_DECL_LE16TOH 1
| #define HAVE_DECL_LE32TOH 1
| #define HAVE_DECL_LE64TOH 1
| #define HAVE_DECL_HTOLE16 1
| #define HAVE_DECL_HTOLE32 1
| #define HAVE_DECL_HTOLE64 1
| #define HAVE_DECL_BE16TOH 1
| #define HAVE_DECL_BE32TOH 1
| #define HAVE_DECL_BE64TOH 1
| #define HAVE_DECL_HTOBE16 1
| #define HAVE_DECL_HTOBE32 1
| #define HAVE_DECL_HTOBE64 1
| #define HAVE_DECL_BSWAP_16 1
| #define HAVE_DECL_BSWAP_32 1
| #define HAVE_DECL_BSWAP_64 1
| #define HAVE_DECL___BUILTIN_CLZ 1
| #define HAVE_DECL___BUILTIN_CLZL 1
| #define HAVE_DECL___BUILTIN_CLZLL 1
| #define HAVE_MALLOC_INFO 1
| #define HAVE_MALLOPT_ARENA_MAX 1
| #define HAVE_VISIBILITY_ATTRIBUTE 1
| #define HAVE_THREAD_LOCAL 1
| /* end confdefs.h.  */
| 
|         #include <libdb5.3/db_cxx.h>
| 
| int
| main ()
| {
| 
|         #if !((DB_VERSION_MAJOR == 4 && DB_VERSION_MINOR >= 8) || DB_VERSION_MAJOR > 4)
|           #error "failed to find bdb 4.8+"
|         #endif
| 
|   ;
|   return 0;
| }
configure:24568: g++ -m64 -std=c++11 -c -pipe -O2  -I/home/administrator/walletbuilders/build_environment/pivx/3.3.0/depends/x86_64-w64-linux/share/../include/  -DHAVE_BUILD_INFO -D__STDC_FORMAT_MACROS conftest.cpp >&5
conftest.cpp:67:18: fatal error: db5.3/db_cxx.h: No such file or directory
         #include <db5.3/db_cxx.h>
                  ^~~~~~~~~~~~~~~~
compilation terminated.
configure:24568: $? = 1
configure: failed program was:
| /* confdefs.h */
| #define PACKAGE_NAME "Polar Core"
| #define PACKAGE_TARNAME "polar"
| #define PACKAGE_VERSION "1.0.0"
| #define PACKAGE_STRING "Polar Core 1.0.0"
| #define PACKAGE_BUGREPORT "www.polar.org"
| #define PACKAGE_URL ""
| #define HAVE_CXX11 1
| #define STDC_HEADERS 1
| #define HAVE_SYS_TYPES_H 1
| #define HAVE_SYS_STAT_H 1
| #define HAVE_STDLIB_H 1
| #define HAVE_STRING_H 1
| #define HAVE_MEMORY_H 1
| #define HAVE_STRINGS_H 1
| #define HAVE_INTTYPES_H 1
| #define HAVE_STDINT_H 1
| #define HAVE_UNISTD_H 1
| #define HAVE_DLFCN_H 1
| #define LT_OBJDIR ".libs/"
| #define USE_ASM 1
| #define ENABLE_SSE41 1
| #define ENABLE_AVX2 1
| #define ENABLE_SHANI 1
| #define HAVE_PTHREAD_PRIO_INHERIT 1
| #define HAVE_PTHREAD 1
| #define HAVE_DECL_STRERROR_R 1
| #define HAVE_STRERROR_R 1
| #define STRERROR_R_CHAR_P 1
| #define HAVE_FUNC_ATTRIBUTE_VISIBILITY 1
| #define HAVE_ENDIAN_H 1
| #define HAVE_BYTESWAP_H 1
| #define HAVE_STDIO_H 1
| #define HAVE_STDLIB_H 1
| #define HAVE_UNISTD_H 1
| #define HAVE_STRINGS_H 1
| #define HAVE_SYS_TYPES_H 1
| #define HAVE_SYS_STAT_H 1
| #define HAVE_SYS_SELECT_H 1
| #define HAVE_SYS_PRCTL_H 1
| #define HAVE_DECL_STRNLEN 1
| #define HAVE_DECL_DAEMON 1
| #define HAVE_DECL_LE16TOH 1
| #define HAVE_DECL_LE32TOH 1
| #define HAVE_DECL_LE64TOH 1
| #define HAVE_DECL_HTOLE16 1
| #define HAVE_DECL_HTOLE32 1
| #define HAVE_DECL_HTOLE64 1
| #define HAVE_DECL_BE16TOH 1
| #define HAVE_DECL_BE32TOH 1
| #define HAVE_DECL_BE64TOH 1
| #define HAVE_DECL_HTOBE16 1
| #define HAVE_DECL_HTOBE32 1
| #define HAVE_DECL_HTOBE64 1
| #define HAVE_DECL_BSWAP_16 1
| #define HAVE_DECL_BSWAP_32 1
| #define HAVE_DECL_BSWAP_64 1
| #define HAVE_DECL___BUILTIN_CLZ 1
| #define HAVE_DECL___BUILTIN_CLZL 1
| #define HAVE_DECL___BUILTIN_CLZLL 1
| #define HAVE_MALLOC_INFO 1
| #define HAVE_MALLOPT_ARENA_MAX 1
| #define HAVE_VISIBILITY_ATTRIBUTE 1
| #define HAVE_THREAD_LOCAL 1
| /* end confdefs.h.  */
| 
|         #include <db5.3/db_cxx.h>
| 
| int
| main ()
| {
| 
|         #if !((DB_VERSION_MAJOR == 4 && DB_VERSION_MINOR >= 8) || DB_VERSION_MAJOR > 4)
|           #error "failed to find bdb 4.8+"
|         #endif
| 
|   ;
|   return 0;
| }
configure:24568: g++ -m64 -std=c++11 -c -pipe -O2  -I/home/administrator/walletbuilders/build_environment/pivx/3.3.0/depends/x86_64-w64-linux/share/../include/  -DHAVE_BUILD_INFO -D__STDC_FORMAT_MACROS conftest.cpp >&5
conftest.cpp:67:18: fatal error: bdb/db_cxx.h: No such file or directory
         #include <bdb/db_cxx.h>
                  ^~~~~~~~~~~~~~
compilation terminated.
configure:24568: $? = 1
configure: failed program was:
| /* confdefs.h */
| #define PACKAGE_NAME "Polar Core"
| #define PACKAGE_TARNAME "polar"
| #define PACKAGE_VERSION "1.0.0"
| #define PACKAGE_STRING "Polar Core 1.0.0"
| #define PACKAGE_BUGREPORT "www.polar.org"
| #define PACKAGE_URL ""
| #define HAVE_CXX11 1
| #define STDC_HEADERS 1
| #define HAVE_SYS_TYPES_H 1
| #define HAVE_SYS_STAT_H 1
| #define HAVE_STDLIB_H 1
| #define HAVE_STRING_H 1
| #define HAVE_MEMORY_H 1
| #define HAVE_STRINGS_H 1
| #define HAVE_INTTYPES_H 1
| #define HAVE_STDINT_H 1
| #define HAVE_UNISTD_H 1
| #define HAVE_DLFCN_H 1
| #define LT_OBJDIR ".libs/"
| #define USE_ASM 1
| #define ENABLE_SSE41 1
| #define ENABLE_AVX2 1
| #define ENABLE_SHANI 1
| #define HAVE_PTHREAD_PRIO_INHERIT 1
| #define HAVE_PTHREAD 1
| #define HAVE_DECL_STRERROR_R 1
| #define HAVE_STRERROR_R 1
| #define STRERROR_R_CHAR_P 1
| #define HAVE_FUNC_ATTRIBUTE_VISIBILITY 1
| #define HAVE_ENDIAN_H 1
| #define HAVE_BYTESWAP_H 1
| #define HAVE_STDIO_H 1
| #define HAVE_STDLIB_H 1
| #define HAVE_UNISTD_H 1
| #define HAVE_STRINGS_H 1
| #define HAVE_SYS_TYPES_H 1
| #define HAVE_SYS_STAT_H 1
| #define HAVE_SYS_SELECT_H 1
| #define HAVE_SYS_PRCTL_H 1
| #define HAVE_DECL_STRNLEN 1
| #define HAVE_DECL_DAEMON 1
| #define HAVE_DECL_LE16TOH 1
| #define HAVE_DECL_LE32TOH 1
| #define HAVE_DECL_LE64TOH 1
| #define HAVE_DECL_HTOLE16 1
| #define HAVE_DECL_HTOLE32 1
| #define HAVE_DECL_HTOLE64 1
| #define HAVE_DECL_BE16TOH 1
| #define HAVE_DECL_BE32TOH 1
| #define HAVE_DECL_BE64TOH 1
| #define HAVE_DECL_HTOBE16 1
| #define HAVE_DECL_HTOBE32 1
| #define HAVE_DECL_HTOBE64 1
| #define HAVE_DECL_BSWAP_16 1
| #define HAVE_DECL_BSWAP_32 1
| #define HAVE_DECL_BSWAP_64 1
| #define HAVE_DECL___BUILTIN_CLZ 1
| #define HAVE_DECL___BUILTIN_CLZL 1
| #define HAVE_DECL___BUILTIN_CLZLL 1
| #define HAVE_MALLOC_INFO 1
| #define HAVE_MALLOPT_ARENA_MAX 1
| #define HAVE_VISIBILITY_ATTRIBUTE 1
| #define HAVE_THREAD_LOCAL 1
| /* end confdefs.h.  */
| 
|         #include <bdb/db_cxx.h>
| 
| int
| main ()
| {
| 
|         #if !((DB_VERSION_MAJOR == 4 && DB_VERSION_MINOR >= 8) || DB_VERSION_MAJOR > 4)
|           #error "failed to find bdb 4.8+"
|         #endif
| 
|   ;
|   return 0;
| }
configure:24568: g++ -m64 -std=c++11 -c -pipe -O2  -I/home/administrator/walletbuilders/build_environment/pivx/3.3.0/depends/x86_64-w64-linux/share/../include/  -DHAVE_BUILD_INFO -D__STDC_FORMAT_MACROS conftest.cpp >&5
conftest.cpp:67:18: fatal error: libdb/db_cxx.h: No such file or directory
         #include <libdb/db_cxx.h>
                  ^~~~~~~~~~~~~~~~
compilation terminated.
configure:24568: $? = 1
configure: failed program was:
| /* confdefs.h */
| #define PACKAGE_NAME "Polar Core"
| #define PACKAGE_TARNAME "polar"
| #define PACKAGE_VERSION "1.0.0"
| #define PACKAGE_STRING "Polar Core 1.0.0"
| #define PACKAGE_BUGREPORT "www.polar.org"
| #define PACKAGE_URL ""
| #define HAVE_CXX11 1
| #define STDC_HEADERS 1
| #define HAVE_SYS_TYPES_H 1
| #define HAVE_SYS_STAT_H 1
| #define HAVE_STDLIB_H 1
| #define HAVE_STRING_H 1
| #define HAVE_MEMORY_H 1
| #define HAVE_STRINGS_H 1
| #define HAVE_INTTYPES_H 1
| #define HAVE_STDINT_H 1
| #define HAVE_UNISTD_H 1
| #define HAVE_DLFCN_H 1
| #define LT_OBJDIR ".libs/"
| #define USE_ASM 1
| #define ENABLE_SSE41 1
| #define ENABLE_AVX2 1
| #define ENABLE_SHANI 1
| #define HAVE_PTHREAD_PRIO_INHERIT 1
| #define HAVE_PTHREAD 1
| #define HAVE_DECL_STRERROR_R 1
| #define HAVE_STRERROR_R 1
| #define STRERROR_R_CHAR_P 1
| #define HAVE_FUNC_ATTRIBUTE_VISIBILITY 1
| #define HAVE_ENDIAN_H 1
| #define HAVE_BYTESWAP_H 1
| #define HAVE_STDIO_H 1
| #define HAVE_STDLIB_H 1
| #define HAVE_UNISTD_H 1
| #define HAVE_STRINGS_H 1
| #define HAVE_SYS_TYPES_H 1
| #define HAVE_SYS_STAT_H 1
| #define HAVE_SYS_SELECT_H 1
| #define HAVE_SYS_PRCTL_H 1
| #define HAVE_DECL_STRNLEN 1
| #define HAVE_DECL_DAEMON 1
| #define HAVE_DECL_LE16TOH 1
| #define HAVE_DECL_LE32TOH 1
| #define HAVE_DECL_LE64TOH 1
| #define HAVE_DECL_HTOLE16 1
| #define HAVE_DECL_HTOLE32 1
| #define HAVE_DECL_HTOLE64 1
| #define HAVE_DECL_BE16TOH 1
| #define HAVE_DECL_BE32TOH 1
| #define HAVE_DECL_BE64TOH 1
| #define HAVE_DECL_HTOBE16 1
| #define HAVE_DECL_HTOBE32 1
| #define HAVE_DECL_HTOBE64 1
| #define HAVE_DECL_BSWAP_16 1
| #define HAVE_DECL_BSWAP_32 1
| #define HAVE_DECL_BSWAP_64 1
| #define HAVE_DECL___BUILTIN_CLZ 1
| #define HAVE_DECL___BUILTIN_CLZL 1
| #define HAVE_DECL___BUILTIN_CLZLL 1
| #define HAVE_MALLOC_INFO 1
| #define HAVE_MALLOPT_ARENA_MAX 1
| #define HAVE_VISIBILITY_ATTRIBUTE 1
| #define HAVE_THREAD_LOCAL 1
| /* end confdefs.h.  */
| 
|         #include <libdb/db_cxx.h>
| 
| int
| main ()
| {
| 
|         #if !((DB_VERSION_MAJOR == 4 && DB_VERSION_MINOR >= 8) || DB_VERSION_MAJOR > 4)
|           #error "failed to find bdb 4.8+"
|         #endif
| 
|   ;
|   return 0;
| }
configure:24568: g++ -m64 -std=c++11 -c -pipe -O2  -I/home/administrator/walletbuilders/build_environment/pivx/3.3.0/depends/x86_64-w64-linux/share/../include/  -DHAVE_BUILD_INFO -D__STDC_FORMAT_MACROS conftest.cpp >&5
conftest.cpp:67:18: fatal error: db/db_cxx.h: No such file or directory
         #include <db/db_cxx.h>
                  ^~~~~~~~~~~~~
compilation terminated.
configure:24568: $? = 1
configure: failed program was:
| /* confdefs.h */
| #define PACKAGE_NAME "Polar Core"
| #define PACKAGE_TARNAME "polar"
| #define PACKAGE_VERSION "1.0.0"
| #define PACKAGE_STRING "Polar Core 1.0.0"
| #define PACKAGE_BUGREPORT "www.polar.org"
| #define PACKAGE_URL ""
| #define HAVE_CXX11 1
| #define STDC_HEADERS 1
| #define HAVE_SYS_TYPES_H 1
| #define HAVE_SYS_STAT_H 1
| #define HAVE_STDLIB_H 1
| #define HAVE_STRING_H 1
| #define HAVE_MEMORY_H 1
| #define HAVE_STRINGS_H 1
| #define HAVE_INTTYPES_H 1
| #define HAVE_STDINT_H 1
| #define HAVE_UNISTD_H 1
| #define HAVE_DLFCN_H 1
| #define LT_OBJDIR ".libs/"
| #define USE_ASM 1
| #define ENABLE_SSE41 1
| #define ENABLE_AVX2 1
| #define ENABLE_SHANI 1
| #define HAVE_PTHREAD_PRIO_INHERIT 1
| #define HAVE_PTHREAD 1
| #define HAVE_DECL_STRERROR_R 1
| #define HAVE_STRERROR_R 1
| #define STRERROR_R_CHAR_P 1
| #define HAVE_FUNC_ATTRIBUTE_VISIBILITY 1
| #define HAVE_ENDIAN_H 1
| #define HAVE_BYTESWAP_H 1
| #define HAVE_STDIO_H 1
| #define HAVE_STDLIB_H 1
| #define HAVE_UNISTD_H 1
| #define HAVE_STRINGS_H 1
| #define HAVE_SYS_TYPES_H 1
| #define HAVE_SYS_STAT_H 1
| #define HAVE_SYS_SELECT_H 1
| #define HAVE_SYS_PRCTL_H 1
| #define HAVE_DECL_STRNLEN 1
| #define HAVE_DECL_DAEMON 1
| #define HAVE_DECL_LE16TOH 1
| #define HAVE_DECL_LE32TOH 1
| #define HAVE_DECL_LE64TOH 1
| #define HAVE_DECL_HTOLE16 1
| #define HAVE_DECL_HTOLE32 1
| #define HAVE_DECL_HTOLE64 1
| #define HAVE_DECL_BE16TOH 1
| #define HAVE_DECL_BE32TOH 1
| #define HAVE_DECL_BE64TOH 1
| #define HAVE_DECL_HTOBE16 1
| #define HAVE_DECL_HTOBE32 1
| #define HAVE_DECL_HTOBE64 1
| #define HAVE_DECL_BSWAP_16 1
| #define HAVE_DECL_BSWAP_32 1
| #define HAVE_DECL_BSWAP_64 1
| #define HAVE_DECL___BUILTIN_CLZ 1
| #define HAVE_DECL___BUILTIN_CLZL 1
| #define HAVE_DECL___BUILTIN_CLZLL 1
| #define HAVE_MALLOC_INFO 1
| #define HAVE_MALLOPT_ARENA_MAX 1
| #define HAVE_VISIBILITY_ATTRIBUTE 1
| #define HAVE_THREAD_LOCAL 1
| /* end confdefs.h.  */
| 
|         #include <db/db_cxx.h>
| 
| int
| main ()
| {
| 
|         #if !((DB_VERSION_MAJOR == 4 && DB_VERSION_MINOR >= 8) || DB_VERSION_MAJOR > 4)
|           #error "failed to find bdb 4.8+"
|         #endif
| 
|   ;
|   return 0;
| }
configure:24568: g++ -m64 -std=c++11 -c -pipe -O2  -I/home/administrator/walletbuilders/build_environment/pivx/3.3.0/depends/x86_64-w64-linux/share/../include/  -DHAVE_BUILD_INFO -D__STDC_FORMAT_MACROS conftest.cpp >&5
configure:24568: $? = 0
configure:24597: g++ -m64 -std=c++11 -c -pipe -O2  -I/home/administrator/walletbuilders/build_environment/pivx/3.3.0/depends/x86_64-w64-linux/share/../include/  -DHAVE_BUILD_INFO -D__STDC_FORMAT_MACROS conftest.cpp >&5
configure:24597: $? = 0
configure:24640: result: default
configure:24663: checking for main in -ldb_cxx-4.8
configure:24682: g++ -m64 -std=c++11 -o conftest -pipe -O2  -I/home/administrator/walletbuilders/build_environment/pivx/3.3.0/depends/x86_64-w64-linux/share/../include/  -DHAVE_BUILD_INFO -D__STDC_FORMAT_MACROS -L/home/administrator/walletbuilders/build_environment/pivx/3.3.0/depends/x86_64-w64-linux/share/../lib  conftest.cpp -ldb_cxx-4.8   >&5
configure:24682: $? = 0
configure:24692: result: yes
configure:24714: checking miniupnpc/miniwget.h usability
configure:24714: g++ -m64 -std=c++11 -c -pipe -O2  -I/home/administrator/walletbuilders/build_environment/pivx/3.3.0/depends/x86_64-w64-linux/share/../include/  -DHAVE_BUILD_INFO -D__STDC_FORMAT_MACROS conftest.cpp >&5
configure:24714: $? = 0
configure:24714: result: yes
configure:24714: checking miniupnpc/miniwget.h presence
configure:24714: g++ -m64 -std=c++11 -E -I/home/administrator/walletbuilders/build_environment/pivx/3.3.0/depends/x86_64-w64-linux/share/../include/  -DHAVE_BUILD_INFO -D__STDC_FORMAT_MACROS conftest.cpp
configure:24714: $? = 0
configure:24714: result: yes
configure:24714: checking for miniupnpc/miniwget.h
configure:24714: result: yes
configure:24719: checking for upnpDiscover in -lminiupnpc
configure:24744: g++ -m64 -std=c++11 -o conftest -pipe -O2  -I/home/administrator/walletbuilders/build_environment/pivx/3.3.0/depends/x86_64-w64-linux/share/../include/  -DHAVE_BUILD_INFO -D__STDC_FORMAT_MACROS -L/home/administrator/walletbuilders/build_environment/pivx/3.3.0/depends/x86_64-w64-linux/share/../lib  conftest.cpp -lminiupnpc   >&5
configure:24744: $? = 0
configure:24753: result: yes
configure:24714: checking miniupnpc/miniupnpc.h usability
configure:24714: g++ -m64 -std=c++11 -c -pipe -O2  -I/home/administrator/walletbuilders/build_environment/pivx/3.3.0/depends/x86_64-w64-linux/share/../include/  -DHAVE_BUILD_INFO -D__STDC_FORMAT_MACROS conftest.cpp >&5
configure:24714: $? = 0
configure:24714: result: yes
configure:24714: checking miniupnpc/miniupnpc.h presence
configure:24714: g++ -m64 -std=c++11 -E -I/home/administrator/walletbuilders/build_environment/pivx/3.3.0/depends/x86_64-w64-linux/share/../include/  -DHAVE_BUILD_INFO -D__STDC_FORMAT_MACROS conftest.cpp
configure:24714: $? = 0
configure:24714: result: yes
configure:24714: checking for miniupnpc/miniupnpc.h
configure:24714: result: yes
configure:24719: checking for upnpDiscover in -lminiupnpc
configure:24753: result: yes
configure:24714: checking miniupnpc/upnpcommands.h usability
configure:24714: g++ -m64 -std=c++11 -c -pipe -O2  -I/home/administrator/walletbuilders/build_environment/pivx/3.3.0/depends/x86_64-w64-linux/share/../include/  -DHAVE_BUILD_INFO -D__STDC_FORMAT_MACROS conftest.cpp >&5
configure:24714: $? = 0
configure:24714: result: yes
configure:24714: checking miniupnpc/upnpcommands.h presence
configure:24714: g++ -m64 -std=c++11 -E -I/home/administrator/walletbuilders/build_environment/pivx/3.3.0/depends/x86_64-w64-linux/share/../include/  -DHAVE_BUILD_INFO -D__STDC_FORMAT_MACROS conftest.cpp
configure:24714: $? = 0
configure:24714: result: yes
configure:24714: checking for miniupnpc/upnpcommands.h
configure:24714: result: yes
configure:24719: checking for upnpDiscover in -lminiupnpc
configure:24753: result: yes
configure:24714: checking miniupnpc/upnperrors.h usability
configure:24714: g++ -m64 -std=c++11 -c -pipe -O2  -I/home/administrator/walletbuilders/build_environment/pivx/3.3.0/depends/x86_64-w64-linux/share/../include/  -DHAVE_BUILD_INFO -D__STDC_FORMAT_MACROS conftest.cpp >&5
configure:24714: $? = 0
configure:24714: result: yes
configure:24714: checking miniupnpc/upnperrors.h presence
configure:24714: g++ -m64 -std=c++11 -E -I/home/administrator/walletbuilders/build_environment/pivx/3.3.0/depends/x86_64-w64-linux/share/../include/  -DHAVE_BUILD_INFO -D__STDC_FORMAT_MACROS conftest.cpp
configure:24714: $? = 0
configure:24714: result: yes
configure:24714: checking for miniupnpc/upnperrors.h
configure:24714: result: yes
configure:24719: checking for upnpDiscover in -lminiupnpc
configure:24753: result: yes
configure:24851: checking for QT5
configure:24858: $PKG_CONFIG --exists --print-errors "$qt5_modules"
configure:24861: $? = 0
configure:24875: $PKG_CONFIG --exists --print-errors "$qt5_modules"
configure:24878: $? = 0
configure:24916: result: yes
configure:24948: checking for QT_TEST
configure:24955: $PKG_CONFIG --exists --print-errors "${QT_LIB_PREFIX}Test"
configure:24958: $? = 0
configure:24972: $PKG_CONFIG --exists --print-errors "${QT_LIB_PREFIX}Test"
configure:24975: $? = 0
configure:25013: result: yes
configure:25020: checking for QT_DBUS
configure:25027: $PKG_CONFIG --exists --print-errors "${QT_LIB_PREFIX}DBus"
configure:25030: $? = 0
configure:25044: $PKG_CONFIG --exists --print-errors "${QT_LIB_PREFIX}DBus"
configure:25047: $? = 0
configure:25085: result: yes
configure:26219: checking for static Qt
configure:26245: g++ -m64 -std=c++11 -c -fPIC -pipe -O2  -I/home/administrator/walletbuilders/build_environment/pivx/3.3.0/depends/x86_64-w64-linux/include/QtNetwork -I/home/administrator/walletbuilders/build_environment/pivx/3.3.0/depends/x86_64-w64-linux/include/QtWidgets -I/home/administrator/walletbuilders/build_environment/pivx/3.3.0/depends/x86_64-w64-linux/include/QtGui -I/home/administrator/walletbuilders/build_environment/pivx/3.3.0/depends/x86_64-w64-linux/include/QtCore -I/home/administrator/walletbuilders/build_environment/pivx/3.3.0/depends/x86_64-w64-linux/share/../include/  -DHAVE_BUILD_INFO -D__STDC_FORMAT_MACROS conftest.cpp >&5
conftest.cpp:72:28: warning: extra tokens at end of #ifndef directive
         #ifndef QT_VERSION OR QT_VERSION_STR
                            ^~
configure:26245: $? = 0
configure:26253: result: yes
configure:26365: checking for QTFONTDATABASE
configure:26372: $PKG_CONFIG --exists --print-errors "Qt5FontDatabaseSupport"
configure:26375: $? = 0
configure:26389: $PKG_CONFIG --exists --print-errors "Qt5FontDatabaseSupport"
configure:26392: $? = 0
configure:26450: result: yes
configure:26456: checking for QTEVENTDISPATCHER
configure:26463: $PKG_CONFIG --exists --print-errors "Qt5EventDispatcherSupport"
configure:26466: $? = 0
configure:26480: $PKG_CONFIG --exists --print-errors "Qt5EventDispatcherSupport"
configure:26483: $? = 0
configure:26541: result: yes
configure:26547: checking for QTTHEME
configure:26554: $PKG_CONFIG --exists --print-errors "Qt5ThemeSupport"
configure:26557: $? = 0
configure:26571: $PKG_CONFIG --exists --print-errors "Qt5ThemeSupport"
configure:26574: $? = 0
configure:26632: result: yes
configure:26638: checking for QTDEVICEDISCOVERY
configure:26645: $PKG_CONFIG --exists --print-errors "Qt5DeviceDiscoverySupport"
configure:26648: $? = 0
configure:26662: $PKG_CONFIG --exists --print-errors "Qt5DeviceDiscoverySupport"
configure:26665: $? = 0
configure:26723: result: yes
configure:26729: checking for QTACCESSIBILITY
configure:26736: $PKG_CONFIG --exists --print-errors "Qt5AccessibilitySupport"
configure:26739: $? = 0
configure:26753: $PKG_CONFIG --exists --print-errors "Qt5AccessibilitySupport"
configure:26756: $? = 0
configure:26814: result: yes
configure:26820: checking for QTFB
configure:26827: $PKG_CONFIG --exists --print-errors "Qt5FbSupport"
configure:26830: $? = 0
configure:26844: $PKG_CONFIG --exists --print-errors "Qt5FbSupport"
configure:26847: $? = 0
configure:26905: result: yes
configure:26913: checking for X11XCB
configure:26920: $PKG_CONFIG --exists --print-errors "x11-xcb"
configure:26923: $? = 0
configure:26937: $PKG_CONFIG --exists --print-errors "x11-xcb"
configure:26940: $? = 0
configure:26998: result: yes
configure:27005: checking for QTXCBQPA
configure:27012: $PKG_CONFIG --exists --print-errors "Qt5XcbQpa"
configure:27015: $? = 0
configure:27029: $PKG_CONFIG --exists --print-errors "Qt5XcbQpa"
configure:27032: $? = 0
configure:27090: result: yes
configure:27856: checking for Qt < 5.4
configure:27882: g++ -m64 -std=c++11 -c -fPIC -pipe -O2  -I/home/administrator/walletbuilders/build_environment/pivx/3.3.0/depends/x86_64-w64-linux/include/QtNetwork -I/home/administrator/walletbuilders/build_environment/pivx/3.3.0/depends/x86_64-w64-linux/include/QtWidgets -I/home/administrator/walletbuilders/build_environment/pivx/3.3.0/depends/x86_64-w64-linux/include/QtGui -I/home/administrator/walletbuilders/build_environment/pivx/3.3.0/depends/x86_64-w64-linux/include/QtCore -I/home/administrator/walletbuilders/build_environment/pivx/3.3.0/depends/x86_64-w64-linux/share/../include/  -DHAVE_BUILD_INFO -D__STDC_FORMAT_MACROS conftest.cpp >&5
conftest.cpp: In function 'int main()':
conftest.cpp:83:11: error: 'choke' was not declared in this scope
           choke
           ^~~~~
configure:27882: $? = 1
configure: failed program was:
| /* confdefs.h */
| #define PACKAGE_NAME "Polar Core"
| #define PACKAGE_TARNAME "polar"
| #define PACKAGE_VERSION "1.0.0"
| #define PACKAGE_STRING "Polar Core 1.0.0"
| #define PACKAGE_BUGREPORT "www.polar.org"
| #define PACKAGE_URL ""
| #define HAVE_CXX11 1
| #define STDC_HEADERS 1
| #define HAVE_SYS_TYPES_H 1
| #define HAVE_SYS_STAT_H 1
| #define HAVE_STDLIB_H 1
| #define HAVE_STRING_H 1
| #define HAVE_MEMORY_H 1
| #define HAVE_STRINGS_H 1
| #define HAVE_INTTYPES_H 1
| #define HAVE_STDINT_H 1
| #define HAVE_UNISTD_H 1
| #define HAVE_DLFCN_H 1
| #define LT_OBJDIR ".libs/"
| #define USE_ASM 1
| #define ENABLE_SSE41 1
| #define ENABLE_AVX2 1
| #define ENABLE_SHANI 1
| #define HAVE_PTHREAD_PRIO_INHERIT 1
| #define HAVE_PTHREAD 1
| #define HAVE_DECL_STRERROR_R 1
| #define HAVE_STRERROR_R 1
| #define STRERROR_R_CHAR_P 1
| #define HAVE_FUNC_ATTRIBUTE_VISIBILITY 1
| #define HAVE_ENDIAN_H 1
| #define HAVE_BYTESWAP_H 1
| #define HAVE_STDIO_H 1
| #define HAVE_STDLIB_H 1
| #define HAVE_UNISTD_H 1
| #define HAVE_STRINGS_H 1
| #define HAVE_SYS_TYPES_H 1
| #define HAVE_SYS_STAT_H 1
| #define HAVE_SYS_SELECT_H 1
| #define HAVE_SYS_PRCTL_H 1
| #define HAVE_DECL_STRNLEN 1
| #define HAVE_DECL_DAEMON 1
| #define HAVE_DECL_LE16TOH 1
| #define HAVE_DECL_LE32TOH 1
| #define HAVE_DECL_LE64TOH 1
| #define HAVE_DECL_HTOLE16 1
| #define HAVE_DECL_HTOLE32 1
| #define HAVE_DECL_HTOLE64 1
| #define HAVE_DECL_BE16TOH 1
| #define HAVE_DECL_BE32TOH 1
| #define HAVE_DECL_BE64TOH 1
| #define HAVE_DECL_HTOBE16 1
| #define HAVE_DECL_HTOBE32 1
| #define HAVE_DECL_HTOBE64 1
| #define HAVE_DECL_BSWAP_16 1
| #define HAVE_DECL_BSWAP_32 1
| #define HAVE_DECL_BSWAP_64 1
| #define HAVE_DECL___BUILTIN_CLZ 1
| #define HAVE_DECL___BUILTIN_CLZL 1
| #define HAVE_DECL___BUILTIN_CLZLL 1
| #define HAVE_MALLOC_INFO 1
| #define HAVE_MALLOPT_ARENA_MAX 1
| #define HAVE_VISIBILITY_ATTRIBUTE 1
| #define HAVE_THREAD_LOCAL 1
| #define HAVE_MINIUPNPC_MINIWGET_H 1
| #define HAVE_MINIUPNPC_MINIUPNPC_H 1
| #define HAVE_MINIUPNPC_UPNPCOMMANDS_H 1
| #define HAVE_MINIUPNPC_UPNPERRORS_H 1
| #define QT_STATICPLUGIN 1
| #define QT_STATICPLUGIN 1
| /* end confdefs.h.  */
| 
|           #include <QtCore/qconfig.h>
|           #ifndef QT_VERSION
|           #  include <QtCore/qglobal.h>
|           #endif
| 
| int
| main ()
| {
| 
|           #if QT_VERSION >= 0x050400
|           choke
|           #endif
| 
|   ;
|   return 0;
| }
configure:27890: result: no
configure:27936: checking for static Qt plugins: -lqminimal
configure:27954: g++ -m64 -std=c++11 -o conftest -fPIC -pipe -O2  -I/home/administrator/walletbuilders/build_environment/pivx/3.3.0/depends/x86_64-w64-linux/include/QtNetwork -I/home/administrator/walletbuilders/build_environment/pivx/3.3.0/depends/x86_64-w64-linux/include/QtWidgets -I/home/administrator/walletbuilders/build_environment/pivx/3.3.0/depends/x86_64-w64-linux/include/QtGui -I/home/administrator/walletbuilders/build_environment/pivx/3.3.0/depends/x86_64-w64-linux/include/QtCore -I/home/administrator/walletbuilders/build_environment/pivx/3.3.0/depends/x86_64-w64-linux/share/../include/  -DHAVE_BUILD_INFO -D__STDC_FORMAT_MACROS -L/home/administrator/walletbuilders/build_environment/pivx/3.3.0/depends/x86_64-w64-linux/share/../lib  conftest.cpp -lqminimal -L/home/administrator/walletbuilders/build_environment/pivx/3.3.0/depends/x86_64-w64-linux/lib -L//home/administrator/walletbuilders/build_environment/pivx/3.3.0/depends/x86_64-w64-linux/lib -L/home/administrator/walletbuilders/build_environment/pivx/3.3.0/depends/x86_64-w64-linux/lib -L//home/administrator/walletbuilders/build_environment/pivx/3.3.0/depends/x86_64-w64-linux/lib -L/home/administrator/walletbuilders/build_environment/pivx/3.3.0/depends/x86_64-w64-linux/lib -lQt5XcbQpa -lQt5ServiceSupport -lQt5ThemeSupport -lQt5DBus -lQt5EventDispatcherSupport -lQt5FontDatabaseSupport -lfontconfig -lfreetype -lQt5Gui -lqtlibpng -lqtharfbuzz -lQt5Core -lm -lz -lqtpcre2 -lpthread -lX11-xcb -lX11 -lxcb-static -lxcb -ldl -lQt5ServiceSupport -lQt5Gui -lqtlibpng -lqtharfbuzz -lQt5Core -lm -lz -lqtpcre2 -ldl -lpthread -lQt5ThemeSupport -lQt5Gui -lqtlibpng -lqtharfbuzz -lQt5Core -lm -lz -lqtpcre2 -ldl -lpthread -lQt5DBus -lQt5Core -lpthread -lm -lz -lqtpcre2 -ldl -lQt5EventDispatcherSupport -lQt5Gui -lqtlibpng -lqtharfbuzz -lQt5Core -lm -lz -lqtpcre2 -ldl -lpthread -lQt5FontDatabaseSupport -lQt5Gui -lqtlibpng -lqtharfbuzz -lQt5Core -lm -lz -lqtpcre2 -ldl -lpthread -lfontconfig -lfreetype -lQt5Gui -lQt5Core -lm -lz -lqtpcre2 -ldl -lpthread -lqtlibpng -lqtharfbuzz -lz -lQt5Core -lpthread -lm -lz -lqtpcre2 -ldl -L/home/administrator/walletbuilders/build_environment/pivx/3.3.0/depends/x86_64-w64-linux/lib -lX11-xcb -lX11 -lpthread -lxcb -lXau -lQt5FbSupport -lQt5AccessibilitySupport -lQt5DeviceDiscoverySupport -lQt5ThemeSupport -lQt5EventDispatcherSupport -lQt5FontDatabaseSupport -L/home/administrator/walletbuilders/build_environment/pivx/3.3.0/depends/x86_64-w64-linux/lib -lQt5Network -lQt5Core -lm -lz -lqtpcre2 -ldl -lpthread -lz -lssl -lcrypto -lQt5Widgets -lQt5Gui -lqtlibpng -lqtharfbuzz -lQt5Core -lm -lz -lqtpcre2 -ldl -lpthread -lQt5Gui -lQt5Core -lm -lz -lqtpcre2 -ldl -lpthread -lqtlibpng -lqtharfbuzz -lz -lQt5Core -lpthread -lm -lz -lqtpcre2 -ldl -L/home/administrator/walletbuilders/build_environment/pivx/3.3.0/depends/x86_64-w64-linux/share/../plugins/platforms  >&5
conftest.cpp:73:0: warning: "QT_STATICPLUGIN" redefined
     #define QT_STATICPLUGIN
 
conftest.cpp:70:0: note: this is the location of the previous definition
 #define QT_STATICPLUGIN 1
 
configure:27954: $? = 0
configure:27955: result: yes
configure:28026: checking for static Qt plugins: -lqxcb -lxcb-static
configure:28044: g++ -m64 -std=c++11 -o conftest -fPIC -pipe -O2  -I/home/administrator/walletbuilders/build_environment/pivx/3.3.0/depends/x86_64-w64-linux/include/QtNetwork -I/home/administrator/walletbuilders/build_environment/pivx/3.3.0/depends/x86_64-w64-linux/include/QtWidgets -I/home/administrator/walletbuilders/build_environment/pivx/3.3.0/depends/x86_64-w64-linux/include/QtGui -I/home/administrator/walletbuilders/build_environment/pivx/3.3.0/depends/x86_64-w64-linux/include/QtCore -I/home/administrator/walletbuilders/build_environment/pivx/3.3.0/depends/x86_64-w64-linux/share/../include/  -DHAVE_BUILD_INFO -D__STDC_FORMAT_MACROS -L/home/administrator/walletbuilders/build_environment/pivx/3.3.0/depends/x86_64-w64-linux/share/../lib  conftest.cpp -lqxcb -lxcb-static -lqminimal -L/home/administrator/walletbuilders/build_environment/pivx/3.3.0/depends/x86_64-w64-linux/lib -L//home/administrator/walletbuilders/build_environment/pivx/3.3.0/depends/x86_64-w64-linux/lib -L/home/administrator/walletbuilders/build_environment/pivx/3.3.0/depends/x86_64-w64-linux/lib -L//home/administrator/walletbuilders/build_environment/pivx/3.3.0/depends/x86_64-w64-linux/lib -L/home/administrator/walletbuilders/build_environment/pivx/3.3.0/depends/x86_64-w64-linux/lib -lQt5XcbQpa -lQt5ServiceSupport -lQt5ThemeSupport -lQt5DBus -lQt5EventDispatcherSupport -lQt5FontDatabaseSupport -lfontconfig -lfreetype -lQt5Gui -lqtlibpng -lqtharfbuzz -lQt5Core -lm -lz -lqtpcre2 -lpthread -lX11-xcb -lX11 -lxcb-static -lxcb -ldl -lQt5ServiceSupport -lQt5Gui -lqtlibpng -lqtharfbuzz -lQt5Core -lm -lz -lqtpcre2 -ldl -lpthread -lQt5ThemeSupport -lQt5Gui -lqtlibpng -lqtharfbuzz -lQt5Core -lm -lz -lqtpcre2 -ldl -lpthread -lQt5DBus -lQt5Core -lpthread -lm -lz -lqtpcre2 -ldl -lQt5EventDispatcherSupport -lQt5Gui -lqtlibpng -lqtharfbuzz -lQt5Core -lm -lz -lqtpcre2 -ldl -lpthread -lQt5FontDatabaseSupport -lQt5Gui -lqtlibpng -lqtharfbuzz -lQt5Core -lm -lz -lqtpcre2 -ldl -lpthread -lfontconfig -lfreetype -lQt5Gui -lQt5Core -lm -lz -lqtpcre2 -ldl -lpthread -lqtlibpng -lqtharfbuzz -lz -lQt5Core -lpthread -lm -lz -lqtpcre2 -ldl -L/home/administrator/walletbuilders/build_environment/pivx/3.3.0/depends/x86_64-w64-linux/lib -lX11-xcb -lX11 -lpthread -lxcb -lXau -lQt5FbSupport -lQt5AccessibilitySupport -lQt5DeviceDiscoverySupport -lQt5ThemeSupport -lQt5EventDispatcherSupport -lQt5FontDatabaseSupport -L/home/administrator/walletbuilders/build_environment/pivx/3.3.0/depends/x86_64-w64-linux/lib -lQt5Network -lQt5Core -lm -lz -lqtpcre2 -ldl -lpthread -lz -lssl -lcrypto -lQt5Widgets -lQt5Gui -lqtlibpng -lqtharfbuzz -lQt5Core -lm -lz -lqtpcre2 -ldl -lpthread -lQt5Gui -lQt5Core -lm -lz -lqtpcre2 -ldl -lpthread -lqtlibpng -lqtharfbuzz -lz -lQt5Core -lpthread -lm -lz -lqtpcre2 -ldl -L/home/administrator/walletbuilders/build_environment/pivx/3.3.0/depends/x86_64-w64-linux/share/../plugins/platforms  >&5
conftest.cpp:74:0: warning: "QT_STATICPLUGIN" redefined
     #define QT_STATICPLUGIN
 
conftest.cpp:70:0: note: this is the location of the previous definition
 #define QT_STATICPLUGIN 1
 
configure:28044: $? = 0
configure:28045: result: yes
configure:28170: checking whether -fPIE can be used with this Qt config
configure:28196: g++ -m64 -std=c++11 -c -fPIE -pipe -O2  -I/home/administrator/walletbuilders/build_environment/pivx/3.3.0/depends/x86_64-w64-linux/include/QtNetwork -I/home/administrator/walletbuilders/build_environment/pivx/3.3.0/depends/x86_64-w64-linux/include/QtWidgets -I/home/administrator/walletbuilders/build_environment/pivx/3.3.0/depends/x86_64-w64-linux/include/QtGui -I/home/administrator/walletbuilders/build_environment/pivx/3.3.0/depends/x86_64-w64-linux/include/QtCore -I/home/administrator/walletbuilders/build_environment/pivx/3.3.0/depends/x86_64-w64-linux/share/../include/  -DHAVE_BUILD_INFO -D__STDC_FORMAT_MACROS conftest.cpp >&5
configure:28196: $? = 0
configure:28197: result: yes
configure:28270: checking for moc-qt5
configure:28303: result: no
configure:28270: checking for moc5
configure:28303: result: no
configure:28270: checking for moc
configure:28288: found /home/administrator/walletbuilders/build_environment/pivx/3.3.0/depends/x86_64-w64-linux/share/../native/bin/moc
configure:28300: result: /home/administrator/walletbuilders/build_environment/pivx/3.3.0/depends/x86_64-w64-linux/share/../native/bin/moc
configure:28389: checking for uic-qt5
configure:28422: result: no
configure:28389: checking for uic5
configure:28422: result: no
configure:28389: checking for uic
configure:28407: found /home/administrator/walletbuilders/build_environment/pivx/3.3.0/depends/x86_64-w64-linux/share/../native/bin/uic
configure:28419: result: /home/administrator/walletbuilders/build_environment/pivx/3.3.0/depends/x86_64-w64-linux/share/../native/bin/uic
configure:28508: checking for rcc-qt5
configure:28541: result: no
configure:28508: checking for rcc5
configure:28541: result: no
configure:28508: checking for rcc
configure:28526: found /home/administrator/walletbuilders/build_environment/pivx/3.3.0/depends/x86_64-w64-linux/share/../native/bin/rcc
configure:28538: result: /home/administrator/walletbuilders/build_environment/pivx/3.3.0/depends/x86_64-w64-linux/share/../native/bin/rcc
configure:28627: checking for lrelease-qt5
configure:28660: result: no
configure:28627: checking for lrelease5
configure:28660: result: no
configure:28627: checking for lrelease
configure:28645: found /home/administrator/walletbuilders/build_environment/pivx/3.3.0/depends/x86_64-w64-linux/share/../native/bin/lrelease
configure:28657: result: /home/administrator/walletbuilders/build_environment/pivx/3.3.0/depends/x86_64-w64-linux/share/../native/bin/lrelease
configure:28746: checking for lupdate-qt5
configure:28779: result: no
configure:28746: checking for lupdate5
configure:28779: result: no
configure:28746: checking for lupdate
configure:28764: found /home/administrator/walletbuilders/build_environment/pivx/3.3.0/depends/x86_64-w64-linux/share/../native/bin/lupdate
configure:28776: result: /home/administrator/walletbuilders/build_environment/pivx/3.3.0/depends/x86_64-w64-linux/share/../native/bin/lupdate
configure:28961: checking whether to build Polar Core GUI
configure:28991: result: yes (Qt5)
configure:29065: checking for boostlib >= 1.47.0
configure:29150: g++ -m64 -std=c++11 -c -pipe -O2  -I/home/administrator/walletbuilders/build_environment/pivx/3.3.0/depends/x86_64-w64-linux/share/../include/  -DHAVE_BUILD_INFO -D__STDC_FORMAT_MACROS -I/home/administrator/walletbuilders/build_environment/pivx/3.3.0/depends/x86_64-w64-linux/share/../include conftest.cpp >&5
configure:29150: $? = 0
configure:29152: result: yes
configure:29342: checking whether the Boost::System library is available
configure:29367: g++ -m64 -std=c++11 -c  -I/home/administrator/walletbuilders/build_environment/pivx/3.3.0/depends/x86_64-w64-linux/share/../include/  -DHAVE_BUILD_INFO -D__STDC_FORMAT_MACROS -I/home/administrator/walletbuilders/build_environment/pivx/3.3.0/depends/x86_64-w64-linux/share/../include conftest.cpp >&5
configure:29367: $? = 0
configure:29382: result: yes
configure:29398: checking for exit in -lboost_system-mt
configure:29423: g++ -m64 -std=c++11 -o conftest -pipe -O2  -I/home/administrator/walletbuilders/build_environment/pivx/3.3.0/depends/x86_64-w64-linux/share/../include/  -DHAVE_BUILD_INFO -D__STDC_FORMAT_MACROS -I/home/administrator/walletbuilders/build_environment/pivx/3.3.0/depends/x86_64-w64-linux/share/../include -L/home/administrator/walletbuilders/build_environment/pivx/3.3.0/depends/x86_64-w64-linux/share/../lib  -L/home/administrator/walletbuilders/build_environment/pivx/3.3.0/depends/x86_64-w64-linux/share/../lib conftest.cpp -lboost_system-mt   >&5
conftest.cpp:83:6: warning: declaration of 'char exit()' conflicts with built-in declaration 'void exit(int)' [-Wbuiltin-declaration-mismatch]
 char exit ();
      ^~~~
configure:29423: $? = 0
configure:29433: result: yes
configure:29588: checking whether the Boost::Filesystem library is available
configure:29612: g++ -m64 -std=c++11 -c -pipe -O2  -I/home/administrator/walletbuilders/build_environment/pivx/3.3.0/depends/x86_64-w64-linux/share/../include/  -DHAVE_BUILD_INFO -D__STDC_FORMAT_MACROS -I/home/administrator/walletbuilders/build_environment/pivx/3.3.0/depends/x86_64-w64-linux/share/../include conftest.cpp >&5
configure:29612: $? = 0
configure:29626: result: yes
configure:29638: checking for exit in -lboost_filesystem-mt
configure:29663: g++ -m64 -std=c++11 -o conftest -pipe -O2  -I/home/administrator/walletbuilders/build_environment/pivx/3.3.0/depends/x86_64-w64-linux/share/../include/  -DHAVE_BUILD_INFO -D__STDC_FORMAT_MACROS -I/home/administrator/walletbuilders/build_environment/pivx/3.3.0/depends/x86_64-w64-linux/share/../include -L/home/administrator/walletbuilders/build_environment/pivx/3.3.0/depends/x86_64-w64-linux/share/../lib  -L/home/administrator/walletbuilders/build_environment/pivx/3.3.0/depends/x86_64-w64-linux/share/../lib conftest.cpp -lboost_filesystem-mt   -lboost_system-mt >&5
conftest.cpp:84:6: warning: declaration of 'char exit()' conflicts with built-in declaration 'void exit(int)' [-Wbuiltin-declaration-mismatch]
 char exit ();
      ^~~~
configure:29663: $? = 0
configure:29673: result: yes
configure:29823: checking whether the Boost::Program_Options library is available
configure:29847: g++ -m64 -std=c++11 -c -pipe -O2  -I/home/administrator/walletbuilders/build_environment/pivx/3.3.0/depends/x86_64-w64-linux/share/../include/  -DHAVE_BUILD_INFO -D__STDC_FORMAT_MACROS -I/home/administrator/walletbuilders/build_environment/pivx/3.3.0/depends/x86_64-w64-linux/share/../include conftest.cpp >&5
configure:29847: $? = 0
configure:29861: result: yes
configure:29872: checking for exit in -lboost_program_options-mt
configure:29897: g++ -m64 -std=c++11 -o conftest -pipe -O2  -I/home/administrator/walletbuilders/build_environment/pivx/3.3.0/depends/x86_64-w64-linux/share/../include/  -DHAVE_BUILD_INFO -D__STDC_FORMAT_MACROS -I/home/administrator/walletbuilders/build_environment/pivx/3.3.0/depends/x86_64-w64-linux/share/../include -L/home/administrator/walletbuilders/build_environment/pivx/3.3.0/depends/x86_64-w64-linux/share/../lib  -L/home/administrator/walletbuilders/build_environment/pivx/3.3.0/depends/x86_64-w64-linux/share/../lib conftest.cpp -lboost_program_options-mt   >&5
conftest.cpp:85:6: warning: declaration of 'char exit()' conflicts with built-in declaration 'void exit(int)' [-Wbuiltin-declaration-mismatch]
 char exit ();
      ^~~~
configure:29897: $? = 0
configure:29907: result: yes
configure:30050: checking whether the Boost::Thread library is available
configure:30082: g++ -m64 -std=c++11 -c -pthread -pipe -O2  -I/home/administrator/walletbuilders/build_environment/pivx/3.3.0/depends/x86_64-w64-linux/share/../include/  -DHAVE_BUILD_INFO -D__STDC_FORMAT_MACROS -I/home/administrator/walletbuilders/build_environment/pivx/3.3.0/depends/x86_64-w64-linux/share/../include conftest.cpp >&5
configure:30082: $? = 0
configure:30097: result: yes
configure:30127: checking for exit in -lboost_thread-mt
configure:30152: g++ -m64 -std=c++11 -o conftest -pipe -O2  -I/home/administrator/walletbuilders/build_environment/pivx/3.3.0/depends/x86_64-w64-linux/share/../include/  -DHAVE_BUILD_INFO -D__STDC_FORMAT_MACROS -I/home/administrator/walletbuilders/build_environment/pivx/3.3.0/depends/x86_64-w64-linux/share/../include -L/home/administrator/walletbuilders/build_environment/pivx/3.3.0/depends/x86_64-w64-linux/share/../lib  -L/home/administrator/walletbuilders/build_environment/pivx/3.3.0/depends/x86_64-w64-linux/share/../lib conftest.cpp -lboost_thread-mt   >&5
conftest.cpp:86:6: warning: declaration of 'char exit()' conflicts with built-in declaration 'void exit(int)' [-Wbuiltin-declaration-mismatch]
 char exit ();
      ^~~~
configure:30152: $? = 0
configure:30162: result: yes
configure:30322: checking whether the Boost::Chrono library is available
configure:30346: g++ -m64 -std=c++11 -c -pipe -O2  -I/home/administrator/walletbuilders/build_environment/pivx/3.3.0/depends/x86_64-w64-linux/share/../include/  -DHAVE_BUILD_INFO -D__STDC_FORMAT_MACROS -pthread -I/home/administrator/walletbuilders/build_environment/pivx/3.3.0/depends/x86_64-w64-linux/share/../include conftest.cpp >&5
configure:30346: $? = 0
configure:30361: result: yes
configure:30376: checking for exit in -lboost_chrono-mt
configure:30401: g++ -m64 -std=c++11 -o conftest -pipe -O2  -I/home/administrator/walletbuilders/build_environment/pivx/3.3.0/depends/x86_64-w64-linux/share/../include/  -DHAVE_BUILD_INFO -D__STDC_FORMAT_MACROS -pthread -I/home/administrator/walletbuilders/build_environment/pivx/3.3.0/depends/x86_64-w64-linux/share/../include -L/home/administrator/walletbuilders/build_environment/pivx/3.3.0/depends/x86_64-w64-linux/share/../lib  -L/home/administrator/walletbuilders/build_environment/pivx/3.3.0/depends/x86_64-w64-linux/share/../lib conftest.cpp -lboost_chrono-mt   >&5
conftest.cpp:87:6: warning: declaration of 'char exit()' conflicts with built-in declaration 'void exit(int)' [-Wbuiltin-declaration-mismatch]
 char exit ();
      ^~~~
configure:30401: $? = 0
configure:30411: result: yes
configure:30843: checking for mismatched boost c++11 scoped enums
configure:30871: g++ -m64 -std=c++11 -o conftest -pipe -O2  -I/home/administrator/walletbuilders/build_environment/pivx/3.3.0/depends/x86_64-w64-linux/share/../include/  -DHAVE_BUILD_INFO -D__STDC_FORMAT_MACROS -DBOOST_SP_USE_STD_ATOMIC -DBOOST_AC_USE_STD_ATOMIC -pthread -I/home/administrator/walletbuilders/build_environment/pivx/3.3.0/depends/x86_64-w64-linux/share/../include -L/home/administrator/walletbuilders/build_environment/pivx/3.3.0/depends/x86_64-w64-linux/share/../lib  conftest.cpp -L/home/administrator/walletbuilders/build_environment/pivx/3.3.0/depends/x86_64-w64-linux/share/../lib -lboost_system-mt -lboost_filesystem-mt -lboost_program_options-mt -lboost_thread-mt -lboost_chrono-mt  >&5
conftest.cpp: In function 'int main()':
conftest.cpp:97:5: error: 'choke' was not declared in this scope
     choke;
     ^~~~~
conftest.cpp:97:5: note: suggested alternative: 'clone'
     choke;
     ^~~~~
     clone
configure:30871: $? = 1
configure: failed program was:
| /* confdefs.h */
| #define PACKAGE_NAME "Polar Core"
| #define PACKAGE_TARNAME "polar"
| #define PACKAGE_VERSION "1.0.0"
| #define PACKAGE_STRING "Polar Core 1.0.0"
| #define PACKAGE_BUGREPORT "www.polar.org"
| #define PACKAGE_URL ""
| #define HAVE_CXX11 1
| #define STDC_HEADERS 1
| #define HAVE_SYS_TYPES_H 1
| #define HAVE_SYS_STAT_H 1
| #define HAVE_STDLIB_H 1
| #define HAVE_STRING_H 1
| #define HAVE_MEMORY_H 1
| #define HAVE_STRINGS_H 1
| #define HAVE_INTTYPES_H 1
| #define HAVE_STDINT_H 1
| #define HAVE_UNISTD_H 1
| #define HAVE_DLFCN_H 1
| #define LT_OBJDIR ".libs/"
| #define USE_ASM 1
| #define ENABLE_SSE41 1
| #define ENABLE_AVX2 1
| #define ENABLE_SHANI 1
| #define HAVE_PTHREAD_PRIO_INHERIT 1
| #define HAVE_PTHREAD 1
| #define HAVE_DECL_STRERROR_R 1
| #define HAVE_STRERROR_R 1
| #define STRERROR_R_CHAR_P 1
| #define HAVE_FUNC_ATTRIBUTE_VISIBILITY 1
| #define HAVE_ENDIAN_H 1
| #define HAVE_BYTESWAP_H 1
| #define HAVE_STDIO_H 1
| #define HAVE_STDLIB_H 1
| #define HAVE_UNISTD_H 1
| #define HAVE_STRINGS_H 1
| #define HAVE_SYS_TYPES_H 1
| #define HAVE_SYS_STAT_H 1
| #define HAVE_SYS_SELECT_H 1
| #define HAVE_SYS_PRCTL_H 1
| #define HAVE_DECL_STRNLEN 1
| #define HAVE_DECL_DAEMON 1
| #define HAVE_DECL_LE16TOH 1
| #define HAVE_DECL_LE32TOH 1
| #define HAVE_DECL_LE64TOH 1
| #define HAVE_DECL_HTOLE16 1
| #define HAVE_DECL_HTOLE32 1
| #define HAVE_DECL_HTOLE64 1
| #define HAVE_DECL_BE16TOH 1
| #define HAVE_DECL_BE32TOH 1
| #define HAVE_DECL_BE64TOH 1
| #define HAVE_DECL_HTOBE16 1
| #define HAVE_DECL_HTOBE32 1
| #define HAVE_DECL_HTOBE64 1
| #define HAVE_DECL_BSWAP_16 1
| #define HAVE_DECL_BSWAP_32 1
| #define HAVE_DECL_BSWAP_64 1
| #define HAVE_DECL___BUILTIN_CLZ 1
| #define HAVE_DECL___BUILTIN_CLZL 1
| #define HAVE_DECL___BUILTIN_CLZLL 1
| #define HAVE_MALLOC_INFO 1
| #define HAVE_MALLOPT_ARENA_MAX 1
| #define HAVE_VISIBILITY_ATTRIBUTE 1
| #define HAVE_THREAD_LOCAL 1
| #define HAVE_MINIUPNPC_MINIWGET_H 1
| #define HAVE_MINIUPNPC_MINIUPNPC_H 1
| #define HAVE_MINIUPNPC_UPNPCOMMANDS_H 1
| #define HAVE_MINIUPNPC_UPNPERRORS_H 1
| #define QT_STATICPLUGIN 1
| #define QT_STATICPLUGIN 1
| #define QT_QPA_PLATFORM_MINIMAL 1
| #define QT_QPA_PLATFORM_XCB 1
| #define HAVE_BOOST /**/
| #define HAVE_BOOST_SYSTEM /**/
| #define HAVE_BOOST_FILESYSTEM /**/
| #define HAVE_BOOST_PROGRAM_OPTIONS /**/
| #define HAVE_BOOST_THREAD /**/
| #define HAVE_BOOST_CHRONO /**/
| /* end confdefs.h.  */
| 
|   #include <boost/config.hpp>
|   #include <boost/version.hpp>
|   #if !defined(BOOST_NO_SCOPED_ENUMS) && !defined(BOOST_NO_CXX11_SCOPED_ENUMS) && BOOST_VERSION < 105700
|   #define BOOST_NO_SCOPED_ENUMS
|   #define BOOST_NO_CXX11_SCOPED_ENUMS
|   #define CHECK
|   #endif
|   #include <boost/filesystem.hpp>
| 
| int
| main ()
| {
| 
|   #if defined(CHECK)
|     boost::filesystem::copy_file("foo", "bar");
|   #else
|     choke;
|   #endif
| 
|   ;
|   return 0;
| }
configure:30875: result: ok
configure:30907: g++ -m64 -std=c++11 -o conftest -pipe -O2  -I/home/administrator/walletbuilders/build_environment/pivx/3.3.0/depends/x86_64-w64-linux/share/../include/  -DHAVE_BUILD_INFO -D__STDC_FORMAT_MACROS -DBOOST_SP_USE_STD_ATOMIC -DBOOST_AC_USE_STD_ATOMIC -pthread -I/home/administrator/walletbuilders/build_environment/pivx/3.3.0/depends/x86_64-w64-linux/share/../include -L/home/administrator/walletbuilders/build_environment/pivx/3.3.0/depends/x86_64-w64-linux/share/../lib  conftest.cpp -L/home/administrator/walletbuilders/build_environment/pivx/3.3.0/depends/x86_64-w64-linux/share/../lib -lboost_system-mt -lboost_filesystem-mt -lboost_program_options-mt -lboost_thread-mt -lboost_chrono-mt  >&5
configure:30907: $? = 0
configure:30969: checking for SSL
configure:30976: $PKG_CONFIG --exists --print-errors "libssl"
configure:30979: $? = 0
configure:30993: $PKG_CONFIG --exists --print-errors "libssl"
configure:30996: $? = 0
configure:31034: result: yes
configure:31040: checking for CRYPTO
configure:31047: $PKG_CONFIG --exists --print-errors "libcrypto"
configure:31050: $? = 0
configure:31064: $PKG_CONFIG --exists --print-errors "libcrypto"
configure:31067: $? = 0
configure:31105: result: yes
configure:31114: checking for PROTOBUF
configure:31121: $PKG_CONFIG --exists --print-errors "protobuf"
configure:31124: $? = 0
configure:31138: $PKG_CONFIG --exists --print-errors "protobuf"
configure:31141: $? = 0
configure:31201: result: yes
configure:31216: checking for QR
configure:31223: $PKG_CONFIG --exists --print-errors "libqrencode"
configure:31226: $? = 0
configure:31240: $PKG_CONFIG --exists --print-errors "libqrencode"
configure:31243: $? = 0
configure:31281: result: yes
configure:31294: checking for EVENT
configure:31301: $PKG_CONFIG --exists --print-errors "libevent"
configure:31304: $? = 0
configure:31318: $PKG_CONFIG --exists --print-errors "libevent"
configure:31321: $? = 0
configure:31359: result: yes
configure:31366: checking for EVENT_PTHREADS
configure:31373: $PKG_CONFIG --exists --print-errors "libevent_pthreads"
configure:31376: $? = 0
configure:31390: $PKG_CONFIG --exists --print-errors "libevent_pthreads"
configure:31393: $? = 0
configure:31431: result: yes
configure:31441: checking for ZMQ
configure:31448: $PKG_CONFIG --exists --print-errors "libzmq >= 4"
configure:31451: $? = 0
configure:31465: $PKG_CONFIG --exists --print-errors "libzmq >= 4"
configure:31468: $? = 0
configure:31516: result: yes
configure:31909: checking whether EVP_MD_CTX_new is declared
configure:31909: g++ -m64 -std=c++11 -c -pipe -O2  -I/home/administrator/walletbuilders/build_environment/pivx/3.3.0/depends/x86_64-w64-linux/include -I/home/administrator/walletbuilders/build_environment/pivx/3.3.0/depends/x86_64-w64-linux/include -I/home/administrator/walletbuilders/build_environment/pivx/3.3.0/depends/x86_64-w64-linux/share/../include/  -DHAVE_BUILD_INFO -D__STDC_FORMAT_MACROS conftest.cpp >&5
conftest.cpp: In function 'int main()':
conftest.cpp:123:10: error: 'EVP_MD_CTX_new' was not declared in this scope
   (void) EVP_MD_CTX_new;
          ^~~~~~~~~~~~~~
conftest.cpp:123:10: note: suggested alternative: 'EVP_MD_CTX_init'
   (void) EVP_MD_CTX_new;
          ^~~~~~~~~~~~~~
          EVP_MD_CTX_init
configure:31909: $? = 1
configure: failed program was:
| /* confdefs.h */
| #define PACKAGE_NAME "Polar Core"
| #define PACKAGE_TARNAME "polar"
| #define PACKAGE_VERSION "1.0.0"
| #define PACKAGE_STRING "Polar Core 1.0.0"
| #define PACKAGE_BUGREPORT "www.polar.org"
| #define PACKAGE_URL ""
| #define HAVE_CXX11 1
| #define STDC_HEADERS 1
| #define HAVE_SYS_TYPES_H 1
| #define HAVE_SYS_STAT_H 1
| #define HAVE_STDLIB_H 1
| #define HAVE_STRING_H 1
| #define HAVE_MEMORY_H 1
| #define HAVE_STRINGS_H 1
| #define HAVE_INTTYPES_H 1
| #define HAVE_STDINT_H 1
| #define HAVE_UNISTD_H 1
| #define HAVE_DLFCN_H 1
| #define LT_OBJDIR ".libs/"
| #define USE_ASM 1
| #define ENABLE_SSE41 1
| #define ENABLE_AVX2 1
| #define ENABLE_SHANI 1
| #define HAVE_PTHREAD_PRIO_INHERIT 1
| #define HAVE_PTHREAD 1
| #define HAVE_DECL_STRERROR_R 1
| #define HAVE_STRERROR_R 1
| #define STRERROR_R_CHAR_P 1
| #define HAVE_FUNC_ATTRIBUTE_VISIBILITY 1
| #define HAVE_ENDIAN_H 1
| #define HAVE_BYTESWAP_H 1
| #define HAVE_STDIO_H 1
| #define HAVE_STDLIB_H 1
| #define HAVE_UNISTD_H 1
| #define HAVE_STRINGS_H 1
| #define HAVE_SYS_TYPES_H 1
| #define HAVE_SYS_STAT_H 1
| #define HAVE_SYS_SELECT_H 1
| #define HAVE_SYS_PRCTL_H 1
| #define HAVE_DECL_STRNLEN 1
| #define HAVE_DECL_DAEMON 1
| #define HAVE_DECL_LE16TOH 1
| #define HAVE_DECL_LE32TOH 1
| #define HAVE_DECL_LE64TOH 1
| #define HAVE_DECL_HTOLE16 1
| #define HAVE_DECL_HTOLE32 1
| #define HAVE_DECL_HTOLE64 1
| #define HAVE_DECL_BE16TOH 1
| #define HAVE_DECL_BE32TOH 1
| #define HAVE_DECL_BE64TOH 1
| #define HAVE_DECL_HTOBE16 1
| #define HAVE_DECL_HTOBE32 1
| #define HAVE_DECL_HTOBE64 1
| #define HAVE_DECL_BSWAP_16 1
| #define HAVE_DECL_BSWAP_32 1
| #define HAVE_DECL_BSWAP_64 1
| #define HAVE_DECL___BUILTIN_CLZ 1
| #define HAVE_DECL___BUILTIN_CLZL 1
| #define HAVE_DECL___BUILTIN_CLZLL 1
| #define HAVE_MALLOC_INFO 1
| #define HAVE_MALLOPT_ARENA_MAX 1
| #define HAVE_VISIBILITY_ATTRIBUTE 1
| #define HAVE_THREAD_LOCAL 1
| #define HAVE_MINIUPNPC_MINIWGET_H 1
| #define HAVE_MINIUPNPC_MINIUPNPC_H 1
| #define HAVE_MINIUPNPC_UPNPCOMMANDS_H 1
| #define HAVE_MINIUPNPC_UPNPERRORS_H 1
| #define QT_STATICPLUGIN 1
| #define QT_STATICPLUGIN 1
| #define QT_QPA_PLATFORM_MINIMAL 1
| #define QT_QPA_PLATFORM_XCB 1
| #define HAVE_BOOST /**/
| #define HAVE_BOOST_SYSTEM /**/
| #define HAVE_BOOST_FILESYSTEM /**/
| #define HAVE_BOOST_PROGRAM_OPTIONS /**/
| #define HAVE_BOOST_THREAD /**/
| #define HAVE_BOOST_CHRONO /**/
| #define HAVE_WORKING_BOOST_SLEEP_FOR 1
| #define ENABLE_ZMQ 1
| /* end confdefs.h.  */
| #include <stdio.h>
| #ifdef HAVE_SYS_TYPES_H
| # include <sys/types.h>
| #endif
| #ifdef HAVE_SYS_STAT_H
| # include <sys/stat.h>
| #endif
| #ifdef STDC_HEADERS
| # include <stdlib.h>
| # include <stddef.h>
| #else
| # ifdef HAVE_STDLIB_H
| #  include <stdlib.h>
| # endif
| #endif
| #ifdef HAVE_STRING_H
| # if !defined STDC_HEADERS && defined HAVE_MEMORY_H
| #  include <memory.h>
| # endif
| # include <string.h>
| #endif
| #ifdef HAVE_STRINGS_H
| # include <strings.h>
| #endif
| #ifdef HAVE_INTTYPES_H
| # include <inttypes.h>
| #endif
| #ifdef HAVE_STDINT_H
| # include <stdint.h>
| #endif
| #ifdef HAVE_UNISTD_H
| # include <unistd.h>
| #endif
| #include <openssl/x509_vfy.h>
| 
| 
| int
| main ()
| {
| #ifndef EVP_MD_CTX_new
| #ifdef __cplusplus
|   (void) EVP_MD_CTX_new;
| #else
|   (void) EVP_MD_CTX_new;
| #endif
| #endif
| 
|   ;
|   return 0;
| }
configure:31909: result: no
configure:31925: checking for RAND_egd in -lcrypto
configure:31950: g++ -m64 -std=c++11 -o conftest -pipe -O2  -I/home/administrator/walletbuilders/build_environment/pivx/3.3.0/depends/x86_64-w64-linux/share/../include/  -DHAVE_BUILD_INFO -D__STDC_FORMAT_MACROS -L/home/administrator/walletbuilders/build_environment/pivx/3.3.0/depends/x86_64-w64-linux/share/../lib  conftest.cpp -lcrypto   >&5
configure:31950: $? = 0
configure:31959: result: yes
configure:32158: checking for protoc
configure:32176: found /home/administrator/walletbuilders/build_environment/pivx/3.3.0/depends/x86_64-w64-linux/share/../native/bin/protoc
configure:32188: result: /home/administrator/walletbuilders/build_environment/pivx/3.3.0/depends/x86_64-w64-linux/share/../native/bin/protoc
configure:32268: checking whether to build polard
configure:32278: result: yes
configure:32281: checking whether to build utils (polar-cli polar-tx)
configure:32291: result: yes
configure:32294: checking whether to build libraries
configure:32311: result: no
configure:32322: checking if ccache should be used
configure:32335: result: no
configure:32381: checking gmp.h usability
configure:32381: gcc -m64 -c -pipe -O2  -I/home/administrator/walletbuilders/build_environment/pivx/3.3.0/depends/x86_64-w64-linux/share/../include/  -DHAVE_BUILD_INFO -D__STDC_FORMAT_MACROS conftest.c >&5
configure:32381: $? = 0
configure:32381: result: yes
configure:32381: checking gmp.h presence
configure:32381: gcc -m64 -E -I/home/administrator/walletbuilders/build_environment/pivx/3.3.0/depends/x86_64-w64-linux/share/../include/  -DHAVE_BUILD_INFO -D__STDC_FORMAT_MACROS conftest.c
configure:32381: $? = 0
configure:32381: result: yes
configure:32381: checking for gmp.h
configure:32381: result: yes
configure:32384: checking for __gmpz_init in -lgmp
configure:32409: gcc -m64 -o conftest -pipe -O2  -I/home/administrator/walletbuilders/build_environment/pivx/3.3.0/depends/x86_64-w64-linux/share/../include/  -DHAVE_BUILD_INFO -D__STDC_FORMAT_MACROS -L/home/administrator/walletbuilders/build_environment/pivx/3.3.0/depends/x86_64-w64-linux/share/../lib  conftest.c -lgmp  -lcrypto  >&5
configure:32409: $? = 0
configure:32418: result: yes
configure:32514: checking if wallet should be enabled
configure:32517: result: yes
configure:32530: checking whether to build with support for UPnP
configure:32540: result: yes
configure:32542: checking whether to build with UPnP enabled by default
configure:32550: result: no
configure:32568: checking whether to build GUI with support for D-Bus
configure:32575: result: yes
configure:32578: checking whether to build GUI with support for QR codes
configure:32588: result: yes
configure:32601: WARNING: "xgettext is required to update qt translations"
configure:32605: checking whether to build test_polar-qt
configure:32612: result: no
configure:32660: checking whether to build test_polar
configure:32667: result: no
configure:32672: checking whether to reduce exports
configure:32678: result: no
configure:33052: checking that generated files are newer than configure
configure:33058: result: done
configure:33202: creating ./config.status

## ---------------------- ##
## Running config.status. ##
## ---------------------- ##

This file was extended by Polar Core config.status 1.0.0, which was
generated by GNU Autoconf 2.69.  Invocation command line was

  CONFIG_FILES    = 
  CONFIG_HEADERS  = 
  CONFIG_LINKS    = 
  CONFIG_COMMANDS = 
  $ ./config.status 

on bld

config.status:1518: creating Makefile
config.status:1518: creating src/Makefile
config.status:1518: creating doc/man/Makefile
config.status:1518: creating share/setup.nsi
config.status:1518: creating share/qt/Info.plist
config.status:1518: creating test/config.ini
config.status:1518: creating contrib/devtools/split-debug.sh
config.status:1518: creating doc/Doxyfile
config.status:1518: creating src/config/polar-config.h
config.status:1778: executing depfiles commands
config.status:1778: executing libtool commands
configure:35724: === configuring in src/univalue (/tmp/Polar/src/univalue)
configure:35787: running /bin/bash ./configure --disable-option-checking '--prefix=/usr/local'  '--disable-tests' '--disable-bench' '--with-unsupported-ssl' '--disable-shared' '--with-pic' '--with-bignum=no' '--enable-module-recovery' '--disable-jni' --cache-file=/dev/null --srcdir=.
configure:35724: === configuring in src/secp256k1 (/tmp/Polar/src/secp256k1)
configure:35787: running /bin/bash ./configure --disable-option-checking '--prefix=/usr/local'  '--disable-tests' '--disable-bench' '--with-unsupported-ssl' '--disable-shared' '--with-pic' '--with-bignum=no' '--enable-module-recovery' '--disable-jni' --cache-file=/dev/null --srcdir=.
configure:35806: result: Fixing libtool for -rpath problems.

## ---------------- ##
## Cache variables. ##
## ---------------- ##

ac_cv_build=x86_64-pc-linux-gnu
ac_cv_c_bigendian=no
ac_cv_c_compiler_gnu=yes
ac_cv_cxx_compiler_gnu=yes
ac_cv_env_ARFLAGS_set=
ac_cv_env_ARFLAGS_value=
ac_cv_env_BDB_CFLAGS_set=
ac_cv_env_BDB_CFLAGS_value=
ac_cv_env_BDB_LIBS_set=
ac_cv_env_BDB_LIBS_value=
ac_cv_env_CCC_set=
ac_cv_env_CCC_value=
ac_cv_env_CC_set=
ac_cv_env_CC_value=
ac_cv_env_CFLAGS_set=
ac_cv_env_CFLAGS_value=
ac_cv_env_CPPFLAGS_set=
ac_cv_env_CPPFLAGS_value=
ac_cv_env_CPP_set=
ac_cv_env_CPP_value=
ac_cv_env_CRYPTO_CFLAGS_set=
ac_cv_env_CRYPTO_CFLAGS_value=
ac_cv_env_CRYPTO_LIBS_set=
ac_cv_env_CRYPTO_LIBS_value=
ac_cv_env_CXXCPP_set=
ac_cv_env_CXXCPP_value=
ac_cv_env_CXXFLAGS_set=
ac_cv_env_CXXFLAGS_value=
ac_cv_env_CXX_set=
ac_cv_env_CXX_value=
ac_cv_env_EVENT_CFLAGS_set=
ac_cv_env_EVENT_CFLAGS_value=
ac_cv_env_EVENT_LIBS_set=
ac_cv_env_EVENT_LIBS_value=
ac_cv_env_EVENT_PTHREADS_CFLAGS_set=
ac_cv_env_EVENT_PTHREADS_CFLAGS_value=
ac_cv_env_EVENT_PTHREADS_LIBS_set=
ac_cv_env_EVENT_PTHREADS_LIBS_value=
ac_cv_env_LDFLAGS_set=
ac_cv_env_LDFLAGS_value=
ac_cv_env_LIBS_set=
ac_cv_env_LIBS_value=
ac_cv_env_LT_SYS_LIBRARY_PATH_set=
ac_cv_env_LT_SYS_LIBRARY_PATH_value=
ac_cv_env_OBJCXXFLAGS_set=
ac_cv_env_OBJCXXFLAGS_value=
ac_cv_env_OBJCXX_set=
ac_cv_env_OBJCXX_value=
ac_cv_env_PKG_CONFIG_LIBDIR_set=
ac_cv_env_PKG_CONFIG_LIBDIR_value=
ac_cv_env_PKG_CONFIG_PATH_set=
ac_cv_env_PKG_CONFIG_PATH_value=
ac_cv_env_PKG_CONFIG_set=
ac_cv_env_PKG_CONFIG_value=
ac_cv_env_PROTOBUF_CFLAGS_set=
ac_cv_env_PROTOBUF_CFLAGS_value=
ac_cv_env_PROTOBUF_LIBS_set=
ac_cv_env_PROTOBUF_LIBS_value=
ac_cv_env_PYTHONPATH_set=
ac_cv_env_PYTHONPATH_value=
ac_cv_env_QR_CFLAGS_set=
ac_cv_env_QR_CFLAGS_value=
ac_cv_env_QR_LIBS_set=
ac_cv_env_QR_LIBS_value=
ac_cv_env_QT5_CFLAGS_set=
ac_cv_env_QT5_CFLAGS_value=
ac_cv_env_QT5_LIBS_set=
ac_cv_env_QT5_LIBS_value=
ac_cv_env_QTACCESSIBILITY_CFLAGS_set=
ac_cv_env_QTACCESSIBILITY_CFLAGS_value=
ac_cv_env_QTACCESSIBILITY_LIBS_set=
ac_cv_env_QTACCESSIBILITY_LIBS_value=
ac_cv_env_QTCGL_CFLAGS_set=
ac_cv_env_QTCGL_CFLAGS_value=
ac_cv_env_QTCGL_LIBS_set=
ac_cv_env_QTCGL_LIBS_value=
ac_cv_env_QTCLIPBOARD_CFLAGS_set=
ac_cv_env_QTCLIPBOARD_CFLAGS_value=
ac_cv_env_QTCLIPBOARD_LIBS_set=
ac_cv_env_QTCLIPBOARD_LIBS_value=
ac_cv_env_QTDEVICEDISCOVERY_CFLAGS_set=
ac_cv_env_QTDEVICEDISCOVERY_CFLAGS_value=
ac_cv_env_QTDEVICEDISCOVERY_LIBS_set=
ac_cv_env_QTDEVICEDISCOVERY_LIBS_value=
ac_cv_env_QTEVENTDISPATCHER_CFLAGS_set=
ac_cv_env_QTEVENTDISPATCHER_CFLAGS_value=
ac_cv_env_QTEVENTDISPATCHER_LIBS_set=
ac_cv_env_QTEVENTDISPATCHER_LIBS_value=
ac_cv_env_QTFB_CFLAGS_set=
ac_cv_env_QTFB_CFLAGS_value=
ac_cv_env_QTFB_LIBS_set=
ac_cv_env_QTFB_LIBS_value=
ac_cv_env_QTFONTDATABASE_CFLAGS_set=
ac_cv_env_QTFONTDATABASE_CFLAGS_value=
ac_cv_env_QTFONTDATABASE_LIBS_set=
ac_cv_env_QTFONTDATABASE_LIBS_value=
ac_cv_env_QTGRAPHICS_CFLAGS_set=
ac_cv_env_QTGRAPHICS_CFLAGS_value=
ac_cv_env_QTGRAPHICS_LIBS_set=
ac_cv_env_QTGRAPHICS_LIBS_value=
ac_cv_env_QTPLATFORM_CFLAGS_set=
ac_cv_env_QTPLATFORM_CFLAGS_value=
ac_cv_env_QTPLATFORM_LIBS_set=
ac_cv_env_QTPLATFORM_LIBS_value=
ac_cv_env_QTTHEME_CFLAGS_set=
ac_cv_env_QTTHEME_CFLAGS_value=
ac_cv_env_QTTHEME_LIBS_set=
ac_cv_env_QTTHEME_LIBS_value=
ac_cv_env_QTXCBQPA_CFLAGS_set=
ac_cv_env_QTXCBQPA_CFLAGS_value=
ac_cv_env_QTXCBQPA_LIBS_set=
ac_cv_env_QTXCBQPA_LIBS_value=
ac_cv_env_QT_DBUS_CFLAGS_set=
ac_cv_env_QT_DBUS_CFLAGS_value=
ac_cv_env_QT_DBUS_LIBS_set=
ac_cv_env_QT_DBUS_LIBS_value=
ac_cv_env_QT_TEST_CFLAGS_set=
ac_cv_env_QT_TEST_CFLAGS_value=
ac_cv_env_QT_TEST_LIBS_set=
ac_cv_env_QT_TEST_LIBS_value=
ac_cv_env_SSL_CFLAGS_set=
ac_cv_env_SSL_CFLAGS_value=
ac_cv_env_SSL_LIBS_set=
ac_cv_env_SSL_LIBS_value=
ac_cv_env_UNIVALUE_CFLAGS_set=
ac_cv_env_UNIVALUE_CFLAGS_value=
ac_cv_env_UNIVALUE_LIBS_set=
ac_cv_env_UNIVALUE_LIBS_value=
ac_cv_env_X11XCB_CFLAGS_set=
ac_cv_env_X11XCB_CFLAGS_value=
ac_cv_env_X11XCB_LIBS_set=
ac_cv_env_X11XCB_LIBS_value=
ac_cv_env_ZMQ_CFLAGS_set=
ac_cv_env_ZMQ_CFLAGS_value=
ac_cv_env_ZMQ_LIBS_set=
ac_cv_env_ZMQ_LIBS_value=
ac_cv_env_build_alias_set=
ac_cv_env_build_alias_value=
ac_cv_env_host_alias_set=
ac_cv_env_host_alias_value=
ac_cv_env_target_alias_set=
ac_cv_env_target_alias_value=
ac_cv_func_strerror_r=yes
ac_cv_func_strerror_r_char_p=yes
ac_cv_have_decl_EVP_MD_CTX_new=no
ac_cv_have_decl___builtin_clz=yes
ac_cv_have_decl___builtin_clzl=yes
ac_cv_have_decl___builtin_clzll=yes
ac_cv_have_decl_be16toh=yes
ac_cv_have_decl_be32toh=yes
ac_cv_have_decl_be64toh=yes
ac_cv_have_decl_bswap_16=yes
ac_cv_have_decl_bswap_32=yes
ac_cv_have_decl_bswap_64=yes
ac_cv_have_decl_daemon=yes
ac_cv_have_decl_htobe16=yes
ac_cv_have_decl_htobe32=yes
ac_cv_have_decl_htobe64=yes
ac_cv_have_decl_htole16=yes
ac_cv_have_decl_htole32=yes
ac_cv_have_decl_htole64=yes
ac_cv_have_decl_le16toh=yes
ac_cv_have_decl_le32toh=yes
ac_cv_have_decl_le64toh=yes
ac_cv_have_decl_strerror_r=yes
ac_cv_have_decl_strnlen=yes
ac_cv_header_byteswap_h=yes
ac_cv_header_dlfcn_h=yes
ac_cv_header_endian_h=yes
ac_cv_header_gmp_h=yes
ac_cv_header_inttypes_h=yes
ac_cv_header_memory_h=yes
ac_cv_header_miniupnpc_miniupnpc_h=yes
ac_cv_header_miniupnpc_miniwget_h=yes
ac_cv_header_miniupnpc_upnpcommands_h=yes
ac_cv_header_miniupnpc_upnperrors_h=yes
ac_cv_header_stdc=yes
ac_cv_header_stdint_h=yes
ac_cv_header_stdio_h=yes
ac_cv_header_stdlib_h=yes
ac_cv_header_string_h=yes
ac_cv_header_strings_h=yes
ac_cv_header_sys_endian_h=no
ac_cv_header_sys_prctl_h=yes
ac_cv_header_sys_select_h=yes
ac_cv_header_sys_stat_h=yes
ac_cv_header_sys_types_h=yes
ac_cv_header_unistd_h=yes
ac_cv_host=x86_64-w64-linux-gnu
ac_cv_lib_boost_chrono_mt___exit=yes
ac_cv_lib_boost_filesystem_mt___exit=yes
ac_cv_lib_boost_program_options_mt___exit=yes
ac_cv_lib_boost_system_mt___exit=yes
ac_cv_lib_boost_thread_mt___exit=yes
ac_cv_lib_crypto_RAND_egd=yes
ac_cv_lib_db_cxx_4_8___main=yes
ac_cv_lib_gmp___gmpz_init=yes
ac_cv_lib_miniupnpc_upnpDiscover=yes
ac_cv_objcxx_compiler_gnu=no
ac_cv_objext=o
ac_cv_path_DOXYGEN=/usr/bin/doxygen
ac_cv_path_EGREP='/bin/grep -E'
ac_cv_path_FGREP='/bin/grep -F'
ac_cv_path_GIT=/usr/bin/git
ac_cv_path_GREP=/bin/grep
ac_cv_path_HEXDUMP=/usr/bin/hexdump
ac_cv_path_LRELEASE=/home/administrator/walletbuilders/build_environment/pivx/3.3.0/depends/x86_64-w64-linux/share/../native/bin/lrelease
ac_cv_path_LUPDATE=/home/administrator/walletbuilders/build_environment/pivx/3.3.0/depends/x86_64-w64-linux/share/../native/bin/lupdate
ac_cv_path_MOC=/home/administrator/walletbuilders/build_environment/pivx/3.3.0/depends/x86_64-w64-linux/share/../native/bin/moc
ac_cv_path_PKG_CONFIG='/usr/bin/pkg-config --static'
ac_cv_path_PROTOC=/home/administrator/walletbuilders/build_environment/pivx/3.3.0/depends/x86_64-w64-linux/share/../native/bin/protoc
ac_cv_path_PYTHON=/usr/bin/python3.6
ac_cv_path_RCC=/home/administrator/walletbuilders/build_environment/pivx/3.3.0/depends/x86_64-w64-linux/share/../native/bin/rcc
ac_cv_path_SED=/bin/sed
ac_cv_path_UIC=/home/administrator/walletbuilders/build_environment/pivx/3.3.0/depends/x86_64-w64-linux/share/../native/bin/uic
ac_cv_path_ac_pt_AR=ar
ac_cv_path_ac_pt_CPPFILT=/usr/bin/c++filt
ac_cv_path_ac_pt_GCOV=/usr/bin/gcov
ac_cv_path_ac_pt_NM=nm
ac_cv_path_ac_pt_OBJCOPY=/usr/bin/objcopy
ac_cv_path_ac_pt_RANLIB=ranlib
ac_cv_path_ac_pt_READELF=/usr/bin/readelf
ac_cv_path_ac_pt_STRIP=/usr/bin/strip
ac_cv_path_install='/usr/bin/install -c'
ac_cv_path_lt_DD=/bin/dd
ac_cv_path_mkdir=/bin/mkdir
ac_cv_prog_AR=ar
ac_cv_prog_AWK=gawk
ac_cv_prog_CC='gcc -m64'
ac_cv_prog_CPP='gcc -m64 -E'
ac_cv_prog_CXXCPP='g++ -m64 -std=c++11 -E'
ac_cv_prog_OBJCXX='g++ -m64 -std=c++11'
ac_cv_prog_RANLIB=ranlib
ac_cv_prog_STRIP=strip
ac_cv_prog_ac_ct_MANIFEST_TOOL=mt
ac_cv_prog_ac_ct_OBJDUMP=objdump
ac_cv_prog_ac_ct_STRIP=strip
ac_cv_prog_cc_c89=
ac_cv_prog_cc_g=yes
ac_cv_prog_cxx_g=yes
ac_cv_prog_make_make_set=yes
ac_cv_prog_objcxx_g=no
ac_cv_search_clock_gettime='none required'
ac_cv_sys_file_offset_bits=no
ac_cv_sys_largefile_CC=no
am_cv_CC_dependencies_compiler_type=gcc3
am_cv_CXX_dependencies_compiler_type=gcc3
am_cv_OBJCXX_dependencies_compiler_type=gcc3
am_cv_make_support_nested_variables=yes
am_cv_prog_cc_c_o=yes
ax_cv_PTHREAD_CLANG=no
ax_cv_PTHREAD_JOINABLE_ATTR=PTHREAD_CREATE_JOINABLE
ax_cv_PTHREAD_PRIO_INHERIT=yes
ax_cv_PTHREAD_SPECIAL_FLAGS=no
ax_cv_boost_chrono=yes
ax_cv_boost_filesystem=yes
ax_cv_boost_program_options=yes
ax_cv_boost_system=yes
ax_cv_boost_thread=yes
ax_cv_check_cxxcppflags___D_FORTIFY_SOURCE_2=yes
ax_cv_check_cxxcppflags___U_FORTIFY_SOURCE=yes
ax_cv_check_cxxflags___Werror=yes
ax_cv_check_cxxflags___Wstack_protector=yes
ax_cv_check_cxxflags___fPIC=yes
ax_cv_check_cxxflags___fstack_protector_all=yes
ax_cv_check_cxxflags__mavx__mavx2=yes
ax_cv_check_cxxflags__msse4_1=yes
ax_cv_check_cxxflags__msse4_2=yes
ax_cv_check_cxxflags__msse4__msha=yes
ax_cv_check_ldflags___Wl___dynamicbase=no
ax_cv_check_ldflags___Wl___high_entropy_va=no
ax_cv_check_ldflags___Wl___large_address_aware=no
ax_cv_check_ldflags___Wl___nxcompat=no
ax_cv_check_ldflags___Wl__z_now=yes
ax_cv_check_ldflags___Wl__z_relro=yes
ax_cv_check_ldflags__fPIE__pie=yes
ax_cv_cxx_compile_cxx11__std_cpp11=yes
ax_cv_have_func_attribute_dllexport=no
ax_cv_have_func_attribute_dllimport=no
ax_cv_have_func_attribute_visibility=yes
bitcoin_cv_need_acc_widget=no
bitcoin_cv_static_qt=yes
lt_cv_ar_at_file=@
lt_cv_archive_cmds_need_lc=no
lt_cv_deplibs_check_method=pass_all
lt_cv_file_magic_cmd='$MAGIC_CMD'
lt_cv_file_magic_test_file=
lt_cv_ld_reload_flag=-r
lt_cv_nm_interface='BSD nm'
lt_cv_objdir=.libs
lt_cv_path_LD=/usr/bin/ld
lt_cv_path_LDCXX='/usr/bin/ld -m elf_x86_64'
lt_cv_path_NM=nm
lt_cv_path_mainfest_tool=no
lt_cv_prog_compiler_c_o=yes
lt_cv_prog_compiler_c_o_CXX=yes
lt_cv_prog_compiler_pic='-fPIC -DPIC'
lt_cv_prog_compiler_pic_CXX='-fPIC -DPIC'
lt_cv_prog_compiler_pic_works=yes
lt_cv_prog_compiler_pic_works_CXX=yes
lt_cv_prog_compiler_rtti_exceptions=no
lt_cv_prog_compiler_static_works=yes
lt_cv_prog_compiler_static_works_CXX=yes
lt_cv_prog_gnu_ld=yes
lt_cv_prog_gnu_ldcxx=yes
lt_cv_sharedlib_from_linklib_cmd='printf %s\n'
lt_cv_shlibpath_overrides_runpath=yes
lt_cv_sys_global_symbol_pipe='sed -n -e '\''s/^.*[	 ]\([ABCDGIRSTW][ABCDGIRSTW]*\)[	 ][	 ]*\([_A-Za-z][_A-Za-z0-9]*\)$/\1 \2 \2/p'\'' | sed '\''/ __gnu_lto/d'\'''
lt_cv_sys_global_symbol_to_c_name_address='sed -n -e '\''s/^: \(.*\) .*$/  {"\1", (void *) 0},/p'\'' -e '\''s/^[ABCDGIRSTW][ABCDGIRSTW]* .* \(.*\)$/  {"\1", (void *) \&\1},/p'\'''
lt_cv_sys_global_symbol_to_c_name_address_lib_prefix='sed -n -e '\''s/^: \(.*\) .*$/  {"\1", (void *) 0},/p'\'' -e '\''s/^[ABCDGIRSTW][ABCDGIRSTW]* .* \(lib.*\)$/  {"\1", (void *) \&\1},/p'\'' -e '\''s/^[ABCDGIRSTW][ABCDGIRSTW]* .* \(.*\)$/  {"lib\1", (void *) \&\1},/p'\'''
lt_cv_sys_global_symbol_to_cdecl='sed -n -e '\''s/^T .* \(.*\)$/extern int \1();/p'\'' -e '\''s/^[ABCDGIRSTW][ABCDGIRSTW]* .* \(.*\)$/extern char \1;/p'\'''
lt_cv_sys_global_symbol_to_import=
lt_cv_sys_max_cmd_len=1572864
lt_cv_to_host_file_cmd=func_convert_file_noop
lt_cv_to_tool_file_cmd=func_convert_file_noop
lt_cv_truncate_bin='/bin/dd bs=4096 count=1'
pkg_cv_CRYPTO_CFLAGS=-I/home/administrator/walletbuilders/build_environment/pivx/3.3.0/depends/x86_64-w64-linux/include
pkg_cv_CRYPTO_LIBS='-L/home/administrator/walletbuilders/build_environment/pivx/3.3.0/depends/x86_64-w64-linux/lib -lcrypto -ldl'
pkg_cv_EVENT_CFLAGS=-I/home/administrator/walletbuilders/build_environment/pivx/3.3.0/depends/x86_64-w64-linux/include
pkg_cv_EVENT_LIBS='-L/home/administrator/walletbuilders/build_environment/pivx/3.3.0/depends/x86_64-w64-linux/lib -levent'
pkg_cv_EVENT_PTHREADS_CFLAGS='-pthread -I/home/administrator/walletbuilders/build_environment/pivx/3.3.0/depends/x86_64-w64-linux/include'
pkg_cv_EVENT_PTHREADS_LIBS='-L/home/administrator/walletbuilders/build_environment/pivx/3.3.0/depends/x86_64-w64-linux/lib -levent_pthreads -levent'
pkg_cv_PROTOBUF_CFLAGS='-pthread -I/home/administrator/walletbuilders/build_environment/pivx/3.3.0/depends/x86_64-w64-linux/include'
pkg_cv_PROTOBUF_LIBS='-L/home/administrator/walletbuilders/build_environment/pivx/3.3.0/depends/x86_64-w64-linux/lib -lprotobuf -pthread -lpthread -lz'
pkg_cv_QR_CFLAGS=-I/home/administrator/walletbuilders/build_environment/pivx/3.3.0/depends/x86_64-w64-linux/include
pkg_cv_QR_LIBS='-L/home/administrator/walletbuilders/build_environment/pivx/3.3.0/depends/x86_64-w64-linux/lib -lqrencode -lpthread'
pkg_cv_QT5_CFLAGS='-I/home/administrator/walletbuilders/build_environment/pivx/3.3.0/depends/x86_64-w64-linux/include/QtNetwork -I/home/administrator/walletbuilders/build_environment/pivx/3.3.0/depends/x86_64-w64-linux/include/QtWidgets -I/home/administrator/walletbuilders/build_environment/pivx/3.3.0/depends/x86_64-w64-linux/include/QtGui -I/home/administrator/walletbuilders/build_environment/pivx/3.3.0/depends/x86_64-w64-linux/include/QtCore'
pkg_cv_QT5_LIBS='-L/home/administrator/walletbuilders/build_environment/pivx/3.3.0/depends/x86_64-w64-linux/lib -lQt5Network -lQt5Core -lm -lz -lqtpcre2 -ldl -lpthread -lz -lssl -lcrypto -lQt5Widgets -lQt5Gui -lqtlibpng -lqtharfbuzz -lQt5Core -lm -lz -lqtpcre2 -ldl -lpthread -lQt5Gui -lQt5Core -lm -lz -lqtpcre2 -ldl -lpthread -lqtlibpng -lqtharfbuzz -lz -lQt5Core -lpthread -lm -lz -lqtpcre2 -ldl'
pkg_cv_QTACCESSIBILITY_CFLAGS='-I/home/administrator/walletbuilders/build_environment/pivx/3.3.0/depends/x86_64-w64-linux/include/QtAccessibilitySupport -I/home/administrator/walletbuilders/build_environment/pivx/3.3.0/depends/x86_64-w64-linux/include/QtGui -I/home/administrator/walletbuilders/build_environment/pivx/3.3.0/depends/x86_64-w64-linux/include/QtCore'
pkg_cv_QTACCESSIBILITY_LIBS='-L/home/administrator/walletbuilders/build_environment/pivx/3.3.0/depends/x86_64-w64-linux/lib -lQt5AccessibilitySupport -lQt5Gui -lqtlibpng -lqtharfbuzz -lQt5Core -lm -lz -lqtpcre2 -ldl -lpthread -lQt5Gui -lQt5Core -lm -lz -lqtpcre2 -ldl -lpthread -lqtlibpng -lqtharfbuzz -lz -lQt5Core -lpthread -lm -lz -lqtpcre2 -ldl'
pkg_cv_QTDEVICEDISCOVERY_CFLAGS='-I/home/administrator/walletbuilders/build_environment/pivx/3.3.0/depends/x86_64-w64-linux/include/QtDeviceDiscoverySupport -I/home/administrator/walletbuilders/build_environment/pivx/3.3.0/depends/x86_64-w64-linux/include/QtCore'
pkg_cv_QTDEVICEDISCOVERY_LIBS='-L/home/administrator/walletbuilders/build_environment/pivx/3.3.0/depends/x86_64-w64-linux/lib -lQt5DeviceDiscoverySupport -lQt5Core -lm -lz -lqtpcre2 -ldl -lpthread -lQt5Core -lpthread -lm -lz -lqtpcre2 -ldl'
pkg_cv_QTEVENTDISPATCHER_CFLAGS='-I/home/administrator/walletbuilders/build_environment/pivx/3.3.0/depends/x86_64-w64-linux/include/QtEventDispatcherSupport -I/home/administrator/walletbuilders/build_environment/pivx/3.3.0/depends/x86_64-w64-linux/include/QtGui -I/home/administrator/walletbuilders/build_environment/pivx/3.3.0/depends/x86_64-w64-linux/include/QtCore'
pkg_cv_QTEVENTDISPATCHER_LIBS='-L/home/administrator/walletbuilders/build_environment/pivx/3.3.0/depends/x86_64-w64-linux/lib -lQt5EventDispatcherSupport -lQt5Gui -lqtlibpng -lqtharfbuzz -lQt5Core -lm -lz -lqtpcre2 -ldl -lpthread -lQt5Gui -lQt5Core -lm -lz -lqtpcre2 -ldl -lpthread -lqtlibpng -lqtharfbuzz -lz -lQt5Core -lpthread -lm -lz -lqtpcre2 -ldl'
pkg_cv_QTFB_CFLAGS='-I/home/administrator/walletbuilders/build_environment/pivx/3.3.0/depends/x86_64-w64-linux/include/QtFbSupport -I/home/administrator/walletbuilders/build_environment/pivx/3.3.0/depends/x86_64-w64-linux/include/QtGui -I/home/administrator/walletbuilders/build_environment/pivx/3.3.0/depends/x86_64-w64-linux/include/QtCore'
pkg_cv_QTFB_LIBS='-L/home/administrator/walletbuilders/build_environment/pivx/3.3.0/depends/x86_64-w64-linux/lib -lQt5FbSupport -lQt5Gui -lqtlibpng -lqtharfbuzz -lQt5Core -lm -lz -lqtpcre2 -ldl -lpthread -lQt5Gui -lQt5Core -lm -lz -lqtpcre2 -ldl -lpthread -lqtlibpng -lqtharfbuzz -lz -lQt5Core -lpthread -lm -lz -lqtpcre2 -ldl'
pkg_cv_QTFONTDATABASE_CFLAGS='-I/home/administrator/walletbuilders/build_environment/pivx/3.3.0/depends/x86_64-w64-linux/include/QtFontDatabaseSupport -I/home/administrator/walletbuilders/build_environment/pivx/3.3.0/depends/x86_64-w64-linux/include/QtGui -I/home/administrator/walletbuilders/build_environment/pivx/3.3.0/depends/x86_64-w64-linux/include/QtCore'
pkg_cv_QTFONTDATABASE_LIBS='-L/home/administrator/walletbuilders/build_environment/pivx/3.3.0/depends/x86_64-w64-linux/lib -L//home/administrator/walletbuilders/build_environment/pivx/3.3.0/depends/x86_64-w64-linux/lib -L/home/administrator/walletbuilders/build_environment/pivx/3.3.0/depends/x86_64-w64-linux/lib -lQt5FontDatabaseSupport -lQt5Gui -lqtlibpng -lqtharfbuzz -lQt5Core -lm -lz -lqtpcre2 -ldl -lpthread -lfontconfig -lfreetype -lQt5Gui -lQt5Core -lm -lz -lqtpcre2 -ldl -lpthread -lqtlibpng -lqtharfbuzz -lz -lQt5Core -lpthread -lm -lz -lqtpcre2 -ldl'
pkg_cv_QTTHEME_CFLAGS='-I/home/administrator/walletbuilders/build_environment/pivx/3.3.0/depends/x86_64-w64-linux/include/QtThemeSupport -I/home/administrator/walletbuilders/build_environment/pivx/3.3.0/depends/x86_64-w64-linux/include/QtGui -I/home/administrator/walletbuilders/build_environment/pivx/3.3.0/depends/x86_64-w64-linux/include/QtCore'
pkg_cv_QTTHEME_LIBS='-L/home/administrator/walletbuilders/build_environment/pivx/3.3.0/depends/x86_64-w64-linux/lib -lQt5ThemeSupport -lQt5Gui -lqtlibpng -lqtharfbuzz -lQt5Core -lm -lz -lqtpcre2 -ldl -lpthread -lQt5DBus -lQt5Core -lpthread -lm -lz -lqtpcre2 -ldl -lQt5Gui -lQt5Core -lm -lz -lqtpcre2 -ldl -lpthread -lqtlibpng -lqtharfbuzz -lz -lQt5Core -lpthread -lm -lz -lqtpcre2 -ldl'
pkg_cv_QTXCBQPA_CFLAGS='-I/home/administrator/walletbuilders/build_environment/pivx/3.3.0/depends/x86_64-w64-linux/include/QtXcbQpa -I/home/administrator/walletbuilders/build_environment/pivx/3.3.0/depends/x86_64-w64-linux/include/QtServiceSupport -I/home/administrator/walletbuilders/build_environment/pivx/3.3.0/depends/x86_64-w64-linux/include/QtThemeSupport -I/home/administrator/walletbuilders/build_environment/pivx/3.3.0/depends/x86_64-w64-linux/include/QtEventDispatcherSupport -I/home/administrator/walletbuilders/build_environment/pivx/3.3.0/depends/x86_64-w64-linux/include/QtFontDatabaseSupport -I/home/administrator/walletbuilders/build_environment/pivx/3.3.0/depends/x86_64-w64-linux/include/QtGui -I/home/administrator/walletbuilders/build_environment/pivx/3.3.0/depends/x86_64-w64-linux/include/QtCore'
pkg_cv_QTXCBQPA_LIBS='-L/home/administrator/walletbuilders/build_environment/pivx/3.3.0/depends/x86_64-w64-linux/lib -L//home/administrator/walletbuilders/build_environment/pivx/3.3.0/depends/x86_64-w64-linux/lib -L/home/administrator/walletbuilders/build_environment/pivx/3.3.0/depends/x86_64-w64-linux/lib -L//home/administrator/walletbuilders/build_environment/pivx/3.3.0/depends/x86_64-w64-linux/lib -L/home/administrator/walletbuilders/build_environment/pivx/3.3.0/depends/x86_64-w64-linux/lib -lQt5XcbQpa -lQt5ServiceSupport -lQt5ThemeSupport -lQt5DBus -lQt5EventDispatcherSupport -lQt5FontDatabaseSupport -lfontconfig -lfreetype -lQt5Gui -lqtlibpng -lqtharfbuzz -lQt5Core -lm -lz -lqtpcre2 -lpthread -lX11-xcb -lX11 -lxcb-static -lxcb -ldl -lQt5ServiceSupport -lQt5Gui -lqtlibpng -lqtharfbuzz -lQt5Core -lm -lz -lqtpcre2 -ldl -lpthread -lQt5ThemeSupport -lQt5Gui -lqtlibpng -lqtharfbuzz -lQt5Core -lm -lz -lqtpcre2 -ldl -lpthread -lQt5DBus -lQt5Core -lpthread -lm -lz -lqtpcre2 -ldl -lQt5EventDispatcherSupport -lQt5Gui -lqtlibpng -lqtharfbuzz -lQt5Core -lm -lz -lqtpcre2 -ldl -lpthread -lQt5FontDatabaseSupport -lQt5Gui -lqtlibpng -lqtharfbuzz -lQt5Core -lm -lz -lqtpcre2 -ldl -lpthread -lfontconfig -lfreetype -lQt5Gui -lQt5Core -lm -lz -lqtpcre2 -ldl -lpthread -lqtlibpng -lqtharfbuzz -lz -lQt5Core -lpthread -lm -lz -lqtpcre2 -ldl'
pkg_cv_QT_DBUS_CFLAGS='-I/home/administrator/walletbuilders/build_environment/pivx/3.3.0/depends/x86_64-w64-linux/include/QtDBus -I/home/administrator/walletbuilders/build_environment/pivx/3.3.0/depends/x86_64-w64-linux/include/QtCore'
pkg_cv_QT_DBUS_LIBS='-L/home/administrator/walletbuilders/build_environment/pivx/3.3.0/depends/x86_64-w64-linux/lib -lQt5DBus -lQt5Core -lm -lz -lqtpcre2 -ldl -lpthread -lQt5Core -lpthread -lm -lz -lqtpcre2 -ldl'
pkg_cv_QT_TEST_CFLAGS='-I/home/administrator/walletbuilders/build_environment/pivx/3.3.0/depends/x86_64-w64-linux/include/QtTest -I/home/administrator/walletbuilders/build_environment/pivx/3.3.0/depends/x86_64-w64-linux/include/QtCore'
pkg_cv_QT_TEST_LIBS='-L/home/administrator/walletbuilders/build_environment/pivx/3.3.0/depends/x86_64-w64-linux/lib -lQt5Test -lQt5Core -lm -lz -lqtpcre2 -ldl -lpthread -lQt5Core -lpthread -lm -lz -lqtpcre2 -ldl'
pkg_cv_SSL_CFLAGS=-I/home/administrator/walletbuilders/build_environment/pivx/3.3.0/depends/x86_64-w64-linux/include
pkg_cv_SSL_LIBS='-L/home/administrator/walletbuilders/build_environment/pivx/3.3.0/depends/x86_64-w64-linux/lib -lssl -lcrypto -ldl'
pkg_cv_X11XCB_CFLAGS='-I/home/administrator/walletbuilders/build_environment/pivx/3.3.0/depends/x86_64-w64-linux/include -I/home/administrator/walletbuilders/build_environment/pivx/3.3.0/depends/x86_64-w64-linux/include/xcb-shared -I/home/administrator/walletbuilders/build_environment/pivx/3.3.0/depends/x86_64-w64-linux/include'
pkg_cv_X11XCB_LIBS='-L/home/administrator/walletbuilders/build_environment/pivx/3.3.0/depends/x86_64-w64-linux/lib -lX11-xcb -lX11 -lpthread -lxcb -lXau'
pkg_cv_ZMQ_CFLAGS=-I/home/administrator/walletbuilders/build_environment/pivx/3.3.0/depends/x86_64-w64-linux/include
pkg_cv_ZMQ_LIBS='-L/home/administrator/walletbuilders/build_environment/pivx/3.3.0/depends/x86_64-w64-linux/lib -lzmq -lpthread -lrt'

## ----------------- ##
## Output variables. ##
## ----------------- ##

ACLOCAL='${SHELL} /tmp/Polar/build-aux/missing aclocal-1.15'
AMDEPBACKSLASH='\'
AMDEP_FALSE='#'
AMDEP_TRUE=''
AMTAR='$${TAR-tar}'
AM_BACKSLASH='\'
AM_DEFAULT_V='$(AM_DEFAULT_VERBOSITY)'
AM_DEFAULT_VERBOSITY='0'
AM_V='$(V)'
AR='ar'
ARFLAGS='cr'
AUTOCONF='${SHELL} /tmp/Polar/build-aux/missing autoconf'
AUTOHEADER='${SHELL} /tmp/Polar/build-aux/missing autoheader'
AUTOMAKE='${SHELL} /tmp/Polar/build-aux/missing automake-1.15'
AVX2_CXXFLAGS='-mavx -mavx2'
AWK='gawk'
BDB_CFLAGS=''
BDB_CPPFLAGS=''
BDB_LIBS='-ldb_cxx-4.8'
BITCOIN_CLI_NAME='polar-cli'
BITCOIN_DAEMON_NAME='polard'
BITCOIN_GUI_NAME='polar-qt'
BITCOIN_TX_NAME='polar-tx'
BOOST_CHRONO_LIB='-lboost_chrono-mt'
BOOST_CPPFLAGS='-DBOOST_SP_USE_STD_ATOMIC -DBOOST_AC_USE_STD_ATOMIC -pthread -I/home/administrator/walletbuilders/build_environment/pivx/3.3.0/depends/x86_64-w64-linux/share/../include'
BOOST_FILESYSTEM_LIB='-lboost_filesystem-mt'
BOOST_LDFLAGS='-L/home/administrator/walletbuilders/build_environment/pivx/3.3.0/depends/x86_64-w64-linux/share/../lib'
BOOST_LIBS='-L/home/administrator/walletbuilders/build_environment/pivx/3.3.0/depends/x86_64-w64-linux/share/../lib -lboost_system-mt -lboost_filesystem-mt -lboost_program_options-mt -lboost_thread-mt -lboost_chrono-mt'
BOOST_PROGRAM_OPTIONS_LIB='-lboost_program_options-mt'
BOOST_SYSTEM_LIB='-lboost_system-mt'
BOOST_THREAD_LIB='-lboost_thread-mt'
BOOST_UNIT_TEST_FRAMEWORK_LIB=''
BREW=''
BUILD_BITCOIND_FALSE='#'
BUILD_BITCOIND_TRUE=''
BUILD_BITCOIN_LIBS_FALSE=''
BUILD_BITCOIN_LIBS_TRUE='#'
BUILD_BITCOIN_UTILS_FALSE='#'
BUILD_BITCOIN_UTILS_TRUE=''
BUILD_DARWIN_FALSE=''
BUILD_DARWIN_TRUE='#'
CC='gcc -m64'
CCACHE=''
CCDEPMODE='depmode=gcc3'
CFLAGS='-pipe -O2 '
CLIENT_VERSION_BUILD='0'
CLIENT_VERSION_IS_RELEASE='true'
CLIENT_VERSION_MAJOR='1'
CLIENT_VERSION_MINOR='0'
CLIENT_VERSION_REVISION='0'
COMPAT_LDFLAGS=''
COPYRIGHT_YEAR='2021'
CPP='gcc -m64 -E'
CPPFILT='/usr/bin/c++filt'
CPPFLAGS='-I/home/administrator/walletbuilders/build_environment/pivx/3.3.0/depends/x86_64-w64-linux/share/../include/  -DHAVE_BUILD_INFO -D__STDC_FORMAT_MACROS'
CRYPTO_CFLAGS='-I/home/administrator/walletbuilders/build_environment/pivx/3.3.0/depends/x86_64-w64-linux/include'
CRYPTO_LIBS='-L/home/administrator/walletbuilders/build_environment/pivx/3.3.0/depends/x86_64-w64-linux/lib -lcrypto -ldl'
CXX='g++ -m64 -std=c++11'
CXXCPP='g++ -m64 -std=c++11 -E'
CXXDEPMODE='depmode=gcc3'
CXXFLAGS='-pipe -O2 '
CYGPATH_W='echo'
DEBUG_CPPFLAGS=''
DEBUG_CXXFLAGS=''
DEFS='-DHAVE_CONFIG_H'
DEPDIR='.deps'
DLLTOOL='false'
DOXYGEN='/usr/bin/doxygen'
DSYMUTIL=''
DUMPBIN=''
ECHO_C=''
ECHO_N='-n'
ECHO_T=''
EGREP='/bin/grep -E'
EMBEDDED_LEVELDB_FALSE='#'
EMBEDDED_LEVELDB_TRUE=''
EMBEDDED_UNIVALUE_FALSE='#'
EMBEDDED_UNIVALUE_TRUE=''
ENABLE_AVX2_FALSE='#'
ENABLE_AVX2_TRUE=''
ENABLE_BENCH_FALSE=''
ENABLE_BENCH_TRUE='#'
ENABLE_HWCRC32_FALSE='#'
ENABLE_HWCRC32_TRUE=''
ENABLE_MAN_FALSE='#'
ENABLE_MAN_TRUE=''
ENABLE_QT_FALSE='#'
ENABLE_QT_TESTS_FALSE=''
ENABLE_QT_TESTS_TRUE='#'
ENABLE_QT_TRUE=''
ENABLE_SHANI_FALSE='#'
ENABLE_SHANI_TRUE=''
ENABLE_SSE41_FALSE='#'
ENABLE_SSE41_TRUE=''
ENABLE_TESTS_FALSE=''
ENABLE_TESTS_TRUE='#'
ENABLE_WALLET_FALSE='#'
ENABLE_WALLET_TRUE=''
ENABLE_ZMQ_FALSE='#'
ENABLE_ZMQ_TRUE=''
ERROR_CXXFLAGS=''
EVENT_CFLAGS='-I/home/administrator/walletbuilders/build_environment/pivx/3.3.0/depends/x86_64-w64-linux/include'
EVENT_LIBS='-L/home/administrator/walletbuilders/build_environment/pivx/3.3.0/depends/x86_64-w64-linux/lib -levent'
EVENT_PTHREADS_CFLAGS='-pthread -I/home/administrator/walletbuilders/build_environment/pivx/3.3.0/depends/x86_64-w64-linux/include'
EVENT_PTHREADS_LIBS='-L/home/administrator/walletbuilders/build_environment/pivx/3.3.0/depends/x86_64-w64-linux/lib -levent_pthreads -levent'
EXEEXT=''
EXTENDED_FUNCTIONAL_TESTS=''
FGREP='/bin/grep -F'
GCOV='/usr/bin/gcov'
GENHTML=''
GENISOIMAGE=''
GIT='/usr/bin/git'
GLIBC_BACK_COMPAT_FALSE=''
GLIBC_BACK_COMPAT_TRUE='#'
GPROF_CXXFLAGS=''
GPROF_LDFLAGS=''
GREP='/bin/grep'
HARDENED_CPPFLAGS=' -U_FORTIFY_SOURCE -D_FORTIFY_SOURCE=2'
HARDENED_CXXFLAGS=' -Wstack-protector -fstack-protector-all'
HARDENED_LDFLAGS=' -Wl,-z,relro -Wl,-z,now -pie'
HARDEN_FALSE='#'
HARDEN_TRUE=''
HAVE_CXX11='1'
HAVE_DOXYGEN_FALSE='#'
HAVE_DOXYGEN_TRUE=''
HEXDUMP='/usr/bin/hexdump'
IMAGEMAGICK_CONVERT=''
INSTALLNAMETOOL=''
INSTALL_DATA='${INSTALL} -m 644'
INSTALL_PROGRAM='${INSTALL}'
INSTALL_SCRIPT='${INSTALL}'
INSTALL_STRIP_PROGRAM='$(install_sh) -c -s'
LCOV=''
LCOV_OPTS=''
LD='/usr/bin/ld -m elf_x86_64'
LDFLAGS='-L/home/administrator/walletbuilders/build_environment/pivx/3.3.0/depends/x86_64-w64-linux/share/../lib '
LEVELDB_CPPFLAGS=''
LEVELDB_TARGET_FLAGS='-DOS_LINUX'
LIBLEVELDB=''
LIBMEMENV=''
LIBOBJS=''
LIBS='-lcrypto  -lgmp'
LIBTOOL='$(SHELL) $(top_builddir)/libtool'
LIBTOOL_APP_LDFLAGS=''
LIPO=''
LN_S='ln -s'
LRELEASE='/home/administrator/walletbuilders/build_environment/pivx/3.3.0/depends/x86_64-w64-linux/share/../native/bin/lrelease'
LTLIBOBJS=''
LT_SYS_LIBRARY_PATH=''
LUPDATE='/home/administrator/walletbuilders/build_environment/pivx/3.3.0/depends/x86_64-w64-linux/share/../native/bin/lupdate'
MAINT=''
MAINTAINER_MODE_FALSE='#'
MAINTAINER_MODE_TRUE=''
MAKEINFO='${SHELL} /tmp/Polar/build-aux/missing makeinfo'
MAKENSIS=''
MANIFEST_TOOL=':'
MINIUPNPC_CPPFLAGS=''
MINIUPNPC_LIBS='-lminiupnpc'
MKDIR_P='/bin/mkdir -p'
MOC='/home/administrator/walletbuilders/build_environment/pivx/3.3.0/depends/x86_64-w64-linux/share/../native/bin/moc'
MOC_DEFS='-DHAVE_CONFIG_H -I$(srcdir)'
NM='nm'
NMEDIT=''
NOWARN_CXXFLAGS=''
OBJCOPY='/usr/bin/objcopy'
OBJCXX='g++ -m64 -std=c++11'
OBJCXXDEPMODE='depmode=gcc3'
OBJCXXFLAGS=''
OBJDUMP='objdump'
OBJEXT='o'
OTOOL64=''
OTOOL=''
PACKAGE='polar'
PACKAGE_BUGREPORT='www.polar.org'
PACKAGE_NAME='Polar Core'
PACKAGE_STRING='Polar Core 1.0.0'
PACKAGE_TARNAME='polar'
PACKAGE_URL=''
PACKAGE_VERSION='1.0.0'
PATH_SEPARATOR=':'
PIC_FLAGS='-fPIC'
PIE_FLAGS='-fPIE'
PKG_CONFIG='/usr/bin/pkg-config --static'
PKG_CONFIG_LIBDIR=''
PKG_CONFIG_PATH='/home/administrator/walletbuilders/build_environment/pivx/3.3.0/depends/x86_64-w64-linux/share/../share/pkgconfig:/home/administrator/walletbuilders/build_environment/pivx/3.3.0/depends/x86_64-w64-linux/share/../lib/pkgconfig'
PORT=''
PROTOBUF_CFLAGS='-pthread -I/home/administrator/walletbuilders/build_environment/pivx/3.3.0/depends/x86_64-w64-linux/include'
PROTOBUF_LIBS='-L/home/administrator/walletbuilders/build_environment/pivx/3.3.0/depends/x86_64-w64-linux/lib -lprotobuf -pthread -lpthread -lz'
PROTOC='/home/administrator/walletbuilders/build_environment/pivx/3.3.0/depends/x86_64-w64-linux/share/../native/bin/protoc'
PTHREAD_CC='gcc -m64'
PTHREAD_CFLAGS='-pthread'
PTHREAD_LIBS=''
PYTHON='/usr/bin/python3.6'
PYTHONPATH='/home/administrator/walletbuilders/build_environment/pivx/3.3.0/depends/x86_64-w64-linux/share/../native/lib/python3/dist-packages:'
QR_CFLAGS='-I/home/administrator/walletbuilders/build_environment/pivx/3.3.0/depends/x86_64-w64-linux/include'
QR_LIBS='-L/home/administrator/walletbuilders/build_environment/pivx/3.3.0/depends/x86_64-w64-linux/lib -lqrencode -lpthread'
QT5_CFLAGS='-I/home/administrator/walletbuilders/build_environment/pivx/3.3.0/depends/x86_64-w64-linux/include/QtNetwork -I/home/administrator/walletbuilders/build_environment/pivx/3.3.0/depends/x86_64-w64-linux/include/QtWidgets -I/home/administrator/walletbuilders/build_environment/pivx/3.3.0/depends/x86_64-w64-linux/include/QtGui -I/home/administrator/walletbuilders/build_environment/pivx/3.3.0/depends/x86_64-w64-linux/include/QtCore'
QT5_LIBS='-L/home/administrator/walletbuilders/build_environment/pivx/3.3.0/depends/x86_64-w64-linux/lib -lQt5Network -lQt5Core -lm -lz -lqtpcre2 -ldl -lpthread -lz -lssl -lcrypto -lQt5Widgets -lQt5Gui -lqtlibpng -lqtharfbuzz -lQt5Core -lm -lz -lqtpcre2 -ldl -lpthread -lQt5Gui -lQt5Core -lm -lz -lqtpcre2 -ldl -lpthread -lqtlibpng -lqtharfbuzz -lz -lQt5Core -lpthread -lm -lz -lqtpcre2 -ldl'
QTACCESSIBILITY_CFLAGS='-I/home/administrator/walletbuilders/build_environment/pivx/3.3.0/depends/x86_64-w64-linux/include/QtAccessibilitySupport -I/home/administrator/walletbuilders/build_environment/pivx/3.3.0/depends/x86_64-w64-linux/include/QtGui -I/home/administrator/walletbuilders/build_environment/pivx/3.3.0/depends/x86_64-w64-linux/include/QtCore'
QTACCESSIBILITY_LIBS='-L/home/administrator/walletbuilders/build_environment/pivx/3.3.0/depends/x86_64-w64-linux/lib -lQt5AccessibilitySupport -lQt5Gui -lqtlibpng -lqtharfbuzz -lQt5Core -lm -lz -lqtpcre2 -ldl -lpthread -lQt5Gui -lQt5Core -lm -lz -lqtpcre2 -ldl -lpthread -lqtlibpng -lqtharfbuzz -lz -lQt5Core -lpthread -lm -lz -lqtpcre2 -ldl'
QTCGL_CFLAGS=''
QTCGL_LIBS=''
QTCLIPBOARD_CFLAGS=''
QTCLIPBOARD_LIBS=''
QTDEVICEDISCOVERY_CFLAGS='-I/home/administrator/walletbuilders/build_environment/pivx/3.3.0/depends/x86_64-w64-linux/include/QtDeviceDiscoverySupport -I/home/administrator/walletbuilders/build_environment/pivx/3.3.0/depends/x86_64-w64-linux/include/QtCore'
QTDEVICEDISCOVERY_LIBS='-L/home/administrator/walletbuilders/build_environment/pivx/3.3.0/depends/x86_64-w64-linux/lib -lQt5DeviceDiscoverySupport -lQt5Core -lm -lz -lqtpcre2 -ldl -lpthread -lQt5Core -lpthread -lm -lz -lqtpcre2 -ldl'
QTEVENTDISPATCHER_CFLAGS='-I/home/administrator/walletbuilders/build_environment/pivx/3.3.0/depends/x86_64-w64-linux/include/QtEventDispatcherSupport -I/home/administrator/walletbuilders/build_environment/pivx/3.3.0/depends/x86_64-w64-linux/include/QtGui -I/home/administrator/walletbuilders/build_environment/pivx/3.3.0/depends/x86_64-w64-linux/include/QtCore'
QTEVENTDISPATCHER_LIBS='-L/home/administrator/walletbuilders/build_environment/pivx/3.3.0/depends/x86_64-w64-linux/lib -lQt5EventDispatcherSupport -lQt5Gui -lqtlibpng -lqtharfbuzz -lQt5Core -lm -lz -lqtpcre2 -ldl -lpthread -lQt5Gui -lQt5Core -lm -lz -lqtpcre2 -ldl -lpthread -lqtlibpng -lqtharfbuzz -lz -lQt5Core -lpthread -lm -lz -lqtpcre2 -ldl'
QTFB_CFLAGS='-I/home/administrator/walletbuilders/build_environment/pivx/3.3.0/depends/x86_64-w64-linux/include/QtFbSupport -I/home/administrator/walletbuilders/build_environment/pivx/3.3.0/depends/x86_64-w64-linux/include/QtGui -I/home/administrator/walletbuilders/build_environment/pivx/3.3.0/depends/x86_64-w64-linux/include/QtCore'
QTFB_LIBS='-L/home/administrator/walletbuilders/build_environment/pivx/3.3.0/depends/x86_64-w64-linux/lib -lQt5FbSupport -lQt5Gui -lqtlibpng -lqtharfbuzz -lQt5Core -lm -lz -lqtpcre2 -ldl -lpthread -lQt5Gui -lQt5Core -lm -lz -lqtpcre2 -ldl -lpthread -lqtlibpng -lqtharfbuzz -lz -lQt5Core -lpthread -lm -lz -lqtpcre2 -ldl'
QTFONTDATABASE_CFLAGS='-I/home/administrator/walletbuilders/build_environment/pivx/3.3.0/depends/x86_64-w64-linux/include/QtFontDatabaseSupport -I/home/administrator/walletbuilders/build_environment/pivx/3.3.0/depends/x86_64-w64-linux/include/QtGui -I/home/administrator/walletbuilders/build_environment/pivx/3.3.0/depends/x86_64-w64-linux/include/QtCore'
QTFONTDATABASE_LIBS='-L/home/administrator/walletbuilders/build_environment/pivx/3.3.0/depends/x86_64-w64-linux/lib -L//home/administrator/walletbuilders/build_environment/pivx/3.3.0/depends/x86_64-w64-linux/lib -L/home/administrator/walletbuilders/build_environment/pivx/3.3.0/depends/x86_64-w64-linux/lib -lQt5FontDatabaseSupport -lQt5Gui -lqtlibpng -lqtharfbuzz -lQt5Core -lm -lz -lqtpcre2 -ldl -lpthread -lfontconfig -lfreetype -lQt5Gui -lQt5Core -lm -lz -lqtpcre2 -ldl -lpthread -lqtlibpng -lqtharfbuzz -lz -lQt5Core -lpthread -lm -lz -lqtpcre2 -ldl'
QTGRAPHICS_CFLAGS=''
QTGRAPHICS_LIBS=''
QTPLATFORM_CFLAGS=''
QTPLATFORM_LIBS=''
QTTHEME_CFLAGS='-I/home/administrator/walletbuilders/build_environment/pivx/3.3.0/depends/x86_64-w64-linux/include/QtThemeSupport -I/home/administrator/walletbuilders/build_environment/pivx/3.3.0/depends/x86_64-w64-linux/include/QtGui -I/home/administrator/walletbuilders/build_environment/pivx/3.3.0/depends/x86_64-w64-linux/include/QtCore'
QTTHEME_LIBS='-L/home/administrator/walletbuilders/build_environment/pivx/3.3.0/depends/x86_64-w64-linux/lib -lQt5ThemeSupport -lQt5Gui -lqtlibpng -lqtharfbuzz -lQt5Core -lm -lz -lqtpcre2 -ldl -lpthread -lQt5DBus -lQt5Core -lpthread -lm -lz -lqtpcre2 -ldl -lQt5Gui -lQt5Core -lm -lz -lqtpcre2 -ldl -lpthread -lqtlibpng -lqtharfbuzz -lz -lQt5Core -lpthread -lm -lz -lqtpcre2 -ldl'
QTXCBQPA_CFLAGS='-I/home/administrator/walletbuilders/build_environment/pivx/3.3.0/depends/x86_64-w64-linux/include/QtXcbQpa -I/home/administrator/walletbuilders/build_environment/pivx/3.3.0/depends/x86_64-w64-linux/include/QtServiceSupport -I/home/administrator/walletbuilders/build_environment/pivx/3.3.0/depends/x86_64-w64-linux/include/QtThemeSupport -I/home/administrator/walletbuilders/build_environment/pivx/3.3.0/depends/x86_64-w64-linux/include/QtEventDispatcherSupport -I/home/administrator/walletbuilders/build_environment/pivx/3.3.0/depends/x86_64-w64-linux/include/QtFontDatabaseSupport -I/home/administrator/walletbuilders/build_environment/pivx/3.3.0/depends/x86_64-w64-linux/include/QtGui -I/home/administrator/walletbuilders/build_environment/pivx/3.3.0/depends/x86_64-w64-linux/include/QtCore'
QTXCBQPA_LIBS='-L/home/administrator/walletbuilders/build_environment/pivx/3.3.0/depends/x86_64-w64-linux/lib -L//home/administrator/walletbuilders/build_environment/pivx/3.3.0/depends/x86_64-w64-linux/lib -L/home/administrator/walletbuilders/build_environment/pivx/3.3.0/depends/x86_64-w64-linux/lib -L//home/administrator/walletbuilders/build_environment/pivx/3.3.0/depends/x86_64-w64-linux/lib -L/home/administrator/walletbuilders/build_environment/pivx/3.3.0/depends/x86_64-w64-linux/lib -lQt5XcbQpa -lQt5ServiceSupport -lQt5ThemeSupport -lQt5DBus -lQt5EventDispatcherSupport -lQt5FontDatabaseSupport -lfontconfig -lfreetype -lQt5Gui -lqtlibpng -lqtharfbuzz -lQt5Core -lm -lz -lqtpcre2 -lpthread -lX11-xcb -lX11 -lxcb-static -lxcb -ldl -lQt5ServiceSupport -lQt5Gui -lqtlibpng -lqtharfbuzz -lQt5Core -lm -lz -lqtpcre2 -ldl -lpthread -lQt5ThemeSupport -lQt5Gui -lqtlibpng -lqtharfbuzz -lQt5Core -lm -lz -lqtpcre2 -ldl -lpthread -lQt5DBus -lQt5Core -lpthread -lm -lz -lqtpcre2 -ldl -lQt5EventDispatcherSupport -lQt5Gui -lqtlibpng -lqtharfbuzz -lQt5Core -lm -lz -lqtpcre2 -ldl -lpthread -lQt5FontDatabaseSupport -lQt5Gui -lqtlibpng -lqtharfbuzz -lQt5Core -lm -lz -lqtpcre2 -ldl -lpthread -lfontconfig -lfreetype -lQt5Gui -lQt5Core -lm -lz -lqtpcre2 -ldl -lpthread -lqtlibpng -lqtharfbuzz -lz -lQt5Core -lpthread -lm -lz -lqtpcre2 -ldl'
QT_DBUS_CFLAGS='-I/home/administrator/walletbuilders/build_environment/pivx/3.3.0/depends/x86_64-w64-linux/include/QtDBus -I/home/administrator/walletbuilders/build_environment/pivx/3.3.0/depends/x86_64-w64-linux/include/QtCore'
QT_DBUS_INCLUDES='-I/home/administrator/walletbuilders/build_environment/pivx/3.3.0/depends/x86_64-w64-linux/include/QtDBus -I/home/administrator/walletbuilders/build_environment/pivx/3.3.0/depends/x86_64-w64-linux/include/QtCore'
QT_DBUS_LIBS='-L/home/administrator/walletbuilders/build_environment/pivx/3.3.0/depends/x86_64-w64-linux/lib -lQt5DBus -lQt5Core -lm -lz -lqtpcre2 -ldl -lpthread -lQt5Core -lpthread -lm -lz -lqtpcre2 -ldl'
QT_INCLUDES='-I/home/administrator/walletbuilders/build_environment/pivx/3.3.0/depends/x86_64-w64-linux/include/QtNetwork -I/home/administrator/walletbuilders/build_environment/pivx/3.3.0/depends/x86_64-w64-linux/include/QtWidgets -I/home/administrator/walletbuilders/build_environment/pivx/3.3.0/depends/x86_64-w64-linux/include/QtGui -I/home/administrator/walletbuilders/build_environment/pivx/3.3.0/depends/x86_64-w64-linux/include/QtCore'
QT_LDFLAGS=''
QT_LIBS='-lqxcb -lxcb-static -lqminimal -L/home/administrator/walletbuilders/build_environment/pivx/3.3.0/depends/x86_64-w64-linux/lib -L//home/administrator/walletbuilders/build_environment/pivx/3.3.0/depends/x86_64-w64-linux/lib -L/home/administrator/walletbuilders/build_environment/pivx/3.3.0/depends/x86_64-w64-linux/lib -L//home/administrator/walletbuilders/build_environment/pivx/3.3.0/depends/x86_64-w64-linux/lib -L/home/administrator/walletbuilders/build_environment/pivx/3.3.0/depends/x86_64-w64-linux/lib -lQt5XcbQpa -lQt5ServiceSupport -lQt5ThemeSupport -lQt5DBus -lQt5EventDispatcherSupport -lQt5FontDatabaseSupport -lfontconfig -lfreetype -lQt5Gui -lqtlibpng -lqtharfbuzz -lQt5Core -lm -lz -lqtpcre2 -lpthread -lX11-xcb -lX11 -lxcb-static -lxcb -ldl -lQt5ServiceSupport -lQt5Gui -lqtlibpng -lqtharfbuzz -lQt5Core -lm -lz -lqtpcre2 -ldl -lpthread -lQt5ThemeSupport -lQt5Gui -lqtlibpng -lqtharfbuzz -lQt5Core -lm -lz -lqtpcre2 -ldl -lpthread -lQt5DBus -lQt5Core -lpthread -lm -lz -lqtpcre2 -ldl -lQt5EventDispatcherSupport -lQt5Gui -lqtlibpng -lqtharfbuzz -lQt5Core -lm -lz -lqtpcre2 -ldl -lpthread -lQt5FontDatabaseSupport -lQt5Gui -lqtlibpng -lqtharfbuzz -lQt5Core -lm -lz -lqtpcre2 -ldl -lpthread -lfontconfig -lfreetype -lQt5Gui -lQt5Core -lm -lz -lqtpcre2 -ldl -lpthread -lqtlibpng -lqtharfbuzz -lz -lQt5Core -lpthread -lm -lz -lqtpcre2 -ldl -L/home/administrator/walletbuilders/build_environment/pivx/3.3.0/depends/x86_64-w64-linux/lib -lX11-xcb -lX11 -lpthread -lxcb -lXau -lQt5FbSupport -lQt5AccessibilitySupport -lQt5DeviceDiscoverySupport -lQt5ThemeSupport -lQt5EventDispatcherSupport -lQt5FontDatabaseSupport -L/home/administrator/walletbuilders/build_environment/pivx/3.3.0/depends/x86_64-w64-linux/lib -lQt5Network -lQt5Core -lm -lz -lqtpcre2 -ldl -lpthread -lz -lssl -lcrypto -lQt5Widgets -lQt5Gui -lqtlibpng -lqtharfbuzz -lQt5Core -lm -lz -lqtpcre2 -ldl -lpthread -lQt5Gui -lQt5Core -lm -lz -lqtpcre2 -ldl -lpthread -lqtlibpng -lqtharfbuzz -lz -lQt5Core -lpthread -lm -lz -lqtpcre2 -ldl -L/home/administrator/walletbuilders/build_environment/pivx/3.3.0/depends/x86_64-w64-linux/share/../plugins/platforms'
QT_PIE_FLAGS='-fPIE'
QT_SELECT='qt5'
QT_TEST_CFLAGS='-I/home/administrator/walletbuilders/build_environment/pivx/3.3.0/depends/x86_64-w64-linux/include/QtTest -I/home/administrator/walletbuilders/build_environment/pivx/3.3.0/depends/x86_64-w64-linux/include/QtCore'
QT_TEST_INCLUDES='-I/home/administrator/walletbuilders/build_environment/pivx/3.3.0/depends/x86_64-w64-linux/include/QtTest -I/home/administrator/walletbuilders/build_environment/pivx/3.3.0/depends/x86_64-w64-linux/include/QtCore'
QT_TEST_LIBS='-L/home/administrator/walletbuilders/build_environment/pivx/3.3.0/depends/x86_64-w64-linux/lib -lQt5Test -lQt5Core -lm -lz -lqtpcre2 -ldl -lpthread -lQt5Core -lpthread -lm -lz -lqtpcre2 -ldl'
QT_TRANSLATION_DIR='/home/administrator/walletbuilders/build_environment/pivx/3.3.0/depends/x86_64-w64-linux/share/../translations'
RANLIB='ranlib'
RCC='/home/administrator/walletbuilders/build_environment/pivx/3.3.0/depends/x86_64-w64-linux/share/../native/bin/rcc'
READELF='/usr/bin/readelf'
RELDFLAGS=''
RSVG_CONVERT=''
SANITIZER_CXXFLAGS=''
SANITIZER_LDFLAGS=''
SED='/bin/sed'
SET_MAKE=''
SHANI_CXXFLAGS='-msse4 -msha'
SHELL='/bin/bash'
SSE41_CXXFLAGS='-msse4.1'
SSE42_CXXFLAGS='-msse4.2'
SSL_CFLAGS='-I/home/administrator/walletbuilders/build_environment/pivx/3.3.0/depends/x86_64-w64-linux/include'
SSL_LIBS='-L/home/administrator/walletbuilders/build_environment/pivx/3.3.0/depends/x86_64-w64-linux/lib -lssl -lcrypto -ldl'
STRIP='/usr/bin/strip'
TARGET_DARWIN_FALSE=''
TARGET_DARWIN_TRUE='#'
TARGET_WINDOWS_FALSE=''
TARGET_WINDOWS_TRUE='#'
TESTDEFS=''
TIFFCP=''
UIC='/home/administrator/walletbuilders/build_environment/pivx/3.3.0/depends/x86_64-w64-linux/share/../native/bin/uic'
UNIVALUE_CFLAGS='-I$(srcdir)/univalue/include'
UNIVALUE_LIBS='univalue/libunivalue.la'
USE_ASM_FALSE='#'
USE_ASM_TRUE=''
USE_LCOV_FALSE=''
USE_LCOV_TRUE='#'
USE_NUM_GMP=''
USE_NUM_GMP_FALSE='#'
USE_NUM_GMP_TRUE=''
USE_NUM_OPENSSL=''
USE_NUM_OPENSSL_FALSE=''
USE_NUM_OPENSSL_TRUE='#'
USE_QRCODE=''
USE_QRCODE_FALSE='#'
USE_QRCODE_TRUE=''
USE_UPNP=''
VERSION='1.0.0'
WARN_CXXFLAGS=''
WINDOWS_BITS=''
WINDRES=''
X11XCB_CFLAGS='-I/home/administrator/walletbuilders/build_environment/pivx/3.3.0/depends/x86_64-w64-linux/include -I/home/administrator/walletbuilders/build_environment/pivx/3.3.0/depends/x86_64-w64-linux/include/xcb-shared -I/home/administrator/walletbuilders/build_environment/pivx/3.3.0/depends/x86_64-w64-linux/include'
X11XCB_LIBS='-L/home/administrator/walletbuilders/build_environment/pivx/3.3.0/depends/x86_64-w64-linux/lib -lX11-xcb -lX11 -lpthread -lxcb -lXau'
XGETTEXT=''
ZMQ_CFLAGS='-I/home/administrator/walletbuilders/build_environment/pivx/3.3.0/depends/x86_64-w64-linux/include'
ZMQ_LIBS='-L/home/administrator/walletbuilders/build_environment/pivx/3.3.0/depends/x86_64-w64-linux/lib -lzmq -lpthread -lrt'
ac_ct_AR=''
ac_ct_CC=''
ac_ct_CXX=''
ac_ct_DUMPBIN=''
ac_ct_OBJCXX=''
am__EXEEXT_FALSE=''
am__EXEEXT_TRUE='#'
am__fastdepCC_FALSE='#'
am__fastdepCC_TRUE=''
am__fastdepCXX_FALSE='#'
am__fastdepCXX_TRUE=''
am__fastdepOBJCXX_FALSE='#'
am__fastdepOBJCXX_TRUE=''
am__include='include'
am__isrc=''
am__leading_dot='.'
am__nodep='_no'
am__quote=''
am__tar='$${TAR-tar} chof - "$$tardir"'
am__untar='$${TAR-tar} xf -'
ax_pthread_config=''
bindir='${exec_prefix}/bin'
build='x86_64-pc-linux-gnu'
build_alias=''
build_cpu='x86_64'
build_os='linux-gnu'
build_vendor='pc'
datadir='${datarootdir}'
datarootdir='${prefix}/share'
docdir='${datarootdir}/doc/${PACKAGE_TARNAME}'
dvidir='${docdir}'
exec_prefix='${prefix}'
host='x86_64-w64-linux-gnu'
host_alias='x86_64-w64-linux'
host_cpu='x86_64'
host_os='linux-gnu'
host_vendor='w64'
htmldir='${docdir}'
includedir='${prefix}/include'
infodir='${datarootdir}/info'
install_sh='${SHELL} /tmp/Polar/build-aux/install-sh'
libdir='${exec_prefix}/lib'
libexecdir='${exec_prefix}/libexec'
localedir='${datarootdir}/locale'
localstatedir='${prefix}/var'
mandir='${datarootdir}/man'
mkdir_p='$(MKDIR_P)'
oldincludedir='/usr/include'
pdfdir='${docdir}'
prefix='/usr/local'
program_transform_name='s,x,x,'
psdir='${docdir}'
runstatedir='${localstatedir}/run'
sbindir='${exec_prefix}/sbin'
sharedstatedir='${prefix}/com'
subdirs=' src/univalue src/secp256k1'
sysconfdir='${prefix}/etc'
target_alias=''

## ----------- ##
## confdefs.h. ##
## ----------- ##

/* confdefs.h */
#define PACKAGE_NAME "Polar Core"
#define PACKAGE_TARNAME "polar"
#define PACKAGE_VERSION "1.0.0"
#define PACKAGE_STRING "Polar Core 1.0.0"
#define PACKAGE_BUGREPORT "www.polar.org"
#define PACKAGE_URL ""
#define HAVE_CXX11 1
#define STDC_HEADERS 1
#define HAVE_SYS_TYPES_H 1
#define HAVE_SYS_STAT_H 1
#define HAVE_STDLIB_H 1
#define HAVE_STRING_H 1
#define HAVE_MEMORY_H 1
#define HAVE_STRINGS_H 1
#define HAVE_INTTYPES_H 1
#define HAVE_STDINT_H 1
#define HAVE_UNISTD_H 1
#define HAVE_DLFCN_H 1
#define LT_OBJDIR ".libs/"
#define USE_ASM 1
#define ENABLE_SSE41 1
#define ENABLE_AVX2 1
#define ENABLE_SHANI 1
#define HAVE_PTHREAD_PRIO_INHERIT 1
#define HAVE_PTHREAD 1
#define HAVE_DECL_STRERROR_R 1
#define HAVE_STRERROR_R 1
#define STRERROR_R_CHAR_P 1
#define HAVE_FUNC_ATTRIBUTE_VISIBILITY 1
#define HAVE_ENDIAN_H 1
#define HAVE_BYTESWAP_H 1
#define HAVE_STDIO_H 1
#define HAVE_STDLIB_H 1
#define HAVE_UNISTD_H 1
#define HAVE_STRINGS_H 1
#define HAVE_SYS_TYPES_H 1
#define HAVE_SYS_STAT_H 1
#define HAVE_SYS_SELECT_H 1
#define HAVE_SYS_PRCTL_H 1
#define HAVE_DECL_STRNLEN 1
#define HAVE_DECL_DAEMON 1
#define HAVE_DECL_LE16TOH 1
#define HAVE_DECL_LE32TOH 1
#define HAVE_DECL_LE64TOH 1
#define HAVE_DECL_HTOLE16 1
#define HAVE_DECL_HTOLE32 1
#define HAVE_DECL_HTOLE64 1
#define HAVE_DECL_BE16TOH 1
#define HAVE_DECL_BE32TOH 1
#define HAVE_DECL_BE64TOH 1
#define HAVE_DECL_HTOBE16 1
#define HAVE_DECL_HTOBE32 1
#define HAVE_DECL_HTOBE64 1
#define HAVE_DECL_BSWAP_16 1
#define HAVE_DECL_BSWAP_32 1
#define HAVE_DECL_BSWAP_64 1
#define HAVE_DECL___BUILTIN_CLZ 1
#define HAVE_DECL___BUILTIN_CLZL 1
#define HAVE_DECL___BUILTIN_CLZLL 1
#define HAVE_MALLOC_INFO 1
#define HAVE_MALLOPT_ARENA_MAX 1
#define HAVE_VISIBILITY_ATTRIBUTE 1
#define HAVE_THREAD_LOCAL 1
#define HAVE_MINIUPNPC_MINIWGET_H 1
#define HAVE_MINIUPNPC_MINIUPNPC_H 1
#define HAVE_MINIUPNPC_UPNPCOMMANDS_H 1
#define HAVE_MINIUPNPC_UPNPERRORS_H 1
#define QT_STATICPLUGIN 1
#define QT_STATICPLUGIN 1
#define QT_QPA_PLATFORM_MINIMAL 1
#define QT_QPA_PLATFORM_XCB 1
#define HAVE_BOOST /**/
#define HAVE_BOOST_SYSTEM /**/
#define HAVE_BOOST_FILESYSTEM /**/
#define HAVE_BOOST_PROGRAM_OPTIONS /**/
#define HAVE_BOOST_THREAD /**/
#define HAVE_BOOST_CHRONO /**/
#define HAVE_WORKING_BOOST_SLEEP_FOR 1
#define ENABLE_ZMQ 1
#define HAVE_DECL_EVP_MD_CTX_NEW 0
#define HAVE_LIBCRYPTO 1
#define HAVE_LIBGMP 1
#define ENABLE_WALLET 1
#define USE_UPNP 0
#define USE_DBUS 1
#define USE_QRCODE 1
#define USE_NUM_GMP 1
#define CLIENT_VERSION_MAJOR 1
#define CLIENT_VERSION_MINOR 0
#define CLIENT_VERSION_REVISION 0
#define CLIENT_VERSION_BUILD 0
#define CLIENT_VERSION_IS_RELEASE true
#define COPYRIGHT_YEAR 2021

configure: exit 0
